2016-07-13 20:44:24,630 0     INFO  [mycodelearn.undergrowth.crawler.mw.sp.HelloWorld] (main:) add document:Document<indexed,tokenized<content:java.io.FileReader@1b68ddbd> stored,indexed,omitNorms,indexOptions=DOCS<path:D:\lucene\sp\helloworld\docs\con1.txt> stored,indexed,tokenized<size:353> stored,indexed,tokenized<name:con1.txt>>
2016-07-13 20:44:24,823 193   INFO  [mycodelearn.undergrowth.crawler.mw.sp.HelloWorld] (main:) add document:Document<indexed,tokenized<content:java.io.FileReader@df27fae> stored,indexed,omitNorms,indexOptions=DOCS<path:D:\lucene\sp\helloworld\docs\con2.txt> stored,indexed,tokenized<size:304> stored,indexed,tokenized<name:con2.txt>>
2016-07-13 21:20:03,756 0     INFO  [mycodelearn.undergrowth.crawler.mw.sp.HelloWorld] (main:) indexPath:D:\lucene\sp\helloworld\index	fieldName:content	searchValue:friend	num:100
2016-07-13 21:20:03,767 11    INFO  [mycodelearn.undergrowth.crawler.mw.sp.HelloWorld] (main:) name:null
2016-07-13 21:22:51,106 0     INFO  [mycodelearn.undergrowth.crawler.mw.sp.HelloWorld] (main:) content:friend
2016-07-13 21:22:51,127 21    INFO  [mycodelearn.undergrowth.crawler.mw.sp.HelloWorld] (main:) indexPath:D:\lucene\sp\helloworld\index	fieldName:content	searchValue:friend	num:100
2016-07-13 21:22:51,136 30    INFO  [mycodelearn.undergrowth.crawler.mw.sp.HelloWorld] (main:) name:con1.txt	path:D:\lucene\sp\helloworld\docs\con1.txt	size:353
2016-07-13 21:25:07,376 0     INFO  [mycodelearn.undergrowth.crawler.mw.sp.HelloWorld] (main:) add document:Document<indexed,tokenized<content:java.io.FileReader@1563da5> stored,indexed,omitNorms,indexOptions=DOCS<path:D:\lucene\sp\helloworld\docs\con1.txt> stored,indexed,tokenized<size:353> stored,indexed,tokenized<name:con1.txt>>
2016-07-13 21:25:07,445 69    INFO  [mycodelearn.undergrowth.crawler.mw.sp.HelloWorld] (main:) add document:Document<indexed,tokenized<content:java.io.FileReader@17211155> stored,indexed,omitNorms,indexOptions=DOCS<path:D:\lucene\sp\helloworld\docs\con2.txt> stored,indexed,tokenized<size:304> stored,indexed,tokenized<name:con2.txt>>
2016-07-13 21:26:52,236 0     INFO  [mycodelearn.undergrowth.crawler.mw.sp.HelloWorld] (main:) add document:Document<indexed,tokenized<content:java.io.FileReader@56aac163> stored,indexed,omitNorms,indexOptions=DOCS<path:D:\lucene\sp\helloworld\docs\con1.txt> stored,indexed,tokenized<size:353> stored,indexed,tokenized<name:con1.txt>>
2016-07-13 21:26:52,357 121   INFO  [mycodelearn.undergrowth.crawler.mw.sp.HelloWorld] (main:) add document:Document<indexed,tokenized<content:java.io.FileReader@954b04f> stored,indexed,omitNorms,indexOptions=DOCS<path:D:\lucene\sp\helloworld\docs\con2.txt> stored,indexed,tokenized<size:304> stored,indexed,tokenized<name:con2.txt>>
2016-07-13 21:26:59,787 0     INFO  [mycodelearn.undergrowth.crawler.mw.sp.HelloWorld] (main:) add document:Document<indexed,tokenized<content:java.io.FileReader@57e1b0c> stored,indexed,omitNorms,indexOptions=DOCS<path:D:\lucene\sp\helloworld\docs\con1.txt> stored,indexed,tokenized<size:353> stored,indexed,tokenized<name:con1.txt>>
2016-07-13 21:26:59,855 68    INFO  [mycodelearn.undergrowth.crawler.mw.sp.HelloWorld] (main:) add document:Document<indexed,tokenized<content:java.io.FileReader@4fcd19b3> stored,indexed,omitNorms,indexOptions=DOCS<path:D:\lucene\sp\helloworld\docs\con2.txt> stored,indexed,tokenized<size:304> stored,indexed,tokenized<name:con2.txt>>
2016-07-13 21:27:08,834 0     INFO  [mycodelearn.undergrowth.crawler.mw.sp.HelloWorld] (main:) content:friend
2016-07-13 21:27:08,856 22    INFO  [mycodelearn.undergrowth.crawler.mw.sp.HelloWorld] (main:) indexPath:D:\lucene\sp\helloworld\index	fieldName:content	searchValue:friend	num:100
2016-07-13 21:27:08,866 32    INFO  [mycodelearn.undergrowth.crawler.mw.sp.HelloWorld] (main:) name:con1.txt	path:D:\lucene\sp\helloworld\docs\con1.txt	size:353
2016-07-13 21:31:16,172 0     INFO  [mycodelearn.undergrowth.crawler.mw.sp.HelloWorld] (main:) add document:Document<indexed,tokenized<content:java.io.FileReader@704a52ec> stored,indexed,omitNorms,indexOptions=DOCS<path:D:\lucene\sp\helloworld\docs\con1.txt> stored,indexed,tokenized<size:353> stored,indexed,tokenized<name:con1.txt>>
2016-07-13 21:31:16,245 73    INFO  [mycodelearn.undergrowth.crawler.mw.sp.HelloWorld] (main:) add document:Document<indexed,tokenized<content:java.io.FileReader@5c18298f> stored,indexed,omitNorms,indexOptions=DOCS<path:D:\lucene\sp\helloworld\docs\con2.txt> stored,indexed,tokenized<size:304> stored,indexed,tokenized<name:con2.txt>>
2016-07-13 21:31:16,606 434   INFO  [mycodelearn.undergrowth.crawler.mw.sp.HelloWorld] (main:) content:friend
2016-07-13 21:31:16,688 516   INFO  [mycodelearn.undergrowth.crawler.mw.sp.HelloWorld] (main:) indexPath:D:\lucene\sp\helloworld\index	fieldName:content	searchValue:friend	num:100
2016-07-13 21:31:16,691 519   INFO  [mycodelearn.undergrowth.crawler.mw.sp.HelloWorld] (main:) name:con1.txt	path:D:\lucene\sp\helloworld\docs\con1.txt	size:353
2016-07-13 21:43:56,306 0     INFO  [mycodelearn.undergrowth.crawler.mw.sp.HelloWorld] (main:) add document:Document<indexed,tokenized<content:java.io.FileReader@704a52ec> stored,indexed,omitNorms,indexOptions=DOCS<path:D:\lucene\sp\helloworld\docs\con1.txt> stored,indexed,tokenized<size:353> stored,indexed,tokenized<name:con1.txt>>
2016-07-13 21:43:56,374 68    INFO  [mycodelearn.undergrowth.crawler.mw.sp.HelloWorld] (main:) add document:Document<indexed,tokenized<content:java.io.FileReader@5c18298f> stored,indexed,omitNorms,indexOptions=DOCS<path:D:\lucene\sp\helloworld\docs\con2.txt> stored,indexed,tokenized<size:304> stored,indexed,tokenized<name:con2.txt>>
2016-07-13 21:43:56,766 460   INFO  [mycodelearn.undergrowth.crawler.mw.sp.HelloWorld] (main:) content:friend
2016-07-13 21:43:56,790 484   INFO  [mycodelearn.undergrowth.crawler.mw.sp.HelloWorld] (main:) indexPath:D:\lucene\sp\helloworld\index	fieldName:content	searchValue:friend	num:100
2016-07-13 21:43:56,792 486   INFO  [mycodelearn.undergrowth.crawler.mw.sp.HelloWorld] (main:) name:con1.txt	path:D:\lucene\sp\helloworld\docs\con1.txt	size:353
2016-07-13 21:49:20,378 1     INFO  [mycodelearn.undergrowth.crawler.mw.sp.HelloWorld] (main:) add document:Document<indexed,tokenized<content:java.io.FileReader@704a52ec> stored,indexed,omitNorms,indexOptions=DOCS<path:D:\lucene\sp\helloworld\docs\con1.txt> stored,indexed,tokenized<size:353> stored,indexed,tokenized<name:con1.txt>>
2016-07-13 21:49:20,444 67    INFO  [mycodelearn.undergrowth.crawler.mw.sp.HelloWorld] (main:) add document:Document<indexed,tokenized<content:java.io.FileReader@5c18298f> stored,indexed,omitNorms,indexOptions=DOCS<path:D:\lucene\sp\helloworld\docs\con2.txt> stored,indexed,tokenized<size:304> stored,indexed,tokenized<name:con2.txt>>
2016-07-13 21:49:20,748 371   INFO  [mycodelearn.undergrowth.crawler.mw.sp.HelloWorld] (main:) content:friend
2016-07-13 21:49:20,769 392   INFO  [mycodelearn.undergrowth.crawler.mw.sp.HelloWorld] (main:) indexPath:D:\lucene\sp\helloworld\index	fieldName:content	searchValue:friend	num:100
2016-07-13 21:49:20,772 395   INFO  [mycodelearn.undergrowth.crawler.mw.sp.HelloWorld] (main:) name:con1.txt	path:D:\lucene\sp\helloworld\docs\con1.txt	size:353	content:null
2016-07-13 22:39:33,642 0     INFO  [mycodelearn.undergrowth.crawler.mw.sp.IndexTool] (main:) add document:Document<stored,indexed,omitNorms,indexOptions=DOCS<id:1> stored,indexed,tokenized<email:undergrowth@126.com> indexed,tokenized<content:java.io.StringReader@76b0bfab> IntPoint <attach:5> stored,indexed,omitNorms,indexOptions=DOCS<id:2> stored,indexed,tokenized<email:undergrowth@163.com> indexed,tokenized<content:java.io.StringReader@17d677df> IntPoint <attach:7> stored,indexed,omitNorms,indexOptions=DOCS<id:3> stored,indexed,tokenized<email:undergrowth@gamil.com> indexed,tokenized<content:java.io.StringReader@3043fe0e> IntPoint <attach:2> stored,indexed,omitNorms,indexOptions=DOCS<id:4> stored,indexed,tokenized<email:undergrowth@qq.com> indexed,tokenized<content:java.io.StringReader@78e67e0a> IntPoint <attach:9> stored,indexed,omitNorms,indexOptions=DOCS<id:5> stored,indexed,tokenized<email:undergrowth@139.com> indexed,tokenized<content:java.io.StringReader@bd8db5a> IntPoint <attach:3>>
2016-07-13 22:41:25,903 0     INFO  [mycodelearn.undergrowth.crawler.mw.sp.IndexTool] (main:) add document:Document<stored,indexed,omitNorms,indexOptions=DOCS<id:1> stored,indexed,tokenized<email:undergrowth@126.com> indexed,tokenized<content:java.io.StringReader@76b0bfab> IntPoint <attach:5>>
2016-07-13 22:41:25,966 63    INFO  [mycodelearn.undergrowth.crawler.mw.sp.IndexTool] (main:) add document:Document<stored,indexed,omitNorms,indexOptions=DOCS<id:2> stored,indexed,tokenized<email:undergrowth@163.com> indexed,tokenized<content:java.io.StringReader@7e9a5fbe> IntPoint <attach:7>>
2016-07-13 22:41:25,967 64    INFO  [mycodelearn.undergrowth.crawler.mw.sp.IndexTool] (main:) add document:Document<stored,indexed,omitNorms,indexOptions=DOCS<id:3> stored,indexed,tokenized<email:undergrowth@gamil.com> indexed,tokenized<content:java.io.StringReader@71623278> IntPoint <attach:2>>
2016-07-13 22:41:25,968 65    INFO  [mycodelearn.undergrowth.crawler.mw.sp.IndexTool] (main:) add document:Document<stored,indexed,omitNorms,indexOptions=DOCS<id:4> stored,indexed,tokenized<email:undergrowth@qq.com> indexed,tokenized<content:java.io.StringReader@5a4041cc> IntPoint <attach:9>>
2016-07-13 22:41:25,969 66    INFO  [mycodelearn.undergrowth.crawler.mw.sp.IndexTool] (main:) add document:Document<stored,indexed,omitNorms,indexOptions=DOCS<id:5> stored,indexed,tokenized<email:undergrowth@139.com> indexed,tokenized<content:java.io.StringReader@61ca2dfa> IntPoint <attach:3>>
2016-07-13 22:41:39,981 0     INFO  [mycodelearn.undergrowth.crawler.mw.sp.IndexTool] (main:) content:friend
2016-07-13 22:41:39,996 15    INFO  [mycodelearn.undergrowth.crawler.mw.sp.IndexTool] (main:) indexPath:D:\lucene\sp\helloworld\index	fieldName:content	searchValue:friend	num:100
2016-07-13 22:42:53,513 0     INFO  [mycodelearn.undergrowth.crawler.mw.sp.IndexTool] (main:) add document:Document<stored,indexed,omitNorms,indexOptions=DOCS<id:1> stored,indexed,tokenized<email:undergrowth@126.com> indexed,tokenized<content:java.io.StringReader@17579e0f> IntPoint <attach:5>>
2016-07-13 22:42:53,578 65    INFO  [mycodelearn.undergrowth.crawler.mw.sp.IndexTool] (main:) add document:Document<stored,indexed,omitNorms,indexOptions=DOCS<id:2> stored,indexed,tokenized<email:undergrowth@163.com> indexed,tokenized<content:java.io.StringReader@2fd66ad3> IntPoint <attach:7>>
2016-07-13 22:42:53,579 66    INFO  [mycodelearn.undergrowth.crawler.mw.sp.IndexTool] (main:) add document:Document<stored,indexed,omitNorms,indexOptions=DOCS<id:3> stored,indexed,tokenized<email:undergrowth@gamil.com> indexed,tokenized<content:java.io.StringReader@7a36aefa> IntPoint <attach:2>>
2016-07-13 22:42:53,580 67    INFO  [mycodelearn.undergrowth.crawler.mw.sp.IndexTool] (main:) add document:Document<stored,indexed,omitNorms,indexOptions=DOCS<id:4> stored,indexed,tokenized<email:undergrowth@qq.com> indexed,tokenized<content:java.io.StringReader@b3d7190> IntPoint <attach:9>>
2016-07-13 22:42:53,581 68    INFO  [mycodelearn.undergrowth.crawler.mw.sp.IndexTool] (main:) add document:Document<stored,indexed,omitNorms,indexOptions=DOCS<id:5> stored,indexed,tokenized<email:undergrowth@139.com> indexed,tokenized<content:java.io.StringReader@10d59286> IntPoint <attach:3>>
2016-07-13 22:43:03,469 0     INFO  [mycodelearn.undergrowth.crawler.mw.sp.IndexTool] (main:) content:friend
2016-07-13 22:43:03,507 38    INFO  [mycodelearn.undergrowth.crawler.mw.sp.IndexTool] (main:) indexPath:D:\lucene\sp\indextool\index	fieldName:content	searchValue:friend	num:100
2016-07-13 22:43:40,947 0     INFO  [mycodelearn.undergrowth.crawler.mw.sp.IndexTool] (main:) content:tencent
2016-07-13 22:43:40,968 21    INFO  [mycodelearn.undergrowth.crawler.mw.sp.IndexTool] (main:) indexPath:D:\lucene\sp\indextool\index	fieldName:content	searchValue:tencent	num:100
2016-07-13 22:43:40,981 34    INFO  [mycodelearn.undergrowth.crawler.mw.sp.IndexTool] (main:) id:4	email:undergrowth@qq.com	content:null	attach:null
