2016-09-20 09:05:10,536 0     DEBUG [org.apache.http.impl.conn.BasicClientConnectionManager] (main:) Get connection for route {}->http://www.jujucloud.com:80
2016-09-20 09:05:10,585 49    DEBUG [org.apache.http.impl.conn.DefaultClientConnectionOperator] (main:) Connecting to www.jujucloud.com:80
2016-09-20 09:05:10,678 142   DEBUG [org.apache.http.client.protocol.RequestAddCookies] (main:) CookieSpec selected: default
2016-09-20 09:05:10,684 148   DEBUG [org.apache.http.client.protocol.RequestAuthCache] (main:) Auth cache not set in the context
2016-09-20 09:05:10,686 150   DEBUG [org.apache.http.client.protocol.RequestTargetAuthentication] (main:) Target auth state: UNCHALLENGED
2016-09-20 09:05:10,690 154   DEBUG [org.apache.http.client.protocol.RequestProxyAuthentication] (main:) Proxy auth state: UNCHALLENGED
2016-09-20 09:05:10,693 157   DEBUG [org.apache.http.impl.client.DefaultHttpClient] (main:) Attempt 1 to execute request
2016-09-20 09:05:10,695 159   DEBUG [org.apache.http.impl.conn.DefaultClientConnection] (main:) Sending request: GET /company/mobile/login.json?fn=loginByTel&token=40AF71CBE506B956F3740E54E4E21972&tel=111111 HTTP/1.1
2016-09-20 09:05:10,699 163   DEBUG [org.apache.http.wire] (main:)  >> "GET /company/mobile/login.json?fn=loginByTel&token=40AF71CBE506B956F3740E54E4E21972&tel=111111 HTTP/1.1[\r][\n]"
2016-09-20 09:05:10,704 168   DEBUG [org.apache.http.wire] (main:)  >> "Host: www.jujucloud.com[\r][\n]"
2016-09-20 09:05:10,707 171   DEBUG [org.apache.http.wire] (main:)  >> "Connection: Keep-Alive[\r][\n]"
2016-09-20 09:05:10,710 174   DEBUG [org.apache.http.wire] (main:)  >> "User-Agent: Apache-HttpClient/4.5.1 (Java/1.8.0_65)[\r][\n]"
2016-09-20 09:05:10,713 177   DEBUG [org.apache.http.wire] (main:)  >> "[\r][\n]"
2016-09-20 09:05:10,716 180   DEBUG [org.apache.http.headers] (main:) >> GET /company/mobile/login.json?fn=loginByTel&token=40AF71CBE506B956F3740E54E4E21972&tel=111111 HTTP/1.1
2016-09-20 09:05:10,718 182   DEBUG [org.apache.http.headers] (main:) >> Host: www.jujucloud.com
2016-09-20 09:05:10,721 185   DEBUG [org.apache.http.headers] (main:) >> Connection: Keep-Alive
2016-09-20 09:05:10,723 187   DEBUG [org.apache.http.headers] (main:) >> User-Agent: Apache-HttpClient/4.5.1 (Java/1.8.0_65)
2016-09-20 09:05:10,769 233   DEBUG [org.apache.http.wire] (main:)  << "HTTP/1.1 200 OK[\r][\n]"
2016-09-20 09:05:10,809 273   DEBUG [org.apache.http.wire] (main:)  << "Server: nginx/1.6.2[\r][\n]"
2016-09-20 09:05:10,820 284   DEBUG [org.apache.http.wire] (main:)  << "Date: Tue, 20 Sep 2016 01:05:21 GMT[\r][\n]"
2016-09-20 09:05:10,831 295   DEBUG [org.apache.http.wire] (main:)  << "Content-Type: application/json;charset=UTF-8[\r][\n]"
2016-09-20 09:05:10,841 305   DEBUG [org.apache.http.wire] (main:)  << "Transfer-Encoding: chunked[\r][\n]"
2016-09-20 09:05:10,846 310   DEBUG [org.apache.http.wire] (main:)  << "Connection: keep-alive[\r][\n]"
2016-09-20 09:05:10,852 316   DEBUG [org.apache.http.wire] (main:)  << "Vary: Accept-Encoding[\r][\n]"
2016-09-20 09:05:10,857 321   DEBUG [org.apache.http.wire] (main:)  << "P3P: CP: "CAO PSA OUR"[\r][\n]"
2016-09-20 09:05:10,863 327   DEBUG [org.apache.http.wire] (main:)  << "Set-Cookie: JSESSIONID=25BB7EF6DCC11BAE09E6CA4526AEF80B-n1; Path=/company[\r][\n]"
2016-09-20 09:05:10,869 333   DEBUG [org.apache.http.wire] (main:)  << "Cache-Control: no-store[\r][\n]"
2016-09-20 09:05:10,873 337   DEBUG [org.apache.http.wire] (main:)  << "Pragma: no-cache[\r][\n]"
2016-09-20 09:05:10,876 340   DEBUG [org.apache.http.wire] (main:)  << "Cache-Control: no-cache, no-store, max-age=0[\r][\n]"
2016-09-20 09:05:10,879 343   DEBUG [org.apache.http.wire] (main:)  << "Expires: Thu, 01 Jan 1970 00:00:00 GMT[\r][\n]"
2016-09-20 09:05:10,882 346   DEBUG [org.apache.http.wire] (main:)  << "Content-Language: en-US[\r][\n]"
2016-09-20 09:05:10,885 349   DEBUG [org.apache.http.wire] (main:)  << "[\r][\n]"
2016-09-20 09:05:10,889 353   DEBUG [org.apache.http.impl.conn.DefaultClientConnection] (main:) Receiving response: HTTP/1.1 200 OK
2016-09-20 09:05:10,892 356   DEBUG [org.apache.http.headers] (main:) << HTTP/1.1 200 OK
2016-09-20 09:05:10,894 358   DEBUG [org.apache.http.headers] (main:) << Server: nginx/1.6.2
2016-09-20 09:05:10,897 361   DEBUG [org.apache.http.headers] (main:) << Date: Tue, 20 Sep 2016 01:05:21 GMT
2016-09-20 09:05:10,900 364   DEBUG [org.apache.http.headers] (main:) << Content-Type: application/json;charset=UTF-8
2016-09-20 09:05:10,902 366   DEBUG [org.apache.http.headers] (main:) << Transfer-Encoding: chunked
2016-09-20 09:05:10,905 369   DEBUG [org.apache.http.headers] (main:) << Connection: keep-alive
2016-09-20 09:05:10,908 372   DEBUG [org.apache.http.headers] (main:) << Vary: Accept-Encoding
2016-09-20 09:05:10,910 374   DEBUG [org.apache.http.headers] (main:) << P3P: CP: "CAO PSA OUR"
2016-09-20 09:05:10,913 377   DEBUG [org.apache.http.headers] (main:) << Set-Cookie: JSESSIONID=25BB7EF6DCC11BAE09E6CA4526AEF80B-n1; Path=/company
2016-09-20 09:05:10,915 379   DEBUG [org.apache.http.headers] (main:) << Cache-Control: no-store
2016-09-20 09:05:10,918 382   DEBUG [org.apache.http.headers] (main:) << Pragma: no-cache
2016-09-20 09:05:10,920 384   DEBUG [org.apache.http.headers] (main:) << Cache-Control: no-cache, no-store, max-age=0
2016-09-20 09:05:10,923 387   DEBUG [org.apache.http.headers] (main:) << Expires: Thu, 01 Jan 1970 00:00:00 GMT
2016-09-20 09:05:10,926 390   DEBUG [org.apache.http.headers] (main:) << Content-Language: en-US
2016-09-20 09:05:10,947 411   DEBUG [org.apache.http.client.protocol.ResponseProcessCookies] (main:) Cookie accepted [JSESSIONID="25BB7EF6DCC11BAE09E6CA4526AEF80B-n1", version:0, domain:www.jujucloud.com, path:/company, expiry:null]
2016-09-20 09:05:10,962 426   DEBUG [org.apache.http.impl.client.DefaultHttpClient] (main:) Connection can be kept alive indefinitely
2016-09-20 09:06:26,319 75783 DEBUG [org.apache.http.wire] (main:)  << "33[\r][\n]"
2016-09-20 09:06:26,335 75799 DEBUG [org.apache.http.wire] (main:)  << "{"data":null,"msg":"TEL_NOT_FOUND","success":false}"
2016-09-20 09:06:26,344 75808 DEBUG [org.apache.http.wire] (main:)  << "[\r][\n]"
2016-09-20 09:06:26,352 75816 DEBUG [org.apache.http.wire] (main:)  << "0[\r][\n]"
2016-09-20 09:06:26,359 75823 DEBUG [org.apache.http.wire] (main:)  << "[\r][\n]"
2016-09-20 09:06:26,364 75828 DEBUG [org.apache.http.impl.conn.BasicClientConnectionManager] (main:) Releasing connection org.apache.http.impl.conn.ManagedClientConnectionImpl@19932c16
2016-09-20 09:06:26,368 75832 DEBUG [org.apache.http.impl.conn.BasicClientConnectionManager] (main:) Connection can be kept alive indefinitely
2016-09-20 09:09:32,869 262333 DEBUG [org.apache.http.impl.conn.BasicClientConnectionManager] (main:) Get connection for route {}->http://www.jujucloud.com:80
2016-09-20 09:09:32,886 262350 DEBUG [org.apache.http.impl.client.DefaultHttpClient] (main:) Stale connection check
2016-09-20 09:09:32,892 262356 DEBUG [org.apache.http.impl.client.DefaultHttpClient] (main:) Stale connection detected
2016-09-20 09:09:32,897 262361 DEBUG [org.apache.http.impl.conn.DefaultClientConnection] (main:) Connection 0.0.0.0:64583<->114.67.23.134:80 closed
2016-09-20 09:09:32,902 262366 DEBUG [org.apache.http.impl.conn.DefaultClientConnectionOperator] (main:) Connecting to www.jujucloud.com:80
2016-09-20 09:09:32,925 262389 DEBUG [org.apache.http.client.protocol.RequestAddCookies] (main:) CookieSpec selected: default
2016-09-20 09:09:32,930 262394 DEBUG [org.apache.http.client.protocol.RequestAddCookies] (main:) Cookie [version: 0][name: JSESSIONID][value: 25BB7EF6DCC11BAE09E6CA4526AEF80B-n1][domain: www.jujucloud.com][path: /company][expiry: null] match [www.jujucloud.com:80/company/mobile/attence/operate.do]
2016-09-20 09:09:32,939 262403 DEBUG [org.apache.http.client.protocol.RequestAuthCache] (main:) Auth cache not set in the context
2016-09-20 09:09:32,945 262409 DEBUG [org.apache.http.client.protocol.RequestTargetAuthentication] (main:) Target auth state: UNCHALLENGED
2016-09-20 09:09:32,950 262414 DEBUG [org.apache.http.client.protocol.RequestProxyAuthentication] (main:) Proxy auth state: UNCHALLENGED
2016-09-20 09:09:32,954 262418 DEBUG [org.apache.http.impl.client.DefaultHttpClient] (main:) Attempt 1 to execute request
2016-09-20 09:09:32,957 262421 DEBUG [org.apache.http.impl.conn.DefaultClientConnection] (main:) Sending request: POST /company/mobile/attence/operate.do?op=save HTTP/1.1
2016-09-20 09:09:32,960 262424 DEBUG [org.apache.http.wire] (main:)  >> "POST /company/mobile/attence/operate.do?op=save HTTP/1.1[\r][\n]"
2016-09-20 09:09:32,963 262427 DEBUG [org.apache.http.wire] (main:)  >> "Content-Type: application/x-www-form-urlencoded; charset=UTF-8[\r][\n]"
2016-09-20 09:09:32,966 262430 DEBUG [org.apache.http.wire] (main:)  >> "Content-Length: 72[\r][\n]"
2016-09-20 09:09:32,969 262433 DEBUG [org.apache.http.wire] (main:)  >> "Host: www.jujucloud.com[\r][\n]"
2016-09-20 09:09:32,972 262436 DEBUG [org.apache.http.wire] (main:)  >> "Connection: Keep-Alive[\r][\n]"
2016-09-20 09:09:32,975 262439 DEBUG [org.apache.http.wire] (main:)  >> "User-Agent: Apache-HttpClient/4.5.1 (Java/1.8.0_65)[\r][\n]"
2016-09-20 09:09:32,978 262442 DEBUG [org.apache.http.wire] (main:)  >> "Cookie: JSESSIONID=25BB7EF6DCC11BAE09E6CA4526AEF80B-n1[\r][\n]"
2016-09-20 09:09:32,980 262444 DEBUG [org.apache.http.wire] (main:)  >> "[\r][\n]"
2016-09-20 09:09:32,983 262447 DEBUG [org.apache.http.headers] (main:) >> POST /company/mobile/attence/operate.do?op=save HTTP/1.1
2016-09-20 09:09:32,986 262450 DEBUG [org.apache.http.headers] (main:) >> Content-Type: application/x-www-form-urlencoded; charset=UTF-8
2016-09-20 09:09:32,988 262452 DEBUG [org.apache.http.headers] (main:) >> Content-Length: 72
2016-09-20 09:09:32,991 262455 DEBUG [org.apache.http.headers] (main:) >> Host: www.jujucloud.com
2016-09-20 09:09:32,993 262457 DEBUG [org.apache.http.headers] (main:) >> Connection: Keep-Alive
2016-09-20 09:09:32,998 262462 DEBUG [org.apache.http.headers] (main:) >> User-Agent: Apache-HttpClient/4.5.1 (Java/1.8.0_65)
2016-09-20 09:09:33,001 262465 DEBUG [org.apache.http.headers] (main:) >> Cookie: JSESSIONID=25BB7EF6DCC11BAE09E6CA4526AEF80B-n1
2016-09-20 09:09:33,004 262468 DEBUG [org.apache.http.wire] (main:)  >> "type=0&posX=113.363736&posY=23.141278&remark=&address=%E5%85%AC%E5%8F%B8"
2016-09-20 09:09:33,047 262511 DEBUG [org.apache.http.wire] (main:)  << "HTTP/1.1 403 Forbidden[\r][\n]"
2016-09-20 09:09:33,059 262523 DEBUG [org.apache.http.wire] (main:)  << "Server: nginx/1.6.2[\r][\n]"
2016-09-20 09:09:33,073 262537 DEBUG [org.apache.http.wire] (main:)  << "Date: Tue, 20 Sep 2016 01:09:43 GMT[\r][\n]"
2016-09-20 09:09:33,086 262550 DEBUG [org.apache.http.wire] (main:)  << "Content-Type: text/html;charset=utf-8[\r][\n]"
2016-09-20 09:09:33,100 262564 DEBUG [org.apache.http.wire] (main:)  << "Content-Length: 964[\r][\n]"
2016-09-20 09:09:33,107 262571 DEBUG [org.apache.http.wire] (main:)  << "Connection: keep-alive[\r][\n]"
2016-09-20 09:09:33,111 262575 DEBUG [org.apache.http.wire] (main:)  << "P3P: CP: "CAO PSA OUR"[\r][\n]"
2016-09-20 09:09:33,116 262580 DEBUG [org.apache.http.wire] (main:)  << "[\r][\n]"
2016-09-20 09:09:33,121 262585 DEBUG [org.apache.http.impl.conn.DefaultClientConnection] (main:) Receiving response: HTTP/1.1 403 Forbidden
2016-09-20 09:09:33,125 262589 DEBUG [org.apache.http.headers] (main:) << HTTP/1.1 403 Forbidden
2016-09-20 09:09:33,129 262593 DEBUG [org.apache.http.headers] (main:) << Server: nginx/1.6.2
2016-09-20 09:09:33,133 262597 DEBUG [org.apache.http.headers] (main:) << Date: Tue, 20 Sep 2016 01:09:43 GMT
2016-09-20 09:09:33,137 262601 DEBUG [org.apache.http.headers] (main:) << Content-Type: text/html;charset=utf-8
2016-09-20 09:09:33,140 262604 DEBUG [org.apache.http.headers] (main:) << Content-Length: 964
2016-09-20 09:09:33,144 262608 DEBUG [org.apache.http.headers] (main:) << Connection: keep-alive
2016-09-20 09:09:33,148 262612 DEBUG [org.apache.http.headers] (main:) << P3P: CP: "CAO PSA OUR"
2016-09-20 09:09:33,153 262617 DEBUG [org.apache.http.impl.client.DefaultHttpClient] (main:) Connection can be kept alive indefinitely
2016-09-20 09:12:03,407 0     DEBUG [org.apache.http.impl.conn.BasicClientConnectionManager] (main:) Get connection for route {}->http://www.jujucloud.com:80
2016-09-20 09:12:03,448 41    DEBUG [org.apache.http.impl.conn.DefaultClientConnectionOperator] (main:) Connecting to www.jujucloud.com:80
2016-09-20 09:12:04,565 1158  DEBUG [org.apache.http.client.protocol.RequestAddCookies] (main:) CookieSpec selected: default
2016-09-20 09:12:04,570 1163  DEBUG [org.apache.http.client.protocol.RequestAuthCache] (main:) Auth cache not set in the context
2016-09-20 09:12:04,572 1165  DEBUG [org.apache.http.client.protocol.RequestTargetAuthentication] (main:) Target auth state: UNCHALLENGED
2016-09-20 09:12:04,576 1169  DEBUG [org.apache.http.client.protocol.RequestProxyAuthentication] (main:) Proxy auth state: UNCHALLENGED
2016-09-20 09:12:04,579 1172  DEBUG [org.apache.http.impl.client.DefaultHttpClient] (main:) Attempt 1 to execute request
2016-09-20 09:12:04,581 1174  DEBUG [org.apache.http.impl.conn.DefaultClientConnection] (main:) Sending request: GET /company/mobile/login.json?fn=loginByTel&token=892DAE64713308D578C30A935B858957&tel=123456 HTTP/1.1
2016-09-20 09:12:04,584 1177  DEBUG [org.apache.http.wire] (main:)  >> "GET /company/mobile/login.json?fn=loginByTel&token=892DAE64713308D578C30A935B858957&tel=123456 HTTP/1.1[\r][\n]"
2016-09-20 09:12:04,590 1183  DEBUG [org.apache.http.wire] (main:)  >> "Host: www.jujucloud.com[\r][\n]"
2016-09-20 09:12:04,592 1185  DEBUG [org.apache.http.wire] (main:)  >> "Connection: Keep-Alive[\r][\n]"
2016-09-20 09:12:04,595 1188  DEBUG [org.apache.http.wire] (main:)  >> "User-Agent: Apache-HttpClient/4.5.1 (Java/1.8.0_65)[\r][\n]"
2016-09-20 09:12:04,598 1191  DEBUG [org.apache.http.wire] (main:)  >> "[\r][\n]"
2016-09-20 09:12:04,601 1194  DEBUG [org.apache.http.headers] (main:) >> GET /company/mobile/login.json?fn=loginByTel&token=892DAE64713308D578C30A935B858957&tel=123456 HTTP/1.1
2016-09-20 09:12:04,603 1196  DEBUG [org.apache.http.headers] (main:) >> Host: www.jujucloud.com
2016-09-20 09:12:04,606 1199  DEBUG [org.apache.http.headers] (main:) >> Connection: Keep-Alive
2016-09-20 09:12:04,608 1201  DEBUG [org.apache.http.headers] (main:) >> User-Agent: Apache-HttpClient/4.5.1 (Java/1.8.0_65)
2016-09-20 09:12:04,663 1256  DEBUG [org.apache.http.wire] (main:)  << "HTTP/1.1 200 OK[\r][\n]"
2016-09-20 09:12:04,687 1280  DEBUG [org.apache.http.wire] (main:)  << "Server: nginx/1.6.2[\r][\n]"
2016-09-20 09:12:04,694 1287  DEBUG [org.apache.http.wire] (main:)  << "Date: Tue, 20 Sep 2016 01:12:15 GMT[\r][\n]"
2016-09-20 09:12:04,698 1291  DEBUG [org.apache.http.wire] (main:)  << "Content-Type: application/json;charset=UTF-8[\r][\n]"
2016-09-20 09:12:04,703 1296  DEBUG [org.apache.http.wire] (main:)  << "Transfer-Encoding: chunked[\r][\n]"
2016-09-20 09:12:04,707 1300  DEBUG [org.apache.http.wire] (main:)  << "Connection: keep-alive[\r][\n]"
2016-09-20 09:12:04,712 1305  DEBUG [org.apache.http.wire] (main:)  << "Vary: Accept-Encoding[\r][\n]"
2016-09-20 09:12:04,716 1309  DEBUG [org.apache.http.wire] (main:)  << "P3P: CP: "CAO PSA OUR"[\r][\n]"
2016-09-20 09:12:04,721 1314  DEBUG [org.apache.http.wire] (main:)  << "Set-Cookie: JSESSIONID=37FE740A6E86CEB5827671DDE3BDC9CF-n1; Path=/company[\r][\n]"
2016-09-20 09:12:04,724 1317  DEBUG [org.apache.http.wire] (main:)  << "Cache-Control: no-store[\r][\n]"
2016-09-20 09:12:04,727 1320  DEBUG [org.apache.http.wire] (main:)  << "Pragma: no-cache[\r][\n]"
2016-09-20 09:12:04,730 1323  DEBUG [org.apache.http.wire] (main:)  << "Cache-Control: no-cache, no-store, max-age=0[\r][\n]"
2016-09-20 09:12:04,735 1328  DEBUG [org.apache.http.wire] (main:)  << "Expires: Thu, 01 Jan 1970 00:00:00 GMT[\r][\n]"
2016-09-20 09:12:04,738 1331  DEBUG [org.apache.http.wire] (main:)  << "Content-Language: en-US[\r][\n]"
2016-09-20 09:12:04,741 1334  DEBUG [org.apache.http.wire] (main:)  << "[\r][\n]"
2016-09-20 09:12:04,745 1338  DEBUG [org.apache.http.impl.conn.DefaultClientConnection] (main:) Receiving response: HTTP/1.1 200 OK
2016-09-20 09:12:04,747 1340  DEBUG [org.apache.http.headers] (main:) << HTTP/1.1 200 OK
2016-09-20 09:12:04,751 1344  DEBUG [org.apache.http.headers] (main:) << Server: nginx/1.6.2
2016-09-20 09:12:04,753 1346  DEBUG [org.apache.http.headers] (main:) << Date: Tue, 20 Sep 2016 01:12:15 GMT
2016-09-20 09:12:04,756 1349  DEBUG [org.apache.http.headers] (main:) << Content-Type: application/json;charset=UTF-8
2016-09-20 09:12:04,758 1351  DEBUG [org.apache.http.headers] (main:) << Transfer-Encoding: chunked
2016-09-20 09:12:04,760 1353  DEBUG [org.apache.http.headers] (main:) << Connection: keep-alive
2016-09-20 09:12:04,763 1356  DEBUG [org.apache.http.headers] (main:) << Vary: Accept-Encoding
2016-09-20 09:12:04,765 1358  DEBUG [org.apache.http.headers] (main:) << P3P: CP: "CAO PSA OUR"
2016-09-20 09:12:04,768 1361  DEBUG [org.apache.http.headers] (main:) << Set-Cookie: JSESSIONID=37FE740A6E86CEB5827671DDE3BDC9CF-n1; Path=/company
2016-09-20 09:12:04,771 1364  DEBUG [org.apache.http.headers] (main:) << Cache-Control: no-store
2016-09-20 09:12:04,773 1366  DEBUG [org.apache.http.headers] (main:) << Pragma: no-cache
2016-09-20 09:12:04,776 1369  DEBUG [org.apache.http.headers] (main:) << Cache-Control: no-cache, no-store, max-age=0
2016-09-20 09:12:04,778 1371  DEBUG [org.apache.http.headers] (main:) << Expires: Thu, 01 Jan 1970 00:00:00 GMT
2016-09-20 09:12:04,781 1374  DEBUG [org.apache.http.headers] (main:) << Content-Language: en-US
2016-09-20 09:12:04,801 1394  DEBUG [org.apache.http.client.protocol.ResponseProcessCookies] (main:) Cookie accepted [JSESSIONID="37FE740A6E86CEB5827671DDE3BDC9CF-n1", version:0, domain:www.jujucloud.com, path:/company, expiry:null]
2016-09-20 09:12:04,816 1409  DEBUG [org.apache.http.impl.client.DefaultHttpClient] (main:) Connection can be kept alive indefinitely
2016-09-20 09:12:21,090 17683 DEBUG [org.apache.http.wire] (main:)  << "33[\r][\n]"
2016-09-20 09:12:21,101 17694 DEBUG [org.apache.http.wire] (main:)  << "{"data":null,"msg":"TEL_NOT_FOUND","success":false}"
2016-09-20 09:12:21,110 17703 DEBUG [org.apache.http.wire] (main:)  << "[\r][\n]"
2016-09-20 09:12:21,122 17715 DEBUG [org.apache.http.wire] (main:)  << "0[\r][\n]"
2016-09-20 09:12:21,132 17725 DEBUG [org.apache.http.wire] (main:)  << "[\r][\n]"
2016-09-20 09:12:21,143 17736 DEBUG [org.apache.http.impl.conn.BasicClientConnectionManager] (main:) Releasing connection org.apache.http.impl.conn.ManagedClientConnectionImpl@19932c16
2016-09-20 09:12:21,153 17746 DEBUG [org.apache.http.impl.conn.BasicClientConnectionManager] (main:) Connection can be kept alive indefinitely
2016-09-20 09:12:55,517 52110 DEBUG [org.apache.http.impl.conn.BasicClientConnectionManager] (main:) Get connection for route {}->http://www.jujucloud.com:80
2016-09-20 09:12:55,542 52135 DEBUG [org.apache.http.impl.client.DefaultHttpClient] (main:) Stale connection check
2016-09-20 09:12:55,548 52141 DEBUG [org.apache.http.client.protocol.RequestAddCookies] (main:) CookieSpec selected: default
2016-09-20 09:12:55,552 52145 DEBUG [org.apache.http.client.protocol.RequestAddCookies] (main:) Cookie [version: 0][name: JSESSIONID][value: 37FE740A6E86CEB5827671DDE3BDC9CF-n1][domain: www.jujucloud.com][path: /company][expiry: null] match [www.jujucloud.com:80/company/mobile/attence/operate.do]
2016-09-20 09:12:55,560 52153 DEBUG [org.apache.http.client.protocol.RequestAuthCache] (main:) Auth cache not set in the context
2016-09-20 09:12:55,564 52157 DEBUG [org.apache.http.client.protocol.RequestTargetAuthentication] (main:) Target auth state: UNCHALLENGED
2016-09-20 09:12:55,571 52164 DEBUG [org.apache.http.client.protocol.RequestProxyAuthentication] (main:) Proxy auth state: UNCHALLENGED
2016-09-20 09:12:55,575 52168 DEBUG [org.apache.http.impl.client.DefaultHttpClient] (main:) Attempt 1 to execute request
2016-09-20 09:12:55,578 52171 DEBUG [org.apache.http.impl.conn.DefaultClientConnection] (main:) Sending request: POST /company/mobile/attence/operate.do?op=save HTTP/1.1
2016-09-20 09:12:55,581 52174 DEBUG [org.apache.http.wire] (main:)  >> "POST /company/mobile/attence/operate.do?op=save HTTP/1.1[\r][\n]"
2016-09-20 09:12:55,585 52178 DEBUG [org.apache.http.wire] (main:)  >> "Content-Type: application/x-www-form-urlencoded; charset=UTF-8[\r][\n]"
2016-09-20 09:12:55,590 52183 DEBUG [org.apache.http.wire] (main:)  >> "Content-Length: 72[\r][\n]"
2016-09-20 09:12:55,594 52187 DEBUG [org.apache.http.wire] (main:)  >> "Host: www.jujucloud.com[\r][\n]"
2016-09-20 09:12:55,599 52192 DEBUG [org.apache.http.wire] (main:)  >> "Connection: Keep-Alive[\r][\n]"
2016-09-20 09:12:55,604 52197 DEBUG [org.apache.http.wire] (main:)  >> "User-Agent: Apache-HttpClient/4.5.1 (Java/1.8.0_65)[\r][\n]"
2016-09-20 09:12:55,607 52200 DEBUG [org.apache.http.wire] (main:)  >> "Cookie: JSESSIONID=37FE740A6E86CEB5827671DDE3BDC9CF-n1[\r][\n]"
2016-09-20 09:12:55,610 52203 DEBUG [org.apache.http.wire] (main:)  >> "[\r][\n]"
2016-09-20 09:12:55,615 52208 DEBUG [org.apache.http.headers] (main:) >> POST /company/mobile/attence/operate.do?op=save HTTP/1.1
2016-09-20 09:12:55,618 52211 DEBUG [org.apache.http.headers] (main:) >> Content-Type: application/x-www-form-urlencoded; charset=UTF-8
2016-09-20 09:12:55,621 52214 DEBUG [org.apache.http.headers] (main:) >> Content-Length: 72
2016-09-20 09:12:55,623 52216 DEBUG [org.apache.http.headers] (main:) >> Host: www.jujucloud.com
2016-09-20 09:12:55,626 52219 DEBUG [org.apache.http.headers] (main:) >> Connection: Keep-Alive
2016-09-20 09:12:55,629 52222 DEBUG [org.apache.http.headers] (main:) >> User-Agent: Apache-HttpClient/4.5.1 (Java/1.8.0_65)
2016-09-20 09:12:55,632 52225 DEBUG [org.apache.http.headers] (main:) >> Cookie: JSESSIONID=37FE740A6E86CEB5827671DDE3BDC9CF-n1
2016-09-20 09:12:55,635 52228 DEBUG [org.apache.http.wire] (main:)  >> "type=0&posX=113.363736&posY=23.141278&remark=&address=%E5%85%AC%E5%8F%B8"
2016-09-20 09:12:55,666 52259 DEBUG [org.apache.http.wire] (main:)  << "HTTP/1.1 403 Forbidden[\r][\n]"
2016-09-20 09:12:55,671 52264 DEBUG [org.apache.http.wire] (main:)  << "Server: nginx/1.6.2[\r][\n]"
2016-09-20 09:12:55,677 52270 DEBUG [org.apache.http.wire] (main:)  << "Date: Tue, 20 Sep 2016 01:13:06 GMT[\r][\n]"
2016-09-20 09:12:55,682 52275 DEBUG [org.apache.http.wire] (main:)  << "Content-Type: text/html;charset=utf-8[\r][\n]"
2016-09-20 09:12:55,687 52280 DEBUG [org.apache.http.wire] (main:)  << "Content-Length: 964[\r][\n]"
2016-09-20 09:12:55,692 52285 DEBUG [org.apache.http.wire] (main:)  << "Connection: keep-alive[\r][\n]"
2016-09-20 09:12:55,696 52289 DEBUG [org.apache.http.wire] (main:)  << "P3P: CP: "CAO PSA OUR"[\r][\n]"
2016-09-20 09:12:55,699 52292 DEBUG [org.apache.http.wire] (main:)  << "[\r][\n]"
2016-09-20 09:12:55,701 52294 DEBUG [org.apache.http.impl.conn.DefaultClientConnection] (main:) Receiving response: HTTP/1.1 403 Forbidden
2016-09-20 09:12:55,706 52299 DEBUG [org.apache.http.headers] (main:) << HTTP/1.1 403 Forbidden
2016-09-20 09:12:55,708 52301 DEBUG [org.apache.http.headers] (main:) << Server: nginx/1.6.2
2016-09-20 09:12:55,711 52304 DEBUG [org.apache.http.headers] (main:) << Date: Tue, 20 Sep 2016 01:13:06 GMT
2016-09-20 09:12:55,714 52307 DEBUG [org.apache.http.headers] (main:) << Content-Type: text/html;charset=utf-8
2016-09-20 09:12:55,717 52310 DEBUG [org.apache.http.headers] (main:) << Content-Length: 964
2016-09-20 09:12:55,719 52312 DEBUG [org.apache.http.headers] (main:) << Connection: keep-alive
2016-09-20 09:12:55,724 52317 DEBUG [org.apache.http.headers] (main:) << P3P: CP: "CAO PSA OUR"
2016-09-20 09:12:55,735 52328 DEBUG [org.apache.http.impl.client.DefaultHttpClient] (main:) Connection can be kept alive indefinitely
2016-09-20 09:13:43,497 0     DEBUG [org.apache.http.impl.conn.BasicClientConnectionManager] (main:) Get connection for route {}->http://www.jujucloud.com:80
2016-09-20 09:13:43,540 43    DEBUG [org.apache.http.impl.conn.DefaultClientConnectionOperator] (main:) Connecting to www.jujucloud.com:80
2016-09-20 09:13:43,615 118   DEBUG [org.apache.http.client.protocol.RequestAddCookies] (main:) CookieSpec selected: default
2016-09-20 09:13:43,620 123   DEBUG [org.apache.http.client.protocol.RequestAuthCache] (main:) Auth cache not set in the context
2016-09-20 09:13:43,623 126   DEBUG [org.apache.http.client.protocol.RequestTargetAuthentication] (main:) Target auth state: UNCHALLENGED
2016-09-20 09:13:43,627 130   DEBUG [org.apache.http.client.protocol.RequestProxyAuthentication] (main:) Proxy auth state: UNCHALLENGED
2016-09-20 09:13:43,630 133   DEBUG [org.apache.http.impl.client.DefaultHttpClient] (main:) Attempt 1 to execute request
2016-09-20 09:13:43,633 136   DEBUG [org.apache.http.impl.conn.DefaultClientConnection] (main:) Sending request: GET /company/mobile/login.json?fn=loginByTel&token=32AF94FB6210904B1E39C46512BF6FB2&tel=13829762945 HTTP/1.1
2016-09-20 09:13:43,636 139   DEBUG [org.apache.http.wire] (main:)  >> "GET /company/mobile/login.json?fn=loginByTel&token=32AF94FB6210904B1E39C46512BF6FB2&tel=13829762945 HTTP/1.1[\r][\n]"
2016-09-20 09:13:43,642 145   DEBUG [org.apache.http.wire] (main:)  >> "Host: www.jujucloud.com[\r][\n]"
2016-09-20 09:13:43,645 148   DEBUG [org.apache.http.wire] (main:)  >> "Connection: Keep-Alive[\r][\n]"
2016-09-20 09:13:43,647 150   DEBUG [org.apache.http.wire] (main:)  >> "User-Agent: Apache-HttpClient/4.5.1 (Java/1.8.0_65)[\r][\n]"
2016-09-20 09:13:43,650 153   DEBUG [org.apache.http.wire] (main:)  >> "[\r][\n]"
2016-09-20 09:13:43,653 156   DEBUG [org.apache.http.headers] (main:) >> GET /company/mobile/login.json?fn=loginByTel&token=32AF94FB6210904B1E39C46512BF6FB2&tel=13829762945 HTTP/1.1
2016-09-20 09:13:43,655 158   DEBUG [org.apache.http.headers] (main:) >> Host: www.jujucloud.com
2016-09-20 09:13:43,658 161   DEBUG [org.apache.http.headers] (main:) >> Connection: Keep-Alive
2016-09-20 09:13:43,661 164   DEBUG [org.apache.http.headers] (main:) >> User-Agent: Apache-HttpClient/4.5.1 (Java/1.8.0_65)
2016-09-20 09:13:43,745 248   DEBUG [org.apache.http.wire] (main:)  << "HTTP/1.1 200 OK[\r][\n]"
2016-09-20 09:13:43,769 272   DEBUG [org.apache.http.wire] (main:)  << "Server: nginx/1.6.2[\r][\n]"
2016-09-20 09:13:43,779 282   DEBUG [org.apache.http.wire] (main:)  << "Date: Tue, 20 Sep 2016 01:13:54 GMT[\r][\n]"
2016-09-20 09:13:43,786 289   DEBUG [org.apache.http.wire] (main:)  << "Content-Type: application/json;charset=UTF-8[\r][\n]"
2016-09-20 09:13:43,791 294   DEBUG [org.apache.http.wire] (main:)  << "Transfer-Encoding: chunked[\r][\n]"
2016-09-20 09:13:43,796 299   DEBUG [org.apache.http.wire] (main:)  << "Connection: keep-alive[\r][\n]"
2016-09-20 09:13:43,802 305   DEBUG [org.apache.http.wire] (main:)  << "Vary: Accept-Encoding[\r][\n]"
2016-09-20 09:13:43,808 311   DEBUG [org.apache.http.wire] (main:)  << "P3P: CP: "CAO PSA OUR"[\r][\n]"
2016-09-20 09:13:43,813 316   DEBUG [org.apache.http.wire] (main:)  << "Set-Cookie: JSESSIONID=79DD0BF39CA6CE829C0301DBCC3D4205-n1; Path=/company[\r][\n]"
2016-09-20 09:13:43,817 320   DEBUG [org.apache.http.wire] (main:)  << "Cache-Control: no-store[\r][\n]"
2016-09-20 09:13:43,819 322   DEBUG [org.apache.http.wire] (main:)  << "Pragma: no-cache[\r][\n]"
2016-09-20 09:13:43,822 325   DEBUG [org.apache.http.wire] (main:)  << "Cache-Control: no-cache, no-store, max-age=0[\r][\n]"
2016-09-20 09:13:43,825 328   DEBUG [org.apache.http.wire] (main:)  << "Expires: Thu, 01 Jan 1970 00:00:00 GMT[\r][\n]"
2016-09-20 09:13:43,828 331   DEBUG [org.apache.http.wire] (main:)  << "Content-Language: en-US[\r][\n]"
2016-09-20 09:13:43,831 334   DEBUG [org.apache.http.wire] (main:)  << "[\r][\n]"
2016-09-20 09:13:43,836 339   DEBUG [org.apache.http.impl.conn.DefaultClientConnection] (main:) Receiving response: HTTP/1.1 200 OK
2016-09-20 09:13:43,838 341   DEBUG [org.apache.http.headers] (main:) << HTTP/1.1 200 OK
2016-09-20 09:13:43,841 344   DEBUG [org.apache.http.headers] (main:) << Server: nginx/1.6.2
2016-09-20 09:13:43,844 347   DEBUG [org.apache.http.headers] (main:) << Date: Tue, 20 Sep 2016 01:13:54 GMT
2016-09-20 09:13:43,846 349   DEBUG [org.apache.http.headers] (main:) << Content-Type: application/json;charset=UTF-8
2016-09-20 09:13:43,850 353   DEBUG [org.apache.http.headers] (main:) << Transfer-Encoding: chunked
2016-09-20 09:13:43,852 355   DEBUG [org.apache.http.headers] (main:) << Connection: keep-alive
2016-09-20 09:13:43,855 358   DEBUG [org.apache.http.headers] (main:) << Vary: Accept-Encoding
2016-09-20 09:13:43,857 360   DEBUG [org.apache.http.headers] (main:) << P3P: CP: "CAO PSA OUR"
2016-09-20 09:13:43,861 364   DEBUG [org.apache.http.headers] (main:) << Set-Cookie: JSESSIONID=79DD0BF39CA6CE829C0301DBCC3D4205-n1; Path=/company
2016-09-20 09:13:43,866 369   DEBUG [org.apache.http.headers] (main:) << Cache-Control: no-store
2016-09-20 09:13:43,870 373   DEBUG [org.apache.http.headers] (main:) << Pragma: no-cache
2016-09-20 09:13:43,875 378   DEBUG [org.apache.http.headers] (main:) << Cache-Control: no-cache, no-store, max-age=0
2016-09-20 09:13:43,879 382   DEBUG [org.apache.http.headers] (main:) << Expires: Thu, 01 Jan 1970 00:00:00 GMT
2016-09-20 09:13:43,882 385   DEBUG [org.apache.http.headers] (main:) << Content-Language: en-US
2016-09-20 09:13:43,901 404   DEBUG [org.apache.http.client.protocol.ResponseProcessCookies] (main:) Cookie accepted [JSESSIONID="79DD0BF39CA6CE829C0301DBCC3D4205-n1", version:0, domain:www.jujucloud.com, path:/company, expiry:null]
2016-09-20 09:13:43,916 419   DEBUG [org.apache.http.impl.client.DefaultHttpClient] (main:) Connection can be kept alive indefinitely
2016-09-20 09:13:51,723 8226  DEBUG [org.apache.http.wire] (main:)  << "3c[\r][\n]"
2016-09-20 09:13:51,726 8229  DEBUG [org.apache.http.wire] (main:)  << "{"data":null,"msg":"USERNAME_PWD_NOT_MATCH","success":false}"
2016-09-20 09:13:51,729 8232  DEBUG [org.apache.http.wire] (main:)  << "[\r][\n]"
2016-09-20 09:13:51,732 8235  DEBUG [org.apache.http.wire] (main:)  << "0[\r][\n]"
2016-09-20 09:13:51,735 8238  DEBUG [org.apache.http.wire] (main:)  << "[\r][\n]"
2016-09-20 09:13:51,738 8241  DEBUG [org.apache.http.impl.conn.BasicClientConnectionManager] (main:) Releasing connection org.apache.http.impl.conn.ManagedClientConnectionImpl@19932c16
2016-09-20 09:13:51,741 8244  DEBUG [org.apache.http.impl.conn.BasicClientConnectionManager] (main:) Connection can be kept alive indefinitely
2016-09-20 09:14:10,047 26550 DEBUG [org.apache.http.impl.conn.BasicClientConnectionManager] (main:) Get connection for route {}->http://www.jujucloud.com:80
2016-09-20 09:14:10,053 26556 DEBUG [org.apache.http.impl.client.DefaultHttpClient] (main:) Stale connection check
2016-09-20 09:14:10,061 26564 DEBUG [org.apache.http.client.protocol.RequestAddCookies] (main:) CookieSpec selected: default
2016-09-20 09:14:10,062 26565 DEBUG [org.apache.http.client.protocol.RequestAddCookies] (main:) Cookie [version: 0][name: JSESSIONID][value: 79DD0BF39CA6CE829C0301DBCC3D4205-n1][domain: www.jujucloud.com][path: /company][expiry: null] match [www.jujucloud.com:80/company/mobile/attence/operate.do]
2016-09-20 09:14:10,065 26568 DEBUG [org.apache.http.client.protocol.RequestAuthCache] (main:) Auth cache not set in the context
2016-09-20 09:14:10,065 26568 DEBUG [org.apache.http.client.protocol.RequestTargetAuthentication] (main:) Target auth state: UNCHALLENGED
2016-09-20 09:14:10,066 26569 DEBUG [org.apache.http.client.protocol.RequestProxyAuthentication] (main:) Proxy auth state: UNCHALLENGED
2016-09-20 09:14:10,066 26569 DEBUG [org.apache.http.impl.client.DefaultHttpClient] (main:) Attempt 1 to execute request
2016-09-20 09:14:10,067 26570 DEBUG [org.apache.http.impl.conn.DefaultClientConnection] (main:) Sending request: POST /company/mobile/attence/operate.do?op=save HTTP/1.1
2016-09-20 09:14:10,067 26570 DEBUG [org.apache.http.wire] (main:)  >> "POST /company/mobile/attence/operate.do?op=save HTTP/1.1[\r][\n]"
2016-09-20 09:14:10,068 26571 DEBUG [org.apache.http.wire] (main:)  >> "Content-Type: application/x-www-form-urlencoded; charset=UTF-8[\r][\n]"
2016-09-20 09:14:10,068 26571 DEBUG [org.apache.http.wire] (main:)  >> "Content-Length: 72[\r][\n]"
2016-09-20 09:14:10,069 26572 DEBUG [org.apache.http.wire] (main:)  >> "Host: www.jujucloud.com[\r][\n]"
2016-09-20 09:14:10,069 26572 DEBUG [org.apache.http.wire] (main:)  >> "Connection: Keep-Alive[\r][\n]"
2016-09-20 09:14:10,070 26573 DEBUG [org.apache.http.wire] (main:)  >> "User-Agent: Apache-HttpClient/4.5.1 (Java/1.8.0_65)[\r][\n]"
2016-09-20 09:14:10,070 26573 DEBUG [org.apache.http.wire] (main:)  >> "Cookie: JSESSIONID=79DD0BF39CA6CE829C0301DBCC3D4205-n1[\r][\n]"
2016-09-20 09:14:10,071 26574 DEBUG [org.apache.http.wire] (main:)  >> "[\r][\n]"
2016-09-20 09:14:10,071 26574 DEBUG [org.apache.http.headers] (main:) >> POST /company/mobile/attence/operate.do?op=save HTTP/1.1
2016-09-20 09:14:10,071 26574 DEBUG [org.apache.http.headers] (main:) >> Content-Type: application/x-www-form-urlencoded; charset=UTF-8
2016-09-20 09:14:10,072 26575 DEBUG [org.apache.http.headers] (main:) >> Content-Length: 72
2016-09-20 09:14:10,072 26575 DEBUG [org.apache.http.headers] (main:) >> Host: www.jujucloud.com
2016-09-20 09:14:10,073 26576 DEBUG [org.apache.http.headers] (main:) >> Connection: Keep-Alive
2016-09-20 09:14:10,074 26577 DEBUG [org.apache.http.headers] (main:) >> User-Agent: Apache-HttpClient/4.5.1 (Java/1.8.0_65)
2016-09-20 09:14:10,074 26577 DEBUG [org.apache.http.headers] (main:) >> Cookie: JSESSIONID=79DD0BF39CA6CE829C0301DBCC3D4205-n1
2016-09-20 09:14:10,076 26579 DEBUG [org.apache.http.wire] (main:)  >> "type=0&posX=113.363736&posY=23.141278&remark=&address=%E5%85%AC%E5%8F%B8"
2016-09-20 09:14:10,111 26614 DEBUG [org.apache.http.wire] (main:)  << "HTTP/1.1 403 Forbidden[\r][\n]"
2016-09-20 09:14:10,111 26614 DEBUG [org.apache.http.wire] (main:)  << "Server: nginx/1.6.2[\r][\n]"
2016-09-20 09:14:10,111 26614 DEBUG [org.apache.http.wire] (main:)  << "Date: Tue, 20 Sep 2016 01:14:20 GMT[\r][\n]"
2016-09-20 09:14:10,112 26615 DEBUG [org.apache.http.wire] (main:)  << "Content-Type: text/html;charset=utf-8[\r][\n]"
2016-09-20 09:14:10,112 26615 DEBUG [org.apache.http.wire] (main:)  << "Content-Length: 964[\r][\n]"
2016-09-20 09:14:10,112 26615 DEBUG [org.apache.http.wire] (main:)  << "Connection: keep-alive[\r][\n]"
2016-09-20 09:14:10,113 26616 DEBUG [org.apache.http.wire] (main:)  << "P3P: CP: "CAO PSA OUR"[\r][\n]"
2016-09-20 09:14:10,113 26616 DEBUG [org.apache.http.wire] (main:)  << "[\r][\n]"
2016-09-20 09:14:10,113 26616 DEBUG [org.apache.http.impl.conn.DefaultClientConnection] (main:) Receiving response: HTTP/1.1 403 Forbidden
2016-09-20 09:14:10,114 26617 DEBUG [org.apache.http.headers] (main:) << HTTP/1.1 403 Forbidden
2016-09-20 09:14:10,114 26617 DEBUG [org.apache.http.headers] (main:) << Server: nginx/1.6.2
2016-09-20 09:14:10,115 26618 DEBUG [org.apache.http.headers] (main:) << Date: Tue, 20 Sep 2016 01:14:20 GMT
2016-09-20 09:14:10,115 26618 DEBUG [org.apache.http.headers] (main:) << Content-Type: text/html;charset=utf-8
2016-09-20 09:14:10,116 26619 DEBUG [org.apache.http.headers] (main:) << Content-Length: 964
2016-09-20 09:14:10,118 26621 DEBUG [org.apache.http.headers] (main:) << Connection: keep-alive
2016-09-20 09:14:10,118 26621 DEBUG [org.apache.http.headers] (main:) << P3P: CP: "CAO PSA OUR"
2016-09-20 09:14:10,119 26622 DEBUG [org.apache.http.impl.client.DefaultHttpClient] (main:) Connection can be kept alive indefinitely
2016-09-20 09:33:30,747 0     DEBUG [org.apache.http.impl.conn.BasicClientConnectionManager] (main:) Get connection for route {}->http://www.jujucloud.com:80
2016-09-20 09:33:30,763 16    DEBUG [org.apache.http.impl.conn.DefaultClientConnectionOperator] (main:) Connecting to www.jujucloud.com:80
2016-09-20 09:33:30,794 47    DEBUG [org.apache.http.client.protocol.RequestAddCookies] (main:) CookieSpec selected: default
2016-09-20 09:33:30,796 49    DEBUG [org.apache.http.client.protocol.RequestAuthCache] (main:) Auth cache not set in the context
2016-09-20 09:33:30,797 50    DEBUG [org.apache.http.client.protocol.RequestTargetAuthentication] (main:) Target auth state: UNCHALLENGED
2016-09-20 09:33:30,798 51    DEBUG [org.apache.http.client.protocol.RequestProxyAuthentication] (main:) Proxy auth state: UNCHALLENGED
2016-09-20 09:33:30,798 51    DEBUG [org.apache.http.impl.client.DefaultHttpClient] (main:) Attempt 1 to execute request
2016-09-20 09:33:30,799 52    DEBUG [org.apache.http.impl.conn.DefaultClientConnection] (main:) Sending request: GET /company/mobile/login.json?fn=loginByTel&token=32AF94FB6210904B1E39C46512BF6FB2&tel=13829762945 HTTP/1.1
2016-09-20 09:33:30,800 53    DEBUG [org.apache.http.wire] (main:)  >> "GET /company/mobile/login.json?fn=loginByTel&token=32AF94FB6210904B1E39C46512BF6FB2&tel=13829762945 HTTP/1.1[\r][\n]"
2016-09-20 09:33:30,802 55    DEBUG [org.apache.http.wire] (main:)  >> "Host: www.jujucloud.com[\r][\n]"
2016-09-20 09:33:30,803 56    DEBUG [org.apache.http.wire] (main:)  >> "Connection: Keep-Alive[\r][\n]"
2016-09-20 09:33:30,804 57    DEBUG [org.apache.http.wire] (main:)  >> "User-Agent: Apache-HttpClient/4.5.1 (Java/1.8.0_65)[\r][\n]"
2016-09-20 09:33:30,805 58    DEBUG [org.apache.http.wire] (main:)  >> "[\r][\n]"
2016-09-20 09:33:30,805 58    DEBUG [org.apache.http.headers] (main:) >> GET /company/mobile/login.json?fn=loginByTel&token=32AF94FB6210904B1E39C46512BF6FB2&tel=13829762945 HTTP/1.1
2016-09-20 09:33:30,806 59    DEBUG [org.apache.http.headers] (main:) >> Host: www.jujucloud.com
2016-09-20 09:33:30,806 59    DEBUG [org.apache.http.headers] (main:) >> Connection: Keep-Alive
2016-09-20 09:33:30,807 60    DEBUG [org.apache.http.headers] (main:) >> User-Agent: Apache-HttpClient/4.5.1 (Java/1.8.0_65)
2016-09-20 09:33:30,830 83    DEBUG [org.apache.http.wire] (main:)  << "HTTP/1.1 200 OK[\r][\n]"
2016-09-20 09:33:30,833 86    DEBUG [org.apache.http.wire] (main:)  << "Server: nginx/1.6.2[\r][\n]"
2016-09-20 09:33:30,833 86    DEBUG [org.apache.http.wire] (main:)  << "Date: Tue, 20 Sep 2016 01:33:41 GMT[\r][\n]"
2016-09-20 09:33:30,834 87    DEBUG [org.apache.http.wire] (main:)  << "Content-Type: application/json;charset=UTF-8[\r][\n]"
2016-09-20 09:33:30,834 87    DEBUG [org.apache.http.wire] (main:)  << "Transfer-Encoding: chunked[\r][\n]"
2016-09-20 09:33:30,834 87    DEBUG [org.apache.http.wire] (main:)  << "Connection: keep-alive[\r][\n]"
2016-09-20 09:33:30,835 88    DEBUG [org.apache.http.wire] (main:)  << "Vary: Accept-Encoding[\r][\n]"
2016-09-20 09:33:30,835 88    DEBUG [org.apache.http.wire] (main:)  << "P3P: CP: "CAO PSA OUR"[\r][\n]"
2016-09-20 09:33:30,836 89    DEBUG [org.apache.http.wire] (main:)  << "Set-Cookie: JSESSIONID=E7177B7B9CB26EB45DE895D8C110343E-n1; Path=/company[\r][\n]"
2016-09-20 09:33:30,836 89    DEBUG [org.apache.http.wire] (main:)  << "Cache-Control: no-store[\r][\n]"
2016-09-20 09:33:30,836 89    DEBUG [org.apache.http.wire] (main:)  << "Pragma: no-cache[\r][\n]"
2016-09-20 09:33:30,837 90    DEBUG [org.apache.http.wire] (main:)  << "Cache-Control: no-cache, no-store, max-age=0[\r][\n]"
2016-09-20 09:33:30,837 90    DEBUG [org.apache.http.wire] (main:)  << "Expires: Thu, 01 Jan 1970 00:00:00 GMT[\r][\n]"
2016-09-20 09:33:30,838 91    DEBUG [org.apache.http.wire] (main:)  << "Content-Language: en-US[\r][\n]"
2016-09-20 09:33:30,838 91    DEBUG [org.apache.http.wire] (main:)  << "[\r][\n]"
2016-09-20 09:33:30,839 92    DEBUG [org.apache.http.impl.conn.DefaultClientConnection] (main:) Receiving response: HTTP/1.1 200 OK
2016-09-20 09:33:30,840 93    DEBUG [org.apache.http.headers] (main:) << HTTP/1.1 200 OK
2016-09-20 09:33:30,840 93    DEBUG [org.apache.http.headers] (main:) << Server: nginx/1.6.2
2016-09-20 09:33:30,841 94    DEBUG [org.apache.http.headers] (main:) << Date: Tue, 20 Sep 2016 01:33:41 GMT
2016-09-20 09:33:30,841 94    DEBUG [org.apache.http.headers] (main:) << Content-Type: application/json;charset=UTF-8
2016-09-20 09:33:30,842 95    DEBUG [org.apache.http.headers] (main:) << Transfer-Encoding: chunked
2016-09-20 09:33:30,842 95    DEBUG [org.apache.http.headers] (main:) << Connection: keep-alive
2016-09-20 09:33:30,842 95    DEBUG [org.apache.http.headers] (main:) << Vary: Accept-Encoding
2016-09-20 09:33:30,843 96    DEBUG [org.apache.http.headers] (main:) << P3P: CP: "CAO PSA OUR"
2016-09-20 09:33:30,843 96    DEBUG [org.apache.http.headers] (main:) << Set-Cookie: JSESSIONID=E7177B7B9CB26EB45DE895D8C110343E-n1; Path=/company
2016-09-20 09:33:30,843 96    DEBUG [org.apache.http.headers] (main:) << Cache-Control: no-store
2016-09-20 09:33:30,844 97    DEBUG [org.apache.http.headers] (main:) << Pragma: no-cache
2016-09-20 09:33:30,844 97    DEBUG [org.apache.http.headers] (main:) << Cache-Control: no-cache, no-store, max-age=0
2016-09-20 09:33:30,844 97    DEBUG [org.apache.http.headers] (main:) << Expires: Thu, 01 Jan 1970 00:00:00 GMT
2016-09-20 09:33:30,845 98    DEBUG [org.apache.http.headers] (main:) << Content-Language: en-US
2016-09-20 09:33:30,851 104   DEBUG [org.apache.http.client.protocol.ResponseProcessCookies] (main:) Cookie accepted [JSESSIONID="E7177B7B9CB26EB45DE895D8C110343E-n1", version:0, domain:www.jujucloud.com, path:/company, expiry:null]
2016-09-20 09:33:30,860 113   DEBUG [org.apache.http.impl.client.DefaultHttpClient] (main:) Connection can be kept alive indefinitely
2016-09-20 09:33:34,668 3921  DEBUG [org.apache.http.wire] (main:)  << "3c[\r][\n]"
2016-09-20 09:33:34,670 3923  DEBUG [org.apache.http.wire] (main:)  << "{"data":null,"msg":"USERNAME_PWD_NOT_MATCH","success":false}"
2016-09-20 09:33:34,671 3924  DEBUG [org.apache.http.wire] (main:)  << "[\r][\n]"
2016-09-20 09:33:34,672 3925  DEBUG [org.apache.http.wire] (main:)  << "0[\r][\n]"
2016-09-20 09:33:34,673 3926  DEBUG [org.apache.http.wire] (main:)  << "[\r][\n]"
2016-09-20 09:33:34,675 3928  DEBUG [org.apache.http.impl.conn.BasicClientConnectionManager] (main:) Releasing connection org.apache.http.impl.conn.ManagedClientConnectionImpl@19932c16
2016-09-20 09:33:34,677 3930  DEBUG [org.apache.http.impl.conn.BasicClientConnectionManager] (main:) Connection can be kept alive indefinitely
2016-09-20 09:34:10,806 40059 DEBUG [org.apache.http.impl.conn.BasicClientConnectionManager] (main:) Get connection for route {}->http://www.jujucloud.com:80
2016-09-20 09:34:10,807 40060 DEBUG [org.apache.http.impl.client.DefaultHttpClient] (main:) Stale connection check
2016-09-20 09:34:10,808 40061 DEBUG [org.apache.http.client.protocol.RequestAddCookies] (main:) CookieSpec selected: default
2016-09-20 09:34:10,809 40062 DEBUG [org.apache.http.client.protocol.RequestAddCookies] (main:) Cookie [version: 0][name: JSESSIONID][value: E7177B7B9CB26EB45DE895D8C110343E-n1][domain: www.jujucloud.com][path: /company][expiry: null] match [www.jujucloud.com:80/company/mobile/attence/operate.do]
2016-09-20 09:34:10,809 40062 DEBUG [org.apache.http.client.protocol.RequestAuthCache] (main:) Auth cache not set in the context
2016-09-20 09:34:10,810 40063 DEBUG [org.apache.http.client.protocol.RequestTargetAuthentication] (main:) Target auth state: UNCHALLENGED
2016-09-20 09:34:10,810 40063 DEBUG [org.apache.http.client.protocol.RequestProxyAuthentication] (main:) Proxy auth state: UNCHALLENGED
2016-09-20 09:34:10,810 40063 DEBUG [org.apache.http.impl.client.DefaultHttpClient] (main:) Attempt 1 to execute request
2016-09-20 09:34:10,811 40064 DEBUG [org.apache.http.impl.conn.DefaultClientConnection] (main:) Sending request: POST /company/mobile/attence/operate.do?op=save HTTP/1.1
2016-09-20 09:34:10,811 40064 DEBUG [org.apache.http.wire] (main:)  >> "POST /company/mobile/attence/operate.do?op=save HTTP/1.1[\r][\n]"
2016-09-20 09:34:10,811 40064 DEBUG [org.apache.http.wire] (main:)  >> "Content-Type: application/x-www-form-urlencoded; charset=UTF-8[\r][\n]"
2016-09-20 09:34:10,811 40064 DEBUG [org.apache.http.wire] (main:)  >> "Content-Length: 72[\r][\n]"
2016-09-20 09:34:10,812 40065 DEBUG [org.apache.http.wire] (main:)  >> "Host: www.jujucloud.com[\r][\n]"
2016-09-20 09:34:10,812 40065 DEBUG [org.apache.http.wire] (main:)  >> "Connection: Keep-Alive[\r][\n]"
2016-09-20 09:34:10,813 40066 DEBUG [org.apache.http.wire] (main:)  >> "User-Agent: Apache-HttpClient/4.5.1 (Java/1.8.0_65)[\r][\n]"
2016-09-20 09:34:10,813 40066 DEBUG [org.apache.http.wire] (main:)  >> "Cookie: JSESSIONID=E7177B7B9CB26EB45DE895D8C110343E-n1[\r][\n]"
2016-09-20 09:34:10,813 40066 DEBUG [org.apache.http.wire] (main:)  >> "[\r][\n]"
2016-09-20 09:34:10,814 40067 DEBUG [org.apache.http.headers] (main:) >> POST /company/mobile/attence/operate.do?op=save HTTP/1.1
2016-09-20 09:34:10,814 40067 DEBUG [org.apache.http.headers] (main:) >> Content-Type: application/x-www-form-urlencoded; charset=UTF-8
2016-09-20 09:34:10,814 40067 DEBUG [org.apache.http.headers] (main:) >> Content-Length: 72
2016-09-20 09:34:10,815 40068 DEBUG [org.apache.http.headers] (main:) >> Host: www.jujucloud.com
2016-09-20 09:34:10,815 40068 DEBUG [org.apache.http.headers] (main:) >> Connection: Keep-Alive
2016-09-20 09:34:10,815 40068 DEBUG [org.apache.http.headers] (main:) >> User-Agent: Apache-HttpClient/4.5.1 (Java/1.8.0_65)
2016-09-20 09:34:10,815 40068 DEBUG [org.apache.http.headers] (main:) >> Cookie: JSESSIONID=E7177B7B9CB26EB45DE895D8C110343E-n1
2016-09-20 09:34:10,816 40069 DEBUG [org.apache.http.wire] (main:)  >> "type=0&posX=113.363736&posY=23.141278&remark=&address=%E5%85%AC%E5%8F%B8"
2016-09-20 09:34:10,838 40091 DEBUG [org.apache.http.wire] (main:)  << "HTTP/1.1 403 Forbidden[\r][\n]"
2016-09-20 09:34:10,839 40092 DEBUG [org.apache.http.wire] (main:)  << "Server: nginx/1.6.2[\r][\n]"
2016-09-20 09:34:10,840 40093 DEBUG [org.apache.http.wire] (main:)  << "Date: Tue, 20 Sep 2016 01:34:21 GMT[\r][\n]"
2016-09-20 09:34:10,841 40094 DEBUG [org.apache.http.wire] (main:)  << "Content-Type: text/html;charset=utf-8[\r][\n]"
2016-09-20 09:34:10,841 40094 DEBUG [org.apache.http.wire] (main:)  << "Content-Length: 964[\r][\n]"
2016-09-20 09:34:10,842 40095 DEBUG [org.apache.http.wire] (main:)  << "Connection: keep-alive[\r][\n]"
2016-09-20 09:34:10,842 40095 DEBUG [org.apache.http.wire] (main:)  << "P3P: CP: "CAO PSA OUR"[\r][\n]"
2016-09-20 09:34:10,843 40096 DEBUG [org.apache.http.wire] (main:)  << "[\r][\n]"
2016-09-20 09:34:10,843 40096 DEBUG [org.apache.http.impl.conn.DefaultClientConnection] (main:) Receiving response: HTTP/1.1 403 Forbidden
2016-09-20 09:34:10,843 40096 DEBUG [org.apache.http.headers] (main:) << HTTP/1.1 403 Forbidden
2016-09-20 09:34:10,844 40097 DEBUG [org.apache.http.headers] (main:) << Server: nginx/1.6.2
2016-09-20 09:34:10,844 40097 DEBUG [org.apache.http.headers] (main:) << Date: Tue, 20 Sep 2016 01:34:21 GMT
2016-09-20 09:34:10,844 40097 DEBUG [org.apache.http.headers] (main:) << Content-Type: text/html;charset=utf-8
2016-09-20 09:34:10,845 40098 DEBUG [org.apache.http.headers] (main:) << Content-Length: 964
2016-09-20 09:34:10,845 40098 DEBUG [org.apache.http.headers] (main:) << Connection: keep-alive
2016-09-20 09:34:10,845 40098 DEBUG [org.apache.http.headers] (main:) << P3P: CP: "CAO PSA OUR"
2016-09-20 09:34:10,846 40099 DEBUG [org.apache.http.impl.client.DefaultHttpClient] (main:) Connection can be kept alive indefinitely
2016-09-20 10:44:04,346 0     DEBUG [org.apache.http.impl.conn.BasicClientConnectionManager] (main:) Get connection for route {}->http://www.jujucloud.com:80
2016-09-20 10:44:04,376 30    DEBUG [org.apache.http.impl.conn.DefaultClientConnectionOperator] (main:) Connecting to www.jujucloud.com:80
2016-09-20 10:44:05,633 1287  DEBUG [org.apache.http.client.protocol.RequestAddCookies] (main:) CookieSpec selected: default
2016-09-20 10:44:05,636 1290  DEBUG [org.apache.http.client.protocol.RequestAuthCache] (main:) Auth cache not set in the context
2016-09-20 10:44:05,636 1290  DEBUG [org.apache.http.client.protocol.RequestTargetAuthentication] (main:) Target auth state: UNCHALLENGED
2016-09-20 10:44:05,638 1292  DEBUG [org.apache.http.client.protocol.RequestProxyAuthentication] (main:) Proxy auth state: UNCHALLENGED
2016-09-20 10:44:05,639 1293  DEBUG [org.apache.http.impl.client.DefaultHttpClient] (main:) Attempt 1 to execute request
2016-09-20 10:44:05,640 1294  DEBUG [org.apache.http.impl.conn.DefaultClientConnection] (main:) Sending request: GET /company/mobile/login.json?fn=loginByTel&token=32AF94FB6210904B1E39C46512BF6FB2&tel=13829762945 HTTP/1.1
2016-09-20 10:44:05,641 1295  DEBUG [org.apache.http.wire] (main:)  >> "GET /company/mobile/login.json?fn=loginByTel&token=32AF94FB6210904B1E39C46512BF6FB2&tel=13829762945 HTTP/1.1[\r][\n]"
2016-09-20 10:44:05,643 1297  DEBUG [org.apache.http.wire] (main:)  >> "Host: www.jujucloud.com[\r][\n]"
2016-09-20 10:44:05,645 1299  DEBUG [org.apache.http.wire] (main:)  >> "Connection: Keep-Alive[\r][\n]"
2016-09-20 10:44:05,646 1300  DEBUG [org.apache.http.wire] (main:)  >> "User-Agent: Apache-HttpClient/4.5.1 (Java/1.8.0_65)[\r][\n]"
2016-09-20 10:44:05,647 1301  DEBUG [org.apache.http.wire] (main:)  >> "[\r][\n]"
2016-09-20 10:44:05,648 1302  DEBUG [org.apache.http.headers] (main:) >> GET /company/mobile/login.json?fn=loginByTel&token=32AF94FB6210904B1E39C46512BF6FB2&tel=13829762945 HTTP/1.1
2016-09-20 10:44:05,648 1302  DEBUG [org.apache.http.headers] (main:) >> Host: www.jujucloud.com
2016-09-20 10:44:05,649 1303  DEBUG [org.apache.http.headers] (main:) >> Connection: Keep-Alive
2016-09-20 10:44:05,649 1303  DEBUG [org.apache.http.headers] (main:) >> User-Agent: Apache-HttpClient/4.5.1 (Java/1.8.0_65)
2016-09-20 10:44:05,677 1331  DEBUG [org.apache.http.wire] (main:)  << "HTTP/1.1 200 OK[\r][\n]"
2016-09-20 10:44:05,681 1335  DEBUG [org.apache.http.wire] (main:)  << "Server: nginx/1.6.2[\r][\n]"
2016-09-20 10:44:05,681 1335  DEBUG [org.apache.http.wire] (main:)  << "Date: Tue, 20 Sep 2016 02:44:16 GMT[\r][\n]"
2016-09-20 10:44:05,682 1336  DEBUG [org.apache.http.wire] (main:)  << "Content-Type: application/json;charset=UTF-8[\r][\n]"
2016-09-20 10:44:05,682 1336  DEBUG [org.apache.http.wire] (main:)  << "Transfer-Encoding: chunked[\r][\n]"
2016-09-20 10:44:05,683 1337  DEBUG [org.apache.http.wire] (main:)  << "Connection: keep-alive[\r][\n]"
2016-09-20 10:44:05,684 1338  DEBUG [org.apache.http.wire] (main:)  << "Vary: Accept-Encoding[\r][\n]"
2016-09-20 10:44:05,684 1338  DEBUG [org.apache.http.wire] (main:)  << "P3P: CP: "CAO PSA OUR"[\r][\n]"
2016-09-20 10:44:05,685 1339  DEBUG [org.apache.http.wire] (main:)  << "Set-Cookie: JSESSIONID=C0560BDDE000A6156CBCA3E68DAA05C8-n1; Path=/company[\r][\n]"
2016-09-20 10:44:05,685 1339  DEBUG [org.apache.http.wire] (main:)  << "Cache-Control: no-store[\r][\n]"
2016-09-20 10:44:05,686 1340  DEBUG [org.apache.http.wire] (main:)  << "Pragma: no-cache[\r][\n]"
2016-09-20 10:44:05,686 1340  DEBUG [org.apache.http.wire] (main:)  << "Cache-Control: no-cache, no-store, max-age=0[\r][\n]"
2016-09-20 10:44:05,686 1340  DEBUG [org.apache.http.wire] (main:)  << "Expires: Thu, 01 Jan 1970 00:00:00 GMT[\r][\n]"
2016-09-20 10:44:05,687 1341  DEBUG [org.apache.http.wire] (main:)  << "Content-Language: en-US[\r][\n]"
2016-09-20 10:44:05,687 1341  DEBUG [org.apache.http.wire] (main:)  << "[\r][\n]"
2016-09-20 10:44:05,688 1342  DEBUG [org.apache.http.impl.conn.DefaultClientConnection] (main:) Receiving response: HTTP/1.1 200 OK
2016-09-20 10:44:05,689 1343  DEBUG [org.apache.http.headers] (main:) << HTTP/1.1 200 OK
2016-09-20 10:44:05,689 1343  DEBUG [org.apache.http.headers] (main:) << Server: nginx/1.6.2
2016-09-20 10:44:05,690 1344  DEBUG [org.apache.http.headers] (main:) << Date: Tue, 20 Sep 2016 02:44:16 GMT
2016-09-20 10:44:05,691 1345  DEBUG [org.apache.http.headers] (main:) << Content-Type: application/json;charset=UTF-8
2016-09-20 10:44:05,691 1345  DEBUG [org.apache.http.headers] (main:) << Transfer-Encoding: chunked
2016-09-20 10:44:05,691 1345  DEBUG [org.apache.http.headers] (main:) << Connection: keep-alive
2016-09-20 10:44:05,692 1346  DEBUG [org.apache.http.headers] (main:) << Vary: Accept-Encoding
2016-09-20 10:44:05,692 1346  DEBUG [org.apache.http.headers] (main:) << P3P: CP: "CAO PSA OUR"
2016-09-20 10:44:05,692 1346  DEBUG [org.apache.http.headers] (main:) << Set-Cookie: JSESSIONID=C0560BDDE000A6156CBCA3E68DAA05C8-n1; Path=/company
2016-09-20 10:44:05,692 1346  DEBUG [org.apache.http.headers] (main:) << Cache-Control: no-store
2016-09-20 10:44:05,693 1347  DEBUG [org.apache.http.headers] (main:) << Pragma: no-cache
2016-09-20 10:44:05,693 1347  DEBUG [org.apache.http.headers] (main:) << Cache-Control: no-cache, no-store, max-age=0
2016-09-20 10:44:05,693 1347  DEBUG [org.apache.http.headers] (main:) << Expires: Thu, 01 Jan 1970 00:00:00 GMT
2016-09-20 10:44:05,693 1347  DEBUG [org.apache.http.headers] (main:) << Content-Language: en-US
2016-09-20 10:44:05,699 1353  DEBUG [org.apache.http.client.protocol.ResponseProcessCookies] (main:) Cookie accepted [JSESSIONID="C0560BDDE000A6156CBCA3E68DAA05C8-n1", version:0, domain:www.jujucloud.com, path:/company, expiry:null]
2016-09-20 10:44:05,701 1355  DEBUG [org.apache.http.impl.client.DefaultHttpClient] (main:) Connection can be kept alive indefinitely
2016-09-20 10:44:05,709 1363  DEBUG [org.apache.http.wire] (main:)  << "3c[\r][\n]"
2016-09-20 10:44:05,718 1372  DEBUG [org.apache.http.wire] (main:)  << "{"data":null,"msg":"USERNAME_PWD_NOT_MATCH","success":false}"
2016-09-20 10:44:05,719 1373  DEBUG [org.apache.http.wire] (main:)  << "[\r][\n]"
2016-09-20 10:44:05,719 1373  DEBUG [org.apache.http.wire] (main:)  << "0[\r][\n]"
2016-09-20 10:44:05,720 1374  DEBUG [org.apache.http.wire] (main:)  << "[\r][\n]"
2016-09-20 10:44:05,720 1374  DEBUG [org.apache.http.impl.conn.BasicClientConnectionManager] (main:) Releasing connection org.apache.http.impl.conn.ManagedClientConnectionImpl@e874448
2016-09-20 10:44:05,720 1374  DEBUG [org.apache.http.impl.conn.BasicClientConnectionManager] (main:) Connection can be kept alive indefinitely
2016-09-20 10:44:05,724 1378  DEBUG [org.apache.http.impl.conn.BasicClientConnectionManager] (main:) Get connection for route {}->http://www.jujucloud.com:80
2016-09-20 10:44:05,724 1378  DEBUG [org.apache.http.impl.client.DefaultHttpClient] (main:) Stale connection check
2016-09-20 10:44:05,725 1379  DEBUG [org.apache.http.client.protocol.RequestAddCookies] (main:) CookieSpec selected: default
2016-09-20 10:44:05,726 1380  DEBUG [org.apache.http.client.protocol.RequestAddCookies] (main:) Cookie [version: 0][name: JSESSIONID][value: C0560BDDE000A6156CBCA3E68DAA05C8-n1][domain: www.jujucloud.com][path: /company][expiry: null] match [www.jujucloud.com:80/company/mobile/attence/operate.do]
2016-09-20 10:44:05,726 1380  DEBUG [org.apache.http.client.protocol.RequestAuthCache] (main:) Auth cache not set in the context
2016-09-20 10:44:05,727 1381  DEBUG [org.apache.http.client.protocol.RequestTargetAuthentication] (main:) Target auth state: UNCHALLENGED
2016-09-20 10:44:05,727 1381  DEBUG [org.apache.http.client.protocol.RequestProxyAuthentication] (main:) Proxy auth state: UNCHALLENGED
2016-09-20 10:44:05,727 1381  DEBUG [org.apache.http.impl.client.DefaultHttpClient] (main:) Attempt 1 to execute request
2016-09-20 10:44:05,728 1382  DEBUG [org.apache.http.impl.conn.DefaultClientConnection] (main:) Sending request: POST /company/mobile/attence/operate.do?op=save HTTP/1.1
2016-09-20 10:44:05,728 1382  DEBUG [org.apache.http.wire] (main:)  >> "POST /company/mobile/attence/operate.do?op=save HTTP/1.1[\r][\n]"
2016-09-20 10:44:05,728 1382  DEBUG [org.apache.http.wire] (main:)  >> "Content-Type: application/x-www-form-urlencoded; charset=UTF-8[\r][\n]"
2016-09-20 10:44:05,729 1383  DEBUG [org.apache.http.wire] (main:)  >> "Content-Length: 72[\r][\n]"
2016-09-20 10:44:05,729 1383  DEBUG [org.apache.http.wire] (main:)  >> "Host: www.jujucloud.com[\r][\n]"
2016-09-20 10:44:05,729 1383  DEBUG [org.apache.http.wire] (main:)  >> "Connection: Keep-Alive[\r][\n]"
2016-09-20 10:44:05,730 1384  DEBUG [org.apache.http.wire] (main:)  >> "User-Agent: Apache-HttpClient/4.5.1 (Java/1.8.0_65)[\r][\n]"
2016-09-20 10:44:05,730 1384  DEBUG [org.apache.http.wire] (main:)  >> "Cookie: JSESSIONID=C0560BDDE000A6156CBCA3E68DAA05C8-n1[\r][\n]"
2016-09-20 10:44:05,730 1384  DEBUG [org.apache.http.wire] (main:)  >> "[\r][\n]"
2016-09-20 10:44:05,731 1385  DEBUG [org.apache.http.headers] (main:) >> POST /company/mobile/attence/operate.do?op=save HTTP/1.1
2016-09-20 10:44:05,731 1385  DEBUG [org.apache.http.headers] (main:) >> Content-Type: application/x-www-form-urlencoded; charset=UTF-8
2016-09-20 10:44:05,731 1385  DEBUG [org.apache.http.headers] (main:) >> Content-Length: 72
2016-09-20 10:44:05,731 1385  DEBUG [org.apache.http.headers] (main:) >> Host: www.jujucloud.com
2016-09-20 10:44:05,731 1385  DEBUG [org.apache.http.headers] (main:) >> Connection: Keep-Alive
2016-09-20 10:44:05,731 1385  DEBUG [org.apache.http.headers] (main:) >> User-Agent: Apache-HttpClient/4.5.1 (Java/1.8.0_65)
2016-09-20 10:44:05,732 1386  DEBUG [org.apache.http.headers] (main:) >> Cookie: JSESSIONID=C0560BDDE000A6156CBCA3E68DAA05C8-n1
2016-09-20 10:44:05,732 1386  DEBUG [org.apache.http.wire] (main:)  >> "type=0&posX=113.363736&posY=23.141278&remark=&address=%E5%85%AC%E5%8F%B8"
2016-09-20 10:44:05,759 1413  DEBUG [org.apache.http.wire] (main:)  << "HTTP/1.1 403 Forbidden[\r][\n]"
2016-09-20 10:44:05,759 1413  DEBUG [org.apache.http.wire] (main:)  << "Server: nginx/1.6.2[\r][\n]"
2016-09-20 10:44:05,759 1413  DEBUG [org.apache.http.wire] (main:)  << "Date: Tue, 20 Sep 2016 02:44:16 GMT[\r][\n]"
2016-09-20 10:44:05,759 1413  DEBUG [org.apache.http.wire] (main:)  << "Content-Type: text/html;charset=utf-8[\r][\n]"
2016-09-20 10:44:05,760 1414  DEBUG [org.apache.http.wire] (main:)  << "Content-Length: 964[\r][\n]"
2016-09-20 10:44:05,760 1414  DEBUG [org.apache.http.wire] (main:)  << "Connection: keep-alive[\r][\n]"
2016-09-20 10:44:05,760 1414  DEBUG [org.apache.http.wire] (main:)  << "P3P: CP: "CAO PSA OUR"[\r][\n]"
2016-09-20 10:44:05,760 1414  DEBUG [org.apache.http.wire] (main:)  << "[\r][\n]"
2016-09-20 10:44:05,761 1415  DEBUG [org.apache.http.impl.conn.DefaultClientConnection] (main:) Receiving response: HTTP/1.1 403 Forbidden
2016-09-20 10:44:05,761 1415  DEBUG [org.apache.http.headers] (main:) << HTTP/1.1 403 Forbidden
2016-09-20 10:44:05,761 1415  DEBUG [org.apache.http.headers] (main:) << Server: nginx/1.6.2
2016-09-20 10:44:05,762 1416  DEBUG [org.apache.http.headers] (main:) << Date: Tue, 20 Sep 2016 02:44:16 GMT
2016-09-20 10:44:05,762 1416  DEBUG [org.apache.http.headers] (main:) << Content-Type: text/html;charset=utf-8
2016-09-20 10:44:05,762 1416  DEBUG [org.apache.http.headers] (main:) << Content-Length: 964
2016-09-20 10:44:05,763 1417  DEBUG [org.apache.http.headers] (main:) << Connection: keep-alive
2016-09-20 10:44:05,763 1417  DEBUG [org.apache.http.headers] (main:) << P3P: CP: "CAO PSA OUR"
2016-09-20 10:44:05,764 1418  DEBUG [org.apache.http.impl.client.DefaultHttpClient] (main:) Connection can be kept alive indefinitely
