2016-09-12 18:25:22,542 0     INFO  [org.springframework.context.support.ClassPathXmlApplicationContext] (main:) Refreshing org.springframework.context.support.ClassPathXmlApplicationContext@7de26db8: display name [org.springframework.context.support.ClassPathXmlApplicationContext@7de26db8]; startup date [Mon Sep 12 18:25:22 CST 2016]; root of context hierarchy
2016-09-12 18:25:24,290 1748  DEBUG [org.springframework.core.CollectionFactory] (main:) Falling back to plain synchronized [java.util.HashMap] for concurrent map
2016-09-12 18:25:24,339 1797  DEBUG [org.springframework.core.CollectionFactory] (main:) Falling back to plain synchronized [java.util.HashMap] for concurrent map
2016-09-12 18:25:24,340 1798  DEBUG [org.springframework.core.CollectionFactory] (main:) Falling back to plain synchronized [java.util.HashMap] for concurrent map
2016-09-12 18:25:24,397 1855  DEBUG [org.springframework.core.CollectionFactory] (main:) Falling back to plain synchronized [java.util.HashMap] for concurrent map
2016-09-12 18:25:24,398 1856  DEBUG [org.springframework.core.CollectionFactory] (main:) Falling back to plain synchronized [java.util.HashMap] for concurrent map
2016-09-12 18:25:24,399 1857  DEBUG [org.springframework.core.CollectionFactory] (main:) Falling back to plain synchronized [java.util.HashMap] for concurrent map
2016-09-12 18:25:24,399 1857  DEBUG [org.springframework.core.CollectionFactory] (main:) Falling back to plain synchronized [java.util.HashMap] for concurrent map
2016-09-12 18:25:24,592 2050  DEBUG [org.springframework.core.CollectionFactory] (main:) Falling back to plain synchronized [java.util.HashMap] for concurrent map
2016-09-12 18:25:24,681 2139  DEBUG [org.springframework.core.CollectionFactory] (main:) Falling back to plain synchronized [java.util.HashMap] for concurrent map
2016-09-12 18:25:25,347 2805  INFO  [org.springframework.beans.factory.xml.XmlBeanDefinitionReader] (main:) Loading XML bean definitions from class path resource [provider1.xml]
2016-09-12 18:25:25,374 2832  DEBUG [org.springframework.beans.factory.xml.DefaultDocumentLoader] (main:) Using JAXP provider [com.sun.org.apache.xerces.internal.jaxp.DocumentBuilderFactoryImpl]
2016-09-12 18:25:25,997 3455  DEBUG [org.springframework.beans.factory.xml.PluggableSchemaResolver] (main:) Loading schema mappings from [META-INF/spring.schemas]
2016-09-12 18:25:26,048 3506  DEBUG [org.springframework.beans.factory.xml.PluggableSchemaResolver] (main:) Loaded schema mappings: {http://www.springframework.org/schema/tx/spring-tx-2.5.xsd=org/springframework/transaction/config/spring-tx-2.5.xsd, http://www.springframework.org/schema/cache/spring-cache-4.2.xsd=org/springframework/cache/config/spring-cache-4.2.xsd, http://www.springframework.org/schema/aop/spring-aop-4.1.xsd=org/springframework/aop/config/spring-aop-4.1.xsd, http://www.springframework.org/schema/context/spring-context-3.1.xsd=org/springframework/context/config/spring-context-3.1.xsd, http://www.springframework.org/schema/jdbc/spring-jdbc-4.1.xsd=org/springframework/jdbc/config/spring-jdbc-4.1.xsd, http://www.springframework.org/schema/jms/spring-jms-2.5.xsd=org/springframework/jms/config/spring-jms-2.5.xsd, http://www.springframework.org/schema/util/spring-util-3.0.xsd=org/springframework/beans/factory/xml/spring-util-3.0.xsd, http://www.springframework.org/schema/mvc/spring-mvc-4.1.xsd=org/springframework/web/servlet/config/spring-mvc-4.1.xsd, http://mybatis.org/schema/mybatis-spring-1.2.xsd=org/mybatis/spring/config/mybatis-spring-1.2.xsd, http://www.springframework.org/schema/aop/spring-aop-3.2.xsd=org/springframework/aop/config/spring-aop-3.2.xsd, http://www.springframework.org/schema/tool/spring-tool.xsd=org/springframework/beans/factory/xml/spring-tool-4.2.xsd, http://www.springframework.org/schema/lang/spring-lang-4.1.xsd=org/springframework/scripting/config/spring-lang-4.1.xsd, http://www.springframework.org/schema/context/spring-context-4.0.xsd=org/springframework/context/config/spring-context-4.0.xsd, http://www.springframework.org/schema/mvc/spring-mvc-3.2.xsd=org/springframework/web/servlet/config/spring-mvc-3.2.xsd, http://www.springframework.org/schema/beans/spring-beans-4.2.xsd=org/springframework/beans/factory/xml/spring-beans-4.2.xsd, http://www.springframework.org/schema/tool/spring-tool-4.1.xsd=org/springframework/beans/factory/xml/spring-tool-4.1.xsd, http://www.springframework.org/schema/lang/spring-lang-3.2.xsd=org/springframework/scripting/config/spring-lang-3.2.xsd, http://www.springframework.org/schema/cache/spring-cache-3.2.xsd=org/springframework/cache/config/spring-cache-3.2.xsd, http://www.springframework.org/schema/jee/spring-jee-4.1.xsd=org/springframework/ejb/config/spring-jee-4.1.xsd, http://www.springframework.org/schema/jdbc/spring-jdbc-3.1.xsd=org/springframework/jdbc/config/spring-jdbc-3.1.xsd, http://www.springframework.org/schema/task/spring-task-4.2.xsd=org/springframework/scheduling/config/spring-task-4.2.xsd, http://www.springframework.org/schema/util/spring-util-2.0.xsd=org/springframework/beans/factory/xml/spring-util-2.0.xsd, http://www.springframework.org/schema/tool/spring-tool-3.2.xsd=org/springframework/beans/factory/xml/spring-tool-3.2.xsd, http://www.springframework.org/schema/context/spring-context.xsd=org/springframework/context/config/spring-context-4.2.xsd, http://www.springframework.org/schema/tx/spring-tx-4.2.xsd=org/springframework/transaction/config/spring-tx-4.2.xsd, http://www.springframework.org/schema/cache/spring-cache-4.1.xsd=org/springframework/cache/config/spring-cache-4.1.xsd, http://www.springframework.org/schema/aop/spring-aop-4.0.xsd=org/springframework/aop/config/spring-aop-4.0.xsd, http://www.springframework.org/schema/jee/spring-jee-3.2.xsd=org/springframework/ejb/config/spring-jee-3.2.xsd, http://www.springframework.org/schema/context/spring-context-3.0.xsd=org/springframework/context/config/spring-context-3.0.xsd, http://www.springframework.org/schema/jdbc/spring-jdbc-4.0.xsd=org/springframework/jdbc/config/spring-jdbc-4.0.xsd, http://www.springframework.org/schema/util/spring-util-2.5.xsd=org/springframework/beans/factory/xml/spring-util-2.5.xsd, http://www.springframework.org/schema/mvc/spring-mvc-4.0.xsd=org/springframework/web/servlet/config/spring-mvc-4.0.xsd, http://www.springframework.org/schema/beans/spring-beans-3.2.xsd=org/springframework/beans/factory/xml/spring-beans-3.2.xsd, http://www.springframework.org/schema/aop/spring-aop-3.1.xsd=org/springframework/aop/config/spring-aop-3.1.xsd, http://www.springframework.org/schema/lang/spring-lang-4.0.xsd=org/springframework/scripting/config/spring-lang-4.0.xsd, http://www.springframework.org/schema/mvc/spring-mvc.xsd=org/springframework/web/servlet/config/spring-mvc-4.2.xsd, http://www.springframework.org/schema/mvc/spring-mvc-3.1.xsd=org/springframework/web/servlet/config/spring-mvc-3.1.xsd, http://www.springframework.org/schema/beans/spring-beans-4.1.xsd=org/springframework/beans/factory/xml/spring-beans-4.1.xsd, http://www.springframework.org/schema/tool/spring-tool-4.0.xsd=org/springframework/beans/factory/xml/spring-tool-4.0.xsd, http://www.springframework.org/schema/tx/spring-tx-3.2.xsd=org/springframework/transaction/config/spring-tx-3.2.xsd, http://www.springframework.org/schema/lang/spring-lang-3.1.xsd=org/springframework/scripting/config/spring-lang-3.1.xsd, http://www.springframework.org/schema/cache/spring-cache-3.1.xsd=org/springframework/cache/config/spring-cache-3.1.xsd, http://www.springframework.org/schema/jee/spring-jee-4.0.xsd=org/springframework/ejb/config/spring-jee-4.0.xsd, http://www.springframework.org/schema/jdbc/spring-jdbc-3.0.xsd=org/springframework/jdbc/config/spring-jdbc-3.0.xsd, http://www.springframework.org/schema/task/spring-task-4.1.xsd=org/springframework/scheduling/config/spring-task-4.1.xsd, http://www.springframework.org/schema/jdbc/spring-jdbc.xsd=org/springframework/jdbc/config/spring-jdbc-4.2.xsd, http://www.springframework.org/schema/tool/spring-tool-3.1.xsd=org/springframework/beans/factory/xml/spring-tool-3.1.xsd, http://www.springframework.org/schema/tx/spring-tx-4.1.xsd=org/springframework/transaction/config/spring-tx-4.1.xsd, http://www.springframework.org/schema/cache/spring-cache-4.0.xsd=org/springframework/cache/config/spring-cache-4.0.xsd, http://code.alibabatech.com/schema/dubbo/dubbo.xsd=META-INF/dubbo.xsd, http://www.springframework.org/schema/jee/spring-jee-3.1.xsd=org/springframework/ejb/config/spring-jee-3.1.xsd, http://www.springframework.org/schema/task/spring-task-3.2.xsd=org/springframework/scheduling/config/spring-task-3.2.xsd, http://www.springframework.org/schema/util/spring-util-4.2.xsd=org/springframework/beans/factory/xml/spring-util-4.2.xsd, http://www.springframework.org/schema/beans/spring-beans-3.1.xsd=org/springframework/beans/factory/xml/spring-beans-3.1.xsd, http://www.springframework.org/schema/util/spring-util.xsd=org/springframework/beans/factory/xml/spring-util-4.2.xsd, http://www.springframework.org/schema/aop/spring-aop-3.0.xsd=org/springframework/aop/config/spring-aop-3.0.xsd, http://www.springframework.org/schema/mvc/spring-mvc-3.0.xsd=org/springframework/web/servlet/config/spring-mvc-3.0.xsd, http://www.springframework.org/schema/beans/spring-beans-4.0.xsd=org/springframework/beans/factory/xml/spring-beans-4.0.xsd, http://www.springframework.org/schema/beans/spring-beans.xsd=org/springframework/beans/factory/xml/spring-beans-4.2.xsd, http://mybatis.org/schema/mybatis-spring.xsd=org/mybatis/spring/config/mybatis-spring-1.2.xsd, http://www.springframework.org/schema/tx/spring-tx-3.1.xsd=org/springframework/transaction/config/spring-tx-3.1.xsd, http://www.springframework.org/schema/lang/spring-lang-3.0.xsd=org/springframework/scripting/config/spring-lang-3.0.xsd, http://www.springframework.org/schema/context/spring-context-2.5.xsd=org/springframework/context/config/spring-context-2.5.xsd, http://www.springframework.org/schema/task/spring-task-4.0.xsd=org/springframework/scheduling/config/spring-task-4.0.xsd, http://www.springframework.org/schema/tool/spring-tool-3.0.xsd=org/springframework/beans/factory/xml/spring-tool-3.0.xsd, http://www.springframework.org/schema/tx/spring-tx-4.0.xsd=org/springframework/transaction/config/spring-tx-4.0.xsd, http://www.springframework.org/schema/aop/spring-aop-2.0.xsd=org/springframework/aop/config/spring-aop-2.0.xsd, http://www.springframework.org/schema/jee/spring-jee-3.0.xsd=org/springframework/ejb/config/spring-jee-3.0.xsd, http://www.springframework.org/schema/util/spring-util-4.1.xsd=org/springframework/beans/factory/xml/spring-util-4.1.xsd, http://www.springframework.org/schema/task/spring-task-3.1.xsd=org/springframework/scheduling/config/spring-task-3.1.xsd, http://www.springframework.org/schema/beans/spring-beans-3.0.xsd=org/springframework/beans/factory/xml/spring-beans-3.0.xsd, http://www.springframework.org/schema/jee/spring-jee.xsd=org/springframework/ejb/config/spring-jee-4.2.xsd, http://www.springframework.org/schema/aop/spring-aop-2.5.xsd=org/springframework/aop/config/spring-aop-2.5.xsd, http://www.springframework.org/schema/jms/spring-jms.xsd=org/springframework/jms/config/spring-jms-2.5.xsd, http://www.springframework.org/schema/lang/spring-lang-2.0.xsd=org/springframework/scripting/config/spring-lang-2.0.xsd, http://www.springframework.org/schema/util/spring-util-3.2.xsd=org/springframework/beans/factory/xml/spring-util-3.2.xsd, http://www.springframework.org/schema/task/spring-task.xsd=org/springframework/scheduling/config/spring-task-4.2.xsd, http://www.springframework.org/schema/tool/spring-tool-2.0.xsd=org/springframework/beans/factory/xml/spring-tool-2.0.xsd, http://www.springframework.org/schema/tx/spring-tx-3.0.xsd=org/springframework/transaction/config/spring-tx-3.0.xsd, http://www.springframework.org/schema/lang/spring-lang-2.5.xsd=org/springframework/scripting/config/spring-lang-2.5.xsd, http://www.springframework.org/schema/context/spring-context-4.2.xsd=org/springframework/context/config/spring-context-4.2.xsd, http://www.springframework.org/schema/jee/spring-jee-2.0.xsd=org/springframework/ejb/config/spring-jee-2.0.xsd, http://www.springframework.org/schema/tool/spring-tool-2.5.xsd=org/springframework/beans/factory/xml/spring-tool-2.5.xsd, http://www.springframework.org/schema/jee/spring-jee-2.5.xsd=org/springframework/ejb/config/spring-jee-2.5.xsd, http://www.springframework.org/schema/util/spring-util-4.0.xsd=org/springframework/beans/factory/xml/spring-util-4.0.xsd, http://www.springframework.org/schema/task/spring-task-3.0.xsd=org/springframework/scheduling/config/spring-task-3.0.xsd, http://www.springframework.org/schema/aop/spring-aop-4.2.xsd=org/springframework/aop/config/spring-aop-4.2.xsd, http://www.springframework.org/schema/lang/spring-lang.xsd=org/springframework/scripting/config/spring-lang-4.2.xsd, http://www.springframework.org/schema/context/spring-context-3.2.xsd=org/springframework/context/config/spring-context-3.2.xsd, http://www.springframework.org/schema/jdbc/spring-jdbc-4.2.xsd=org/springframework/jdbc/config/spring-jdbc-4.2.xsd, http://www.springframework.org/schema/mvc/spring-mvc-4.2.xsd=org/springframework/web/servlet/config/spring-mvc-4.2.xsd, http://www.springframework.org/schema/util/spring-util-3.1.xsd=org/springframework/beans/factory/xml/spring-util-3.1.xsd, http://www.springframework.org/schema/beans/spring-beans-2.0.xsd=org/springframework/beans/factory/xml/spring-beans-2.0.xsd, http://www.springframework.org/schema/cache/spring-cache.xsd=org/springframework/cache/config/spring-cache-4.2.xsd, http://www.springframework.org/schema/tx/spring-tx.xsd=org/springframework/transaction/config/spring-tx-4.2.xsd, http://www.springframework.org/schema/lang/spring-lang-4.2.xsd=org/springframework/scripting/config/spring-lang-4.2.xsd, http://www.springframework.org/schema/context/spring-context-4.1.xsd=org/springframework/context/config/spring-context-4.1.xsd, http://www.springframework.org/schema/beans/spring-beans-2.5.xsd=org/springframework/beans/factory/xml/spring-beans-2.5.xsd, http://www.springframework.org/schema/tool/spring-tool-4.2.xsd=org/springframework/beans/factory/xml/spring-tool-4.2.xsd, http://www.springframework.org/schema/tx/spring-tx-2.0.xsd=org/springframework/transaction/config/spring-tx-2.0.xsd, http://www.springframework.org/schema/jee/spring-jee-4.2.xsd=org/springframework/ejb/config/spring-jee-4.2.xsd, http://www.springframework.org/schema/jdbc/spring-jdbc-3.2.xsd=org/springframework/jdbc/config/spring-jdbc-3.2.xsd, http://www.springframework.org/schema/aop/spring-aop.xsd=org/springframework/aop/config/spring-aop-4.2.xsd}
2016-09-12 18:25:26,051 3509  DEBUG [org.springframework.beans.factory.xml.PluggableSchemaResolver] (main:) Found XML schema [http://www.springframework.org/schema/beans/spring-beans.xsd] in classpath: org/springframework/beans/factory/xml/spring-beans-4.2.xsd
2016-09-12 18:25:26,223 3681  DEBUG [org.springframework.beans.factory.xml.PluggableSchemaResolver] (main:) Found XML schema [http://code.alibabatech.com/schema/dubbo/dubbo.xsd] in classpath: META-INF/dubbo.xsd
2016-09-12 18:25:26,626 4084  DEBUG [org.springframework.beans.factory.xml.DefaultBeanDefinitionDocumentReader] (main:) Loading bean definitions
2016-09-12 18:25:26,692 4150  DEBUG [org.springframework.beans.factory.xml.DefaultNamespaceHandlerResolver] (main:) Loaded mappings [{http://www.springframework.org/schema/p=org.springframework.beans.factory.xml.SimplePropertyNamespaceHandler, http://www.springframework.org/schema/mvc=org.springframework.web.servlet.config.MvcNamespaceHandler, http://www.springframework.org/schema/util=org.springframework.beans.factory.xml.UtilNamespaceHandler, http://code.alibabatech.com/schema/dubbo=com.alibaba.dubbo.config.spring.schema.DubboNamespaceHandler, http://www.springframework.org/schema/jee=org.springframework.ejb.config.JeeNamespaceHandler, http://www.springframework.org/schema/aop=org.springframework.aop.config.AopNamespaceHandler, http://www.springframework.org/schema/jdbc=org.springframework.jdbc.config.JdbcNamespaceHandler, http://www.springframework.org/schema/cache=org.springframework.cache.config.CacheNamespaceHandler, http://mybatis.org/schema/mybatis-spring=org.mybatis.spring.config.NamespaceHandler, http://www.springframework.org/schema/c=org.springframework.beans.factory.xml.SimpleConstructorNamespaceHandler, http://www.springframework.org/schema/tx=org.springframework.transaction.config.TxNamespaceHandler, http://www.springframework.org/schema/task=org.springframework.scheduling.config.TaskNamespaceHandler, http://www.springframework.org/schema/jms=org.springframework.jms.config.JmsNamespaceHandler, http://www.springframework.org/schema/lang=org.springframework.scripting.config.LangNamespaceHandler, http://www.springframework.org/schema/context=org.springframework.context.config.ContextNamespaceHandler}]
2016-09-12 18:25:26,955 4413  INFO  [com.alibaba.dubbo.common.logger.LoggerFactory] (main:) using logger: com.alibaba.dubbo.common.logger.log4j.Log4jLoggerAdapter
2016-09-12 18:25:28,584 6042  DEBUG [org.springframework.beans.factory.xml.XmlBeanDefinitionReader] (main:) Loaded 5 bean definitions from location pattern [provider1.xml]
2016-09-12 18:25:28,584 6042  INFO  [org.springframework.context.support.ClassPathXmlApplicationContext] (main:) Bean factory for application context [org.springframework.context.support.ClassPathXmlApplicationContext@7de26db8]: org.springframework.beans.factory.support.DefaultListableBeanFactory@523884b2
2016-09-12 18:25:28,584 6042  DEBUG [org.springframework.context.support.ClassPathXmlApplicationContext] (main:) 5 beans defined in org.springframework.context.support.ClassPathXmlApplicationContext@7de26db8: display name [org.springframework.context.support.ClassPathXmlApplicationContext@7de26db8]; startup date [Mon Sep 12 18:25:22 CST 2016]; root of context hierarchy
2016-09-12 18:25:28,941 6399  DEBUG [org.springframework.context.support.ClassPathXmlApplicationContext] (main:) Unable to locate MessageSource with name 'messageSource': using default [org.springframework.context.support.DelegatingMessageSource@53b32d7]
2016-09-12 18:25:28,960 6418  DEBUG [org.springframework.context.support.ClassPathXmlApplicationContext] (main:) Unable to locate ApplicationEventMulticaster with name 'applicationEventMulticaster': using default [org.springframework.context.event.SimpleApplicationEventMulticaster@4dfa3a9d]
2016-09-12 18:25:28,962 6420  DEBUG [org.springframework.beans.factory.support.DefaultListableBeanFactory] (main:) Creating shared instance of singleton bean 'mycodelearn.undergrowth.dubbo.test.DemoService'
2016-09-12 18:25:29,008 6466  DEBUG [org.springframework.beans.factory.support.DefaultListableBeanFactory] (main:) Creating instance of bean 'mycodelearn.undergrowth.dubbo.test.DemoService'
2016-09-12 18:25:29,317 6775  DEBUG [com.alibaba.dubbo.common.extension.ExtensionLoader] (main:)  [DUBBO] package com.alibaba.dubbo.rpc;
import com.alibaba.dubbo.common.extension.ExtensionLoader;
public class Protocol$Adpative implements com.alibaba.dubbo.rpc.Protocol {
public void destroy() {throw new UnsupportedOperationException("method public abstract void com.alibaba.dubbo.rpc.Protocol.destroy() of interface com.alibaba.dubbo.rpc.Protocol is not adaptive method!");
}
public int getDefaultPort() {throw new UnsupportedOperationException("method public abstract int com.alibaba.dubbo.rpc.Protocol.getDefaultPort() of interface com.alibaba.dubbo.rpc.Protocol is not adaptive method!");
}
public com.alibaba.dubbo.rpc.Invoker refer(java.lang.Class arg0, com.alibaba.dubbo.common.URL arg1) throws java.lang.Class {
if (arg1 == null) throw new IllegalArgumentException("url == null");
com.alibaba.dubbo.common.URL url = arg1;
String extName = ( url.getProtocol() == null ? "dubbo" : url.getProtocol() );
if(extName == null) throw new IllegalStateException("Fail to get extension(com.alibaba.dubbo.rpc.Protocol) name from url(" + url.toString() + ") use keys([protocol])");
com.alibaba.dubbo.rpc.Protocol extension = (com.alibaba.dubbo.rpc.Protocol)ExtensionLoader.getExtensionLoader(com.alibaba.dubbo.rpc.Protocol.class).getExtension(extName);
return extension.refer(arg0, arg1);
}
public com.alibaba.dubbo.rpc.Exporter export(com.alibaba.dubbo.rpc.Invoker arg0) throws com.alibaba.dubbo.rpc.Invoker {
if (arg0 == null) throw new IllegalArgumentException("com.alibaba.dubbo.rpc.Invoker argument == null");
if (arg0.getUrl() == null) throw new IllegalArgumentException("com.alibaba.dubbo.rpc.Invoker argument getUrl() == null");com.alibaba.dubbo.common.URL url = arg0.getUrl();
String extName = ( url.getProtocol() == null ? "dubbo" : url.getProtocol() );
if(extName == null) throw new IllegalStateException("Fail to get extension(com.alibaba.dubbo.rpc.Protocol) name from url(" + url.toString() + ") use keys([protocol])");
com.alibaba.dubbo.rpc.Protocol extension = (com.alibaba.dubbo.rpc.Protocol)ExtensionLoader.getExtensionLoader(com.alibaba.dubbo.rpc.Protocol.class).getExtension(extName);
return extension.export(arg0);
}
}, dubbo version: 2.5.3, current host: 127.0.0.1
2016-09-12 18:25:29,942 7400  DEBUG [com.alibaba.dubbo.common.extension.ExtensionLoader] (main:)  [DUBBO] package com.alibaba.dubbo.rpc;
import com.alibaba.dubbo.common.extension.ExtensionLoader;
public class ProxyFactory$Adpative implements com.alibaba.dubbo.rpc.ProxyFactory {
public java.lang.Object getProxy(com.alibaba.dubbo.rpc.Invoker arg0) throws com.alibaba.dubbo.rpc.Invoker {
if (arg0 == null) throw new IllegalArgumentException("com.alibaba.dubbo.rpc.Invoker argument == null");
if (arg0.getUrl() == null) throw new IllegalArgumentException("com.alibaba.dubbo.rpc.Invoker argument getUrl() == null");com.alibaba.dubbo.common.URL url = arg0.getUrl();
String extName = url.getParameter("proxy", "javassist");
if(extName == null) throw new IllegalStateException("Fail to get extension(com.alibaba.dubbo.rpc.ProxyFactory) name from url(" + url.toString() + ") use keys([proxy])");
com.alibaba.dubbo.rpc.ProxyFactory extension = (com.alibaba.dubbo.rpc.ProxyFactory)ExtensionLoader.getExtensionLoader(com.alibaba.dubbo.rpc.ProxyFactory.class).getExtension(extName);
return extension.getProxy(arg0);
}
public com.alibaba.dubbo.rpc.Invoker getInvoker(java.lang.Object arg0, java.lang.Class arg1, com.alibaba.dubbo.common.URL arg2) throws java.lang.Object {
if (arg2 == null) throw new IllegalArgumentException("url == null");
com.alibaba.dubbo.common.URL url = arg2;
String extName = url.getParameter("proxy", "javassist");
if(extName == null) throw new IllegalStateException("Fail to get extension(com.alibaba.dubbo.rpc.ProxyFactory) name from url(" + url.toString() + ") use keys([proxy])");
com.alibaba.dubbo.rpc.ProxyFactory extension = (com.alibaba.dubbo.rpc.ProxyFactory)ExtensionLoader.getExtensionLoader(com.alibaba.dubbo.rpc.ProxyFactory.class).getExtension(extName);
return extension.getInvoker(arg0, arg1, arg2);
}
}, dubbo version: 2.5.3, current host: 127.0.0.1
2016-09-12 18:25:30,250 7708  DEBUG [org.springframework.beans.factory.support.DefaultListableBeanFactory] (main:) Eagerly caching bean 'mycodelearn.undergrowth.dubbo.test.DemoService' to allow for resolving potential circular references
2016-09-12 18:25:30,572 8030  DEBUG [org.springframework.beans.factory.support.DefaultListableBeanFactory] (main:) Creating shared instance of singleton bean 'demoService'
2016-09-12 18:25:30,657 8115  DEBUG [org.springframework.beans.factory.support.DefaultListableBeanFactory] (main:) Creating instance of bean 'demoService'
2016-09-12 18:25:30,658 8116  DEBUG [org.springframework.beans.factory.support.DefaultListableBeanFactory] (main:) Eagerly caching bean 'demoService' to allow for resolving potential circular references
2016-09-12 18:25:30,658 8116  DEBUG [org.springframework.beans.factory.support.DefaultListableBeanFactory] (main:) Finished creating instance of bean 'demoService'
2016-09-12 18:25:30,921 8379  DEBUG [org.springframework.beans.factory.support.DefaultListableBeanFactory] (main:) Creating shared instance of singleton bean 'dubboProto'
2016-09-12 18:25:30,921 8379  DEBUG [org.springframework.beans.factory.support.DefaultListableBeanFactory] (main:) Creating instance of bean 'dubboProto'
2016-09-12 18:25:30,921 8379  DEBUG [org.springframework.beans.factory.support.DefaultListableBeanFactory] (main:) Eagerly caching bean 'dubboProto' to allow for resolving potential circular references
2016-09-12 18:25:31,175 8633  DEBUG [org.springframework.beans.factory.support.DefaultListableBeanFactory] (main:) Finished creating instance of bean 'dubboProto'
2016-09-12 18:25:31,177 8635  DEBUG [org.springframework.beans.factory.support.DefaultListableBeanFactory] (main:) Creating shared instance of singleton bean 'zKRegistry'
2016-09-12 18:25:31,177 8635  DEBUG [org.springframework.beans.factory.support.DefaultListableBeanFactory] (main:) Creating instance of bean 'zKRegistry'
2016-09-12 18:25:31,178 8636  DEBUG [org.springframework.beans.factory.support.DefaultListableBeanFactory] (main:) Eagerly caching bean 'zKRegistry' to allow for resolving potential circular references
2016-09-12 18:25:31,184 8642  DEBUG [org.springframework.beans.factory.support.DefaultListableBeanFactory] (main:) Finished creating instance of bean 'zKRegistry'
2016-09-12 18:25:31,186 8644  DEBUG [org.springframework.beans.factory.support.DefaultListableBeanFactory] (main:) Invoking afterPropertiesSet() on bean with name 'mycodelearn.undergrowth.dubbo.test.DemoService'
2016-09-12 18:25:31,187 8645  DEBUG [org.springframework.beans.factory.support.DefaultListableBeanFactory] (main:) Creating shared instance of singleton bean 'hello-world-app'
2016-09-12 18:25:31,187 8645  DEBUG [org.springframework.beans.factory.support.DefaultListableBeanFactory] (main:) Creating instance of bean 'hello-world-app'
2016-09-12 18:25:31,188 8646  DEBUG [org.springframework.beans.factory.support.DefaultListableBeanFactory] (main:) Eagerly caching bean 'hello-world-app' to allow for resolving potential circular references
2016-09-12 18:25:31,192 8650  DEBUG [org.springframework.beans.factory.support.DefaultListableBeanFactory] (main:) Finished creating instance of bean 'hello-world-app'
2016-09-12 18:25:31,194 8652  DEBUG [org.springframework.beans.factory.support.DefaultListableBeanFactory] (main:) Finished creating instance of bean 'mycodelearn.undergrowth.dubbo.test.DemoService'
2016-09-12 18:25:31,195 8653  INFO  [org.springframework.beans.factory.support.DefaultListableBeanFactory] (main:) Pre-instantiating singletons in org.springframework.beans.factory.support.DefaultListableBeanFactory@523884b2: defining beans [hello-world-app,zKRegistry,dubboProto,mycodelearn.undergrowth.dubbo.test.DemoService,demoService]; root of factory hierarchy
2016-09-12 18:25:31,195 8653  DEBUG [org.springframework.beans.factory.support.DefaultListableBeanFactory] (main:) Returning cached instance of singleton bean 'hello-world-app'
2016-09-12 18:25:31,195 8653  DEBUG [org.springframework.beans.factory.support.DefaultListableBeanFactory] (main:) Returning cached instance of singleton bean 'zKRegistry'
2016-09-12 18:25:31,195 8653  DEBUG [org.springframework.beans.factory.support.DefaultListableBeanFactory] (main:) Returning cached instance of singleton bean 'dubboProto'
2016-09-12 18:25:31,195 8653  DEBUG [org.springframework.beans.factory.support.DefaultListableBeanFactory] (main:) Returning cached instance of singleton bean 'mycodelearn.undergrowth.dubbo.test.DemoService'
2016-09-12 18:25:31,197 8655  DEBUG [org.springframework.beans.factory.support.DefaultListableBeanFactory] (main:) Returning cached instance of singleton bean 'demoService'
2016-09-12 18:25:31,198 8656  INFO  [com.alibaba.dubbo.config.AbstractConfig] (main:)  [DUBBO] The service ready on spring started. service: mycodelearn.undergrowth.dubbo.test.DemoService, dubbo version: 2.5.3, current host: 127.0.0.1
2016-09-12 18:25:32,620 10078 DEBUG [com.alibaba.dubbo.common.extension.ExtensionLoader] (main:)  [DUBBO] package com.alibaba.dubbo.cache;
import com.alibaba.dubbo.common.extension.ExtensionLoader;
public class CacheFactory$Adpative implements com.alibaba.dubbo.cache.CacheFactory {
public com.alibaba.dubbo.cache.Cache getCache(com.alibaba.dubbo.common.URL arg0) {
if (arg0 == null) throw new IllegalArgumentException("url == null");
com.alibaba.dubbo.common.URL url = arg0;
String extName = url.getParameter("cache", "lru");
if(extName == null) throw new IllegalStateException("Fail to get extension(com.alibaba.dubbo.cache.CacheFactory) name from url(" + url.toString() + ") use keys([cache])");
com.alibaba.dubbo.cache.CacheFactory extension = (com.alibaba.dubbo.cache.CacheFactory)ExtensionLoader.getExtensionLoader(com.alibaba.dubbo.cache.CacheFactory.class).getExtension(extName);
return extension.getCache(arg0);
}
}, dubbo version: 2.5.3, current host: 127.0.0.1
2016-09-12 18:25:32,670 10128 DEBUG [com.alibaba.dubbo.common.extension.ExtensionLoader] (main:)  [DUBBO] package com.alibaba.dubbo.monitor;
import com.alibaba.dubbo.common.extension.ExtensionLoader;
public class MonitorFactory$Adpative implements com.alibaba.dubbo.monitor.MonitorFactory {
public com.alibaba.dubbo.monitor.Monitor getMonitor(com.alibaba.dubbo.common.URL arg0) {
if (arg0 == null) throw new IllegalArgumentException("url == null");
com.alibaba.dubbo.common.URL url = arg0;
String extName = ( url.getProtocol() == null ? "dubbo" : url.getProtocol() );
if(extName == null) throw new IllegalStateException("Fail to get extension(com.alibaba.dubbo.monitor.MonitorFactory) name from url(" + url.toString() + ") use keys([protocol])");
com.alibaba.dubbo.monitor.MonitorFactory extension = (com.alibaba.dubbo.monitor.MonitorFactory)ExtensionLoader.getExtensionLoader(com.alibaba.dubbo.monitor.MonitorFactory.class).getExtension(extName);
return extension.getMonitor(arg0);
}
}, dubbo version: 2.5.3, current host: 127.0.0.1
2016-09-12 18:25:32,732 10190 DEBUG [com.alibaba.dubbo.common.extension.ExtensionLoader] (main:)  [DUBBO] package com.alibaba.dubbo.validation;
import com.alibaba.dubbo.common.extension.ExtensionLoader;
public class Validation$Adpative implements com.alibaba.dubbo.validation.Validation {
public com.alibaba.dubbo.validation.Validator getValidator(com.alibaba.dubbo.common.URL arg0) {
if (arg0 == null) throw new IllegalArgumentException("url == null");
com.alibaba.dubbo.common.URL url = arg0;
String extName = url.getParameter("validation", "jvalidation");
if(extName == null) throw new IllegalStateException("Fail to get extension(com.alibaba.dubbo.validation.Validation) name from url(" + url.toString() + ") use keys([validation])");
com.alibaba.dubbo.validation.Validation extension = (com.alibaba.dubbo.validation.Validation)ExtensionLoader.getExtensionLoader(com.alibaba.dubbo.validation.Validation.class).getExtension(extName);
return extension.getValidator(arg0);
}
}, dubbo version: 2.5.3, current host: 127.0.0.1
2016-09-12 18:25:32,763 10221 INFO  [com.alibaba.dubbo.config.AbstractConfig] (main:)  [DUBBO] Export dubbo service mycodelearn.undergrowth.dubbo.test.DemoService to local registry, dubbo version: 2.5.3, current host: 127.0.0.1
2016-09-12 18:25:32,764 10222 INFO  [com.alibaba.dubbo.config.AbstractConfig] (main:)  [DUBBO] Export dubbo service mycodelearn.undergrowth.dubbo.test.DemoService to url dubbo://172.16.28.84:20880/mycodelearn.undergrowth.dubbo.test.DemoService?anyhost=true&application=hello-world-app&dubbo=2.5.3&dynamic=true&group=test&interface=mycodelearn.undergrowth.dubbo.test.DemoService&methods=sayHello&pid=34916&retries=5&revision=1.0&side=provider&timestamp=1473675932354&version=1.0, dubbo version: 2.5.3, current host: 127.0.0.1
2016-09-12 18:25:32,764 10222 INFO  [com.alibaba.dubbo.config.AbstractConfig] (main:)  [DUBBO] Register dubbo service mycodelearn.undergrowth.dubbo.test.DemoService url dubbo://172.16.28.84:20880/mycodelearn.undergrowth.dubbo.test.DemoService?anyhost=true&application=hello-world-app&dubbo=2.5.3&dynamic=true&group=test&interface=mycodelearn.undergrowth.dubbo.test.DemoService&methods=sayHello&pid=34916&retries=5&revision=1.0&side=provider&timestamp=1473675932354&version=1.0 to registry registry://192.168.126.137:2181/com.alibaba.dubbo.registry.RegistryService?application=hello-world-app&dubbo=2.5.3&pid=34916&registry=zookeeper&timestamp=1473675931264, dubbo version: 2.5.3, current host: 127.0.0.1
2016-09-12 18:25:32,796 10254 DEBUG [com.alibaba.dubbo.common.extension.ExtensionLoader] (main:)  [DUBBO] package com.alibaba.dubbo.registry;
import com.alibaba.dubbo.common.extension.ExtensionLoader;
public class RegistryFactory$Adpative implements com.alibaba.dubbo.registry.RegistryFactory {
public com.alibaba.dubbo.registry.Registry getRegistry(com.alibaba.dubbo.common.URL arg0) {
if (arg0 == null) throw new IllegalArgumentException("url == null");
com.alibaba.dubbo.common.URL url = arg0;
String extName = ( url.getProtocol() == null ? "dubbo" : url.getProtocol() );
if(extName == null) throw new IllegalStateException("Fail to get extension(com.alibaba.dubbo.registry.RegistryFactory) name from url(" + url.toString() + ") use keys([protocol])");
com.alibaba.dubbo.registry.RegistryFactory extension = (com.alibaba.dubbo.registry.RegistryFactory)ExtensionLoader.getExtensionLoader(com.alibaba.dubbo.registry.RegistryFactory.class).getExtension(extName);
return extension.getRegistry(arg0);
}
}, dubbo version: 2.5.3, current host: 127.0.0.1
2016-09-12 18:25:32,817 10275 DEBUG [com.alibaba.dubbo.common.extension.ExtensionLoader] (main:)  [DUBBO] package com.alibaba.dubbo.rpc.cluster;
import com.alibaba.dubbo.common.extension.ExtensionLoader;
public class Cluster$Adpative implements com.alibaba.dubbo.rpc.cluster.Cluster {
public com.alibaba.dubbo.rpc.Invoker join(com.alibaba.dubbo.rpc.cluster.Directory arg0) throws com.alibaba.dubbo.rpc.cluster.Directory {
if (arg0 == null) throw new IllegalArgumentException("com.alibaba.dubbo.rpc.cluster.Directory argument == null");
if (arg0.getUrl() == null) throw new IllegalArgumentException("com.alibaba.dubbo.rpc.cluster.Directory argument getUrl() == null");com.alibaba.dubbo.common.URL url = arg0.getUrl();
String extName = url.getParameter("cluster", "failover");
if(extName == null) throw new IllegalStateException("Fail to get extension(com.alibaba.dubbo.rpc.cluster.Cluster) name from url(" + url.toString() + ") use keys([cluster])");
com.alibaba.dubbo.rpc.cluster.Cluster extension = (com.alibaba.dubbo.rpc.cluster.Cluster)ExtensionLoader.getExtensionLoader(com.alibaba.dubbo.rpc.cluster.Cluster.class).getExtension(extName);
return extension.join(arg0);
}
}, dubbo version: 2.5.3, current host: 127.0.0.1
2016-09-12 18:25:32,861 10319 DEBUG [com.alibaba.dubbo.common.extension.ExtensionLoader] (main:)  [DUBBO] package com.alibaba.dubbo.remoting;
import com.alibaba.dubbo.common.extension.ExtensionLoader;
public class Transporter$Adpative implements com.alibaba.dubbo.remoting.Transporter {
public com.alibaba.dubbo.remoting.Client connect(com.alibaba.dubbo.common.URL arg0, com.alibaba.dubbo.remoting.ChannelHandler arg1) throws com.alibaba.dubbo.common.URL {
if (arg0 == null) throw new IllegalArgumentException("url == null");
com.alibaba.dubbo.common.URL url = arg0;
String extName = url.getParameter("client", url.getParameter("transporter", "netty"));
if(extName == null) throw new IllegalStateException("Fail to get extension(com.alibaba.dubbo.remoting.Transporter) name from url(" + url.toString() + ") use keys([client, transporter])");
com.alibaba.dubbo.remoting.Transporter extension = (com.alibaba.dubbo.remoting.Transporter)ExtensionLoader.getExtensionLoader(com.alibaba.dubbo.remoting.Transporter.class).getExtension(extName);
return extension.connect(arg0, arg1);
}
public com.alibaba.dubbo.remoting.Server bind(com.alibaba.dubbo.common.URL arg0, com.alibaba.dubbo.remoting.ChannelHandler arg1) throws com.alibaba.dubbo.common.URL {
if (arg0 == null) throw new IllegalArgumentException("url == null");
com.alibaba.dubbo.common.URL url = arg0;
String extName = url.getParameter("server", url.getParameter("transporter", "netty"));
if(extName == null) throw new IllegalStateException("Fail to get extension(com.alibaba.dubbo.remoting.Transporter) name from url(" + url.toString() + ") use keys([server, transporter])");
com.alibaba.dubbo.remoting.Transporter extension = (com.alibaba.dubbo.remoting.Transporter)ExtensionLoader.getExtensionLoader(com.alibaba.dubbo.remoting.Transporter.class).getExtension(extName);
return extension.bind(arg0, arg1);
}
}, dubbo version: 2.5.3, current host: 127.0.0.1
2016-09-12 18:25:32,993 10451 DEBUG [com.alibaba.dubbo.common.extension.ExtensionLoader] (main:)  [DUBBO] package com.alibaba.dubbo.remoting;
import com.alibaba.dubbo.common.extension.ExtensionLoader;
public class Dispatcher$Adpative implements com.alibaba.dubbo.remoting.Dispatcher {
public com.alibaba.dubbo.remoting.ChannelHandler dispatch(com.alibaba.dubbo.remoting.ChannelHandler arg0, com.alibaba.dubbo.common.URL arg1) {
if (arg1 == null) throw new IllegalArgumentException("url == null");
com.alibaba.dubbo.common.URL url = arg1;
String extName = url.getParameter("dispatcher", url.getParameter("dispather", url.getParameter("channel.handler", "all")));
if(extName == null) throw new IllegalStateException("Fail to get extension(com.alibaba.dubbo.remoting.Dispatcher) name from url(" + url.toString() + ") use keys([dispatcher, dispather, channel.handler])");
com.alibaba.dubbo.remoting.Dispatcher extension = (com.alibaba.dubbo.remoting.Dispatcher)ExtensionLoader.getExtensionLoader(com.alibaba.dubbo.remoting.Dispatcher.class).getExtension(extName);
return extension.dispatch(arg0, arg1);
}
}, dubbo version: 2.5.3, current host: 127.0.0.1
2016-09-12 18:25:33,009 10467 DEBUG [com.alibaba.dubbo.common.extension.ExtensionLoader] (main:)  [DUBBO] package com.alibaba.dubbo.common.threadpool;
import com.alibaba.dubbo.common.extension.ExtensionLoader;
public class ThreadPool$Adpative implements com.alibaba.dubbo.common.threadpool.ThreadPool {
public java.util.concurrent.Executor getExecutor(com.alibaba.dubbo.common.URL arg0) {
if (arg0 == null) throw new IllegalArgumentException("url == null");
com.alibaba.dubbo.common.URL url = arg0;
String extName = url.getParameter("threadpool", "fixed");
if(extName == null) throw new IllegalStateException("Fail to get extension(com.alibaba.dubbo.common.threadpool.ThreadPool) name from url(" + url.toString() + ") use keys([threadpool])");
com.alibaba.dubbo.common.threadpool.ThreadPool extension = (com.alibaba.dubbo.common.threadpool.ThreadPool)ExtensionLoader.getExtensionLoader(com.alibaba.dubbo.common.threadpool.ThreadPool.class).getExtension(extName);
return extension.getExecutor(arg0);
}
}, dubbo version: 2.5.3, current host: 127.0.0.1
2016-09-12 18:25:33,380 10838 DEBUG [org.jboss.netty.channel.socket.nio.NioProviderMetadata] (main:)  [DUBBO] Using the autodetected NIO constraint level: 0, dubbo version: 2.5.3, current host: 127.0.0.1
2016-09-12 18:25:33,881 11339 INFO  [com.alibaba.dubbo.remoting.transport.AbstractServer] (main:)  [DUBBO] Start NettyServer bind /0.0.0.0:20880, export /172.16.28.84:20880, dubbo version: 2.5.3, current host: 127.0.0.1
2016-09-12 18:25:33,920 11378 DEBUG [com.alibaba.dubbo.common.extension.ExtensionLoader] (main:)  [DUBBO] package com.alibaba.dubbo.remoting.zookeeper;
import com.alibaba.dubbo.common.extension.ExtensionLoader;
public class ZookeeperTransporter$Adpative implements com.alibaba.dubbo.remoting.zookeeper.ZookeeperTransporter {
public com.alibaba.dubbo.remoting.zookeeper.ZookeeperClient connect(com.alibaba.dubbo.common.URL arg0) {
if (arg0 == null) throw new IllegalArgumentException("url == null");
com.alibaba.dubbo.common.URL url = arg0;
String extName = url.getParameter("client", url.getParameter("transporter", "zkclient"));
if(extName == null) throw new IllegalStateException("Fail to get extension(com.alibaba.dubbo.remoting.zookeeper.ZookeeperTransporter) name from url(" + url.toString() + ") use keys([client, transporter])");
com.alibaba.dubbo.remoting.zookeeper.ZookeeperTransporter extension = (com.alibaba.dubbo.remoting.zookeeper.ZookeeperTransporter)ExtensionLoader.getExtensionLoader(com.alibaba.dubbo.remoting.zookeeper.ZookeeperTransporter.class).getExtension(extName);
return extension.connect(arg0);
}
}, dubbo version: 2.5.3, current host: 127.0.0.1
2016-09-12 18:25:34,014 11472 INFO  [com.alibaba.dubbo.registry.zookeeper.ZookeeperRegistry] (main:)  [DUBBO] Load registry store file C:\Users\u1\.dubbo\dubbo-registry-192.168.126.137.cache, data: {com.gpdi.searchengine.commonservice.api.service.DocSearchService=dubbo://192.168.126.1:20884/com.gpdi.searchengine.commonservice.api.service.DocSearchService?anyhost=true&application=searchindex&dubbo=2.5.3&interface=com.gpdi.searchengine.commonservice.api.service.DocSearchService&loadbalance=roundrobin&methods=search&owner=gpdi&pid=13492&side=provider&timestamp=1472998136877 empty://192.168.126.1/com.gpdi.searchengine.commonservice.api.service.DocSearchService?application=searchindex&category=configurators&dubbo=2.5.3&interface=com.gpdi.searchengine.commonservice.api.service.DocSearchService&methods=search&owner=gpdi&pid=12308&side=consumer&timestamp=1472998487136 empty://192.168.126.1/com.gpdi.searchengine.commonservice.api.service.DocSearchService?application=searchindex&category=routers&dubbo=2.5.3&interface=com.gpdi.searchengine.commonservice.api.service.DocSearchService&methods=search&owner=gpdi&pid=12308&side=consumer&timestamp=1472998487136, com.gpdi.searchengine.commonservice.api.service.DocIndexService=dubbo://192.168.126.1:20884/com.gpdi.searchengine.commonservice.api.service.DocIndexService?anyhost=true&application=searchindex&dubbo=2.5.3&interface=com.gpdi.searchengine.commonservice.api.service.DocIndexService&loadbalance=roundrobin&methods=addIndex,deleteIndex,updateIndex&owner=gpdi&pid=13492&side=provider&timestamp=1472998117456 empty://192.168.126.1/com.gpdi.searchengine.commonservice.api.service.DocIndexService?application=searchindex&category=configurators&dubbo=2.5.3&interface=com.gpdi.searchengine.commonservice.api.service.DocIndexService&methods=addIndex,deleteIndex,updateIndex&owner=gpdi&pid=12308&side=consumer&timestamp=1472998216143 empty://192.168.126.1/com.gpdi.searchengine.commonservice.api.service.DocIndexService?application=searchindex&category=routers&dubbo=2.5.3&interface=com.gpdi.searchengine.commonservice.api.service.DocIndexService&methods=addIndex,deleteIndex,updateIndex&owner=gpdi&pid=12308&side=consumer&timestamp=1472998216143, searchindex/com.gpdi.searchengine.commonservice.api.service.DocSearchService:1.0=empty://172.16.28.84:20884/com.gpdi.searchengine.commonservice.api.service.DocSearchService?anyhost=true&application=searchindexserver&category=configurators&check=false&dubbo=2.5.3&group=searchindex&interface=com.gpdi.searchengine.commonservice.api.service.DocSearchService&loadbalance=roundrobin&methods=search&owner=gpdi&pid=16236&retries=5&revision=1.0&side=provider&timestamp=1473154405188&version=1.0, searchindex/com.gpdi.searchengine.commonservice.api.service.DocIndexService:1.0=empty://172.16.28.84:20884/com.gpdi.searchengine.commonservice.api.service.DocIndexService?anyhost=true&application=searchindexserver&category=configurators&check=false&dubbo=2.5.3&group=searchindex&interface=com.gpdi.searchengine.commonservice.api.service.DocIndexService&loadbalance=roundrobin&methods=addIndex,deleteIndex,updateIndex&owner=gpdi&pid=16236&retries=5&revision=1.0&side=provider&timestamp=1473154395517&version=1.0, */mycodelearn.undergrowth.dubbo.test.DemoService:*=empty://192.168.126.1/mycodelearn.undergrowth.dubbo.test.DemoService?category=consumers&check=false&classifier=*&group=*&interface=mycodelearn.undergrowth.dubbo.test.DemoService&version=* empty://192.168.126.1/mycodelearn.undergrowth.dubbo.test.DemoService?category=providers&check=false&classifier=*&group=*&interface=mycodelearn.undergrowth.dubbo.test.DemoService&version=*, searchindex/com.gpdi.searchengine.commonservice.api.service.DocSearchService:2.0=empty://172.16.28.84:20884/com.gpdi.searchengine.commonservice.api.service.DocSearchService?anyhost=true&application=searchindexserver&category=configurators&check=false&dubbo=2.5.3&group=searchindex&interface=com.gpdi.searchengine.commonservice.api.service.DocSearchService&loadbalance=roundrobin&methods=search&owner=gpdi&pid=24852&retries=1&revision=2.0&side=provider&timeout=3000&timestamp=1473328098245&version=2.0, */com.gpdi.searchengine.commonservice.api.service.DocSearchService:*=consumer://192.168.122.1/com.gpdi.searchengine.commonservice.api.service.DocSearchService?application=searchindexclient&category=consumers&check=false&dubbo=2.5.3&group=searchindex&interface=com.gpdi.searchengine.commonservice.api.service.DocSearchService&methods=search&owner=gpdi&pid=6289&revision=0.0.1-SNAPSHOT&side=consumer&timestamp=1473240770495&version=1.0 dubbo://192.168.126.137:20884/com.gpdi.searchengine.commonservice.api.service.DocSearchService?anyhost=true&application=searchindexserver&dubbo=2.5.3&group=searchindex&interface=com.gpdi.searchengine.commonservice.api.service.DocSearchService&loadbalance=roundrobin&methods=search&owner=gpdi&pid=6145&retries=5&revision=0.0.1-SNAPSHOT&side=provider&timestamp=1473239741511&version=1.0, test1/mycodelearn.undergrowth.dubbo.test.DemoService:1.0=empty://172.16.28.84/mycodelearn.undergrowth.dubbo.test.DemoService?application=consumer-of-helloworld-app&category=configurators&dubbo=2.5.3&group=test1&interface=mycodelearn.undergrowth.dubbo.test.DemoService&methods=sayHello&pid=11236&revision=1.0&side=consumer&timestamp=1473056730598&version=1.0 empty://172.16.28.84/mycodelearn.undergrowth.dubbo.test.DemoService?application=consumer-of-helloworld-app&category=routers&dubbo=2.5.3&group=test1&interface=mycodelearn.undergrowth.dubbo.test.DemoService&methods=sayHello&pid=11236&revision=1.0&side=consumer&timestamp=1473056730598&version=1.0 empty://172.16.28.84/mycodelearn.undergrowth.dubbo.test.DemoService?application=consumer-of-helloworld-app&category=providers&dubbo=2.5.3&group=test1&interface=mycodelearn.undergrowth.dubbo.test.DemoService&methods=sayHello&pid=11236&revision=1.0&side=consumer&timestamp=1473056730598&version=1.0, searchindex/com.gpdi.searchengine.commonservice.api.service.DocIndexService:2.0=empty://172.16.28.84:20884/com.gpdi.searchengine.commonservice.api.service.DocIndexService?anyhost=true&application=searchindexserver&category=configurators&check=false&dubbo=2.5.3&group=searchindex&interface=com.gpdi.searchengine.commonservice.api.service.DocIndexService&loadbalance=roundrobin&methods=addIndex,deleteIndex,updateIndex&owner=gpdi&pid=24852&retries=1&revision=2.0&side=provider&timeout=3000&timestamp=1473328088183&version=2.0, com.alibaba.dubbo.monitor.MonitorService=empty://192.168.126.1:7070/com.alibaba.dubbo.monitor.MonitorService?anyhost=true&application=simple-monitor&category=configurators&check=false&delay=-1&dubbo=2.5.4-SNAPSHOT&generic=false&interface=com.alibaba.dubbo.monitor.MonitorService&methods=lookup,collect&pid=15540&revision=2.5.4-SNAPSHOT&side=provider&timestamp=1473217959430, */com.alibaba.dubbo.monitor.MonitorService:*=consumer://192.168.122.1/com.alibaba.dubbo.monitor.MonitorService?category=consumers&check=false&dubbo=2.5.3&interface=com.alibaba.dubbo.monitor.MonitorService&pid=6145&timestamp=1473239740465 dubbo://192.168.126.1:7070/com.alibaba.dubbo.monitor.MonitorService?anyhost=true&application=simple-monitor&delay=-1&dubbo=2.5.4-SNAPSHOT&generic=false&interface=com.alibaba.dubbo.monitor.MonitorService&methods=lookup,collect&pid=15540&revision=2.5.4-SNAPSHOT&side=provider&timestamp=1473217959430, test/mycodelearn.undergrowth.dubbo.test.DemoService:1.0=empty://172.16.28.84/mycodelearn.undergrowth.dubbo.test.DemoService?application=consumer-of-helloworld-app&category=configurators&dubbo=2.5.3&group=test&interface=mycodelearn.undergrowth.dubbo.test.DemoService&methods=sayHello&pid=17776&revision=1.0&side=consumer&timestamp=1473056529305&version=1.0 empty://172.16.28.84/mycodelearn.undergrowth.dubbo.test.DemoService?application=consumer-of-helloworld-app&category=routers&dubbo=2.5.3&group=test&interface=mycodelearn.undergrowth.dubbo.test.DemoService&methods=sayHello&pid=17776&revision=1.0&side=consumer&timestamp=1473056529305&version=1.0 dubbo://172.16.28.84:20880/mycodelearn.undergrowth.dubbo.test.DemoService?anyhost=true&application=hello-world-app&dubbo=2.5.3&group=test&interface=mycodelearn.undergrowth.dubbo.test.DemoService&methods=sayHello&pid=18476&revision=1.0&side=provider&timestamp=1473056507215&version=1.0, */com.gpdi.searchengine.commonservice.api.service.DocIndexService:*=consumer://192.168.122.1/com.gpdi.searchengine.commonservice.api.service.DocIndexService?application=searchindexclient&category=consumers&check=false&dubbo=2.5.3&group=searchindex&interface=com.gpdi.searchengine.commonservice.api.service.DocIndexService&methods=updateIndex,addIndex,deleteIndex&owner=gpdi&pid=6289&revision=0.0.1-SNAPSHOT&side=consumer&timestamp=1473239850557&version=1.0 dubbo://192.168.126.137:20884/com.gpdi.searchengine.commonservice.api.service.DocIndexService?anyhost=true&application=searchindexserver&dubbo=2.5.3&group=searchindex&interface=com.gpdi.searchengine.commonservice.api.service.DocIndexService&loadbalance=roundrobin&methods=updateIndex,addIndex,deleteIndex&owner=gpdi&pid=6145&retries=5&revision=0.0.1-SNAPSHOT&side=provider&timestamp=1473239740251&version=1.0}, dubbo version: 2.5.3, current host: 127.0.0.1
2016-09-12 18:25:35,121 12579 DEBUG [org.I0Itec.zkclient.ZkConnection] (main:) Creating new ZookKeeper instance to connect to 192.168.126.137:2181.
2016-09-12 18:25:35,121 12579 INFO  [org.I0Itec.zkclient.ZkEventThread] (ZkClient-EventThread-14-192.168.126.137:2181:) Starting ZkClient event thread.
2016-09-12 18:25:35,194 12652 INFO  [org.apache.zookeeper.ZooKeeper] (main:) Client environment:zookeeper.version=3.4.5-1392090, built on 09/30/2012 17:52 GMT
2016-09-12 18:25:35,194 12652 INFO  [org.apache.zookeeper.ZooKeeper] (main:) Client environment:host.name=u1-PC
2016-09-12 18:25:35,194 12652 INFO  [org.apache.zookeeper.ZooKeeper] (main:) Client environment:java.version=1.8.0_65
2016-09-12 18:25:35,195 12653 INFO  [org.apache.zookeeper.ZooKeeper] (main:) Client environment:java.vendor=Oracle Corporation
2016-09-12 18:25:35,196 12654 INFO  [org.apache.zookeeper.ZooKeeper] (main:) Client environment:java.home=D:\Java\jdk1.8.0_65\jre
2016-09-12 18:25:35,196 12654 INFO  [org.apache.zookeeper.ZooKeeper] (main:) Client environment:java.class.path=F:\code\MyCodeLearn\MyCodeLearn\component\dubbo-mw\target\test-classes;F:\code\MyCodeLearn\MyCodeLearn\component\dubbo-mw\target\classes;F:\maven\repo\com\alibaba\dubbo\2.5.3\dubbo-2.5.3.jar;F:\maven\repo\org\springframework\spring\2.5.6.SEC03\spring-2.5.6.SEC03.jar;F:\maven\repo\org\javassist\javassist\3.15.0-GA\javassist-3.15.0-GA.jar;F:\maven\repo\org\jboss\netty\netty\3.2.5.Final\netty-3.2.5.Final.jar;F:\maven\repo\com\github\sgroschupf\zkclient\0.1\zkclient-0.1.jar;F:\maven\repo\org\apache\curator\curator-framework\2.4.2\curator-framework-2.4.2.jar;F:\maven\repo\org\apache\curator\curator-client\2.4.2\curator-client-2.4.2.jar;F:\maven\repo\org\apache\zookeeper\zookeeper\3.4.5\zookeeper-3.4.5.jar;F:\maven\repo\jline\jline\0.9.94\jline-0.9.94.jar;F:\maven\repo\com\google\guava\guava\14.0.1\guava-14.0.1.jar;F:\maven\repo\org\apache\curator\curator-recipes\2.4.2\curator-recipes-2.4.2.jar;F:\maven\repo\org\apache\curator\curator-test\2.4.2\curator-test-2.4.2.jar;F:\maven\repo\org\apache\commons\commons-math\2.2\commons-math-2.2.jar;F:\maven\repo\org\springframework\spring-webmvc\4.2.6.RELEASE\spring-webmvc-4.2.6.RELEASE.jar;F:\maven\repo\org\springframework\spring-beans\4.2.6.RELEASE\spring-beans-4.2.6.RELEASE.jar;F:\maven\repo\org\springframework\spring-context\4.2.6.RELEASE\spring-context-4.2.6.RELEASE.jar;F:\maven\repo\org\springframework\spring-aop\4.2.6.RELEASE\spring-aop-4.2.6.RELEASE.jar;F:\maven\repo\aopalliance\aopalliance\1.0\aopalliance-1.0.jar;F:\maven\repo\org\springframework\spring-core\4.2.6.RELEASE\spring-core-4.2.6.RELEASE.jar;F:\maven\repo\org\springframework\spring-expression\4.2.6.RELEASE\spring-expression-4.2.6.RELEASE.jar;F:\maven\repo\org\springframework\spring-web\4.2.6.RELEASE\spring-web-4.2.6.RELEASE.jar;F:\maven\repo\org\springframework\spring-jdbc\4.2.6.RELEASE\spring-jdbc-4.2.6.RELEASE.jar;F:\maven\repo\org\springframework\spring-tx\4.2.6.RELEASE\spring-tx-4.2.6.RELEASE.jar;F:\maven\repo\org\springframework\spring-test\4.2.6.RELEASE\spring-test-4.2.6.RELEASE.jar;F:\maven\repo\commons-dbcp\commons-dbcp\1.4\commons-dbcp-1.4.jar;F:\maven\repo\commons-pool\commons-pool\1.5.4\commons-pool-1.5.4.jar;F:\maven\repo\org\mybatis\mybatis\3.1.1\mybatis-3.1.1.jar;F:\maven\repo\org\mybatis\mybatis-spring\1.2.0\mybatis-spring-1.2.0.jar;F:\maven\repo\org\slf4j\jcl-over-slf4j\1.5.8\jcl-over-slf4j-1.5.8.jar;F:\maven\repo\org\slf4j\slf4j-api\1.5.8\slf4j-api-1.5.8.jar;F:\maven\repo\org\slf4j\slf4j-log4j12\1.5.8\slf4j-log4j12-1.5.8.jar;F:\maven\repo\log4j\log4j\1.2.14\log4j-1.2.14.jar;F:\maven\repo\com\thoughtworks\xstream\xstream\1.3.1\xstream-1.3.1.jar;F:\maven\repo\xpp3\xpp3_min\1.1.4c\xpp3_min-1.1.4c.jar;F:\maven\repo\javax\servlet\javax.servlet-api\3.0.1\javax.servlet-api-3.0.1.jar;F:\maven\repo\com\alibaba\fastjson\1.1.41\fastjson-1.1.41.jar;F:\maven\repo\org\apache\httpcomponents\httpcore\4.4.4\httpcore-4.4.4.jar;F:\maven\repo\org\apache\httpcomponents\httpclient\4.5.1\httpclient-4.5.1.jar;F:\maven\repo\commons-logging\commons-logging\1.2\commons-logging-1.2.jar;F:\maven\repo\commons-codec\commons-codec\1.9\commons-codec-1.9.jar;F:\maven\repo\junit\junit\4.10\junit-4.10.jar;F:\maven\repo\org\hamcrest\hamcrest-core\1.1\hamcrest-core-1.1.jar;F:\maven\repo\commons-io\commons-io\1.3.2\commons-io-1.3.2.jar;F:\maven\repo\org\xlightweb\xlightweb\2.13.2\xlightweb-2.13.2.jar;F:\maven\repo\org\xsocket\xSocket\2.8.15\xSocket-2.8.15.jar;F:\maven\repo\commons-beanutils\commons-beanutils\1.9.2\commons-beanutils-1.9.2.jar;F:\maven\repo\commons-collections\commons-collections\3.2.1\commons-collections-3.2.1.jar;F:\maven\repo\org\apache\commons\commons-lang3\3.4\commons-lang3-3.4.jar
2016-09-12 18:25:35,197 12655 INFO  [org.apache.zookeeper.ZooKeeper] (main:) Client environment:java.library.path=D:\Java\jdk1.8.0_65\bin;C:\WINDOWS\Sun\Java\bin;C:\WINDOWS\system32;C:\WINDOWS;D:/Java/jre/bin/server;D:/Java/jre/bin;D:/Java/jre/lib/amd64;D:\app\u1\product\11.2.0\dbhome_2\bin;C:\ProgramData\Oracle\Java\javapath;C:\Program Files (x86)\Lenovo\FusionEngine;C:\Program Files (x86)\Intel\iCLS Client\;C:\Program Files\Intel\iCLS Client\;C:\Program Files (x86)\NVIDIA Corporation\PhysX\Common;C:\WINDOWS\system32;C:\WINDOWS;C:\WINDOWS\System32\Wbem;C:\WINDOWS\System32\WindowsPowerShell\v1.0\;C:\Program Files\Intel\Intel(R) Management Engine Components\DAL;C:\Program Files\Intel\Intel(R) Management Engine Components\IPT;C:\Program Files (x86)\Intel\Intel(R) Management Engine Components\DAL;C:\Program Files (x86)\Intel\Intel(R) Management Engine Components\IPT;C:\Program Files\Intel\WiFi\bin\;C:\Program Files\Common Files\Intel\WirelessCommon\;C:\Program Files (x86)\iFLYTEK\VoiceAssistant\SpeechPlusRuntime;C:\Program Files (x86)\Lenovo\Voice SDK;D:\Java\jdk1.8.0_65\bin;F:\maven\apache-maven-3.3.3\bin;D:\Program Files (x86)\Git\cmd;D:\Program Files\SlikSvn\bin;D:\Program Files\TortoiseSVN\bin;F:\java_other\ant\apache-ant-1.9.7\bin;C:\WINDOWS\System32;;.
2016-09-12 18:25:35,197 12655 INFO  [org.apache.zookeeper.ZooKeeper] (main:) Client environment:java.io.tmpdir=C:\Users\u1\AppData\Local\Temp\
2016-09-12 18:25:35,198 12656 INFO  [org.apache.zookeeper.ZooKeeper] (main:) Client environment:java.compiler=<NA>
2016-09-12 18:25:35,198 12656 INFO  [org.apache.zookeeper.ZooKeeper] (main:) Client environment:os.name=Windows 10
2016-09-12 18:25:35,198 12656 INFO  [org.apache.zookeeper.ZooKeeper] (main:) Client environment:os.arch=amd64
2016-09-12 18:25:35,199 12657 INFO  [org.apache.zookeeper.ZooKeeper] (main:) Client environment:os.version=10.0
2016-09-12 18:25:35,199 12657 INFO  [org.apache.zookeeper.ZooKeeper] (main:) Client environment:user.name=u1
2016-09-12 18:25:35,199 12657 INFO  [org.apache.zookeeper.ZooKeeper] (main:) Client environment:user.home=C:\Users\u1
2016-09-12 18:25:35,200 12658 INFO  [org.apache.zookeeper.ZooKeeper] (main:) Client environment:user.dir=F:\code\MyCodeLearn\MyCodeLearn\component\dubbo-mw
2016-09-12 18:25:35,202 12660 INFO  [org.apache.zookeeper.ZooKeeper] (main:) Initiating client connection, connectString=192.168.126.137:2181 sessionTimeout=30000 watcher=org.I0Itec.zkclient.ZkClient@6743e411
2016-09-12 18:25:35,207 12665 DEBUG [org.apache.zookeeper.ClientCnxn] (main:) zookeeper.disableAutoWatchReset is false
2016-09-12 18:25:35,296 12754 DEBUG [org.I0Itec.zkclient.ZkClient] (main:) Awaiting connection to Zookeeper server
2016-09-12 18:25:35,296 12754 DEBUG [org.I0Itec.zkclient.ZkClient] (main:) Waiting for keeper state SyncConnected
