2016-07-14 11:38:49,855 0     INFO  [mycodelearn.undergrowth.lucene.analyze.mw.BooleanQueryDemo] (main:) add document:Document<indexed,tokenized<content:java.io.FileReader@2344fc66> stored,indexed,tokenized<path:D:\lucene\51ctoLucene35\bool\docs\con1.txt> stored,indexed,tokenized<size:353> stored,indexed,tokenized<name:con1.txt>>
2016-07-14 11:38:50,443 588   INFO  [mycodelearn.undergrowth.lucene.analyze.mw.BooleanQueryDemo] (main:) add document:Document<indexed,tokenized<content:java.io.FileReader@4cf777e8> stored,indexed,tokenized<path:D:\lucene\51ctoLucene35\bool\docs\con2.txt> stored,indexed,tokenized<size:304> stored,indexed,tokenized<name:con2.txt>>
2016-07-14 11:45:12,326 0     INFO  [mycodelearn.undergrowth.lucene.analyze.mw.QueryDemo] (main:) indexPath:D:\lucene\51ctoLucene35\bool\index	fieldName:+name:con1 +content:房间	searchValue:null	num:10
2016-07-14 11:45:40,153 0     INFO  [mycodelearn.undergrowth.lucene.analyze.mw.QueryDemo] (main:) indexPath:D:\lucene\51ctoLucene35\bool\index	fieldName:name:con1 +content:房间	searchValue:null	num:10
2016-07-14 11:46:15,362 1     INFO  [mycodelearn.undergrowth.lucene.analyze.mw.QueryDemo] (main:) indexPath:D:\lucene\51ctoLucene35\bool\index	fieldName:name:con1.txt +content:房间	searchValue:null	num:10
2016-07-14 11:46:29,708 0     INFO  [mycodelearn.undergrowth.lucene.analyze.mw.QueryDemo] (main:) add document:Document<indexed,tokenized<content:java.io.FileReader@174d20a> stored,indexed,tokenized<path:D:\lucene\51ctoLucene35\bool\docs\con1.txt> stored,indexed,tokenized<size:353> stored,indexed,tokenized<name:con1.txt>>
2016-07-14 11:46:30,164 456   INFO  [mycodelearn.undergrowth.lucene.analyze.mw.QueryDemo] (main:) add document:Document<indexed,tokenized<content:java.io.FileReader@5700d6b1> stored,indexed,tokenized<path:D:\lucene\51ctoLucene35\bool\docs\con2.txt> stored,indexed,tokenized<size:304> stored,indexed,tokenized<name:con2.txt>>
2016-07-14 11:47:08,286 0     INFO  [mycodelearn.undergrowth.lucene.analyze.mw.QueryDemo] (main:) indexPath:D:\lucene\51ctoLucene35\bool\index	fieldName:name:con2.txt +content:房间	searchValue:null	num:10
2016-07-14 11:47:22,615 0     INFO  [mycodelearn.undergrowth.lucene.analyze.mw.QueryDemo] (main:) add document:Document<indexed,tokenized<content:java.io.FileReader@174d20a> stored,indexed,tokenized<path:D:\lucene\51ctoLucene35\bool\docs\con1.txt> stored,indexed,tokenized<size:353> stored,indexed,tokenized<name:con1.txt>>
2016-07-14 11:47:23,143 528   INFO  [mycodelearn.undergrowth.lucene.analyze.mw.QueryDemo] (main:) add document:Document<indexed,tokenized<content:java.io.FileReader@5700d6b1> stored,indexed,tokenized<path:D:\lucene\51ctoLucene35\bool\docs\con2.txt> stored,indexed,tokenized<size:304> stored,indexed,tokenized<name:con2.txt>>
2016-07-14 11:47:45,880 0     INFO  [mycodelearn.undergrowth.lucene.analyze.mw.QueryDemo] (main:) indexPath:D:\lucene\51ctoLucene35\bool\index	fieldName:name:con2.txt +content:房间	searchValue:null	num:10
2016-07-14 11:52:49,104 0     INFO  [mycodelearn.undergrowth.lucene.analyze.mw.QueryDemo] (main:) indexPath:D:\lucene\51ctoLucene35\bool\index	fieldName:content:房间	searchValue:null	num:10
2016-07-14 11:53:53,290 0     INFO  [mycodelearn.undergrowth.lucene.analyze.mw.QueryDemo] (main:) add document:Document<indexed,tokenized<content:java.io.FileReader@9629756> stored,indexed,tokenized<path:D:\lucene\51ctoLucene35\bool\docs\con1.txt> stored,indexed,tokenized<size:353> stored,indexed,tokenized<name:con1.txt>>
2016-07-14 11:53:53,334 44    INFO  [mycodelearn.undergrowth.lucene.analyze.mw.QueryDemo] (main:) add document:Document<indexed,tokenized<content:java.io.FileReader@5f2108b5> stored,indexed,tokenized<path:D:\lucene\51ctoLucene35\bool\docs\con2.txt> stored,indexed,tokenized<size:304> stored,indexed,tokenized<name:con2.txt>>
2016-07-14 11:55:22,763 0     INFO  [mycodelearn.undergrowth.lucene.analyze.mw.QueryDemo] (main:) add document:Document<indexed,tokenized<content:java.io.FileReader@9629756> stored,indexed,tokenized<path:D:\lucene\51ctoLucene35\bool\docs\con1.txt> stored,indexed,tokenized<size:353> stored,indexed,tokenized<name:con1.txt>>
2016-07-14 11:55:22,818 55    INFO  [mycodelearn.undergrowth.lucene.analyze.mw.QueryDemo] (main:) add document:Document<indexed,tokenized<content:java.io.FileReader@5f2108b5> stored,indexed,tokenized<path:D:\lucene\51ctoLucene35\bool\docs\con2.txt> stored,indexed,tokenized<size:441> stored,indexed,tokenized<name:con2.txt>>
2016-07-14 11:56:15,312 0     INFO  [mycodelearn.undergrowth.lucene.analyze.mw.QueryDemo] (main:) indexPath:D:\lucene\51ctoLucene35\bool\index	fieldName:content:房 content:间	searchValue:null	num:10
2016-07-14 11:56:15,320 8     INFO  [mycodelearn.undergrowth.lucene.analyze.mw.QueryDemo] (main:) name:con2.txt	path:D:\lucene\51ctoLucene35\bool\docs\con2.txt	size:441	content:null
2016-07-14 11:57:41,899 0     INFO  [mycodelearn.undergrowth.lucene.analyze.mw.QueryDemo] (main:) add document:Document<indexed,tokenized<content:java.io.FileReader@174d20a> stored,indexed,tokenized<path:D:\lucene\51ctoLucene35\bool\docs\con1.txt> stored,indexed,tokenized<size:353> stored,indexed,tokenized<name:con1.txt>>
2016-07-14 11:57:42,282 383   INFO  [mycodelearn.undergrowth.lucene.analyze.mw.QueryDemo] (main:) add document:Document<indexed,tokenized<content:java.io.FileReader@5700d6b1> stored,indexed,tokenized<path:D:\lucene\51ctoLucene35\bool\docs\con2.txt> stored,indexed,tokenized<size:441> stored,indexed,tokenized<name:con2.txt>>
2016-07-14 11:58:16,696 0     INFO  [mycodelearn.undergrowth.lucene.analyze.mw.QueryDemo] (main:) indexPath:D:\lucene\51ctoLucene35\bool\index	fieldName:content:房间	searchValue:null	num:10
2016-07-14 11:58:16,703 7     INFO  [mycodelearn.undergrowth.lucene.analyze.mw.QueryDemo] (main:) name:con2.txt	path:D:\lucene\51ctoLucene35\bool\docs\con2.txt	size:441	content:null
2016-07-14 11:58:47,882 0     INFO  [mycodelearn.undergrowth.lucene.analyze.mw.QueryDemo] (main:) indexPath:D:\lucene\51ctoLucene35\bool\index	fieldName:name:con2.txt +content:房间	searchValue:null	num:10
2016-07-14 11:58:47,892 10    INFO  [mycodelearn.undergrowth.lucene.analyze.mw.QueryDemo] (main:) name:con2.txt	path:D:\lucene\51ctoLucene35\bool\docs\con2.txt	size:441	content:null
2016-07-14 12:00:15,058 0     INFO  [mycodelearn.undergrowth.lucene.analyze.mw.QueryDemo] (main:) indexPath:D:\lucene\51ctoLucene35\bool\index	fieldName:content:总统 content:房间	searchValue:null	num:10
2016-07-14 12:00:15,068 10    INFO  [mycodelearn.undergrowth.lucene.analyze.mw.QueryDemo] (main:) name:con2.txt	path:D:\lucene\51ctoLucene35\bool\docs\con2.txt	size:441	content:null
2016-07-14 12:00:28,659 0     INFO  [mycodelearn.undergrowth.lucene.analyze.mw.QueryDemo] (main:) indexPath:D:\lucene\51ctoLucene35\bool\index	fieldName:content:总统	searchValue:null	num:10
2016-07-14 12:00:28,667 8     INFO  [mycodelearn.undergrowth.lucene.analyze.mw.QueryDemo] (main:) name:con2.txt	path:D:\lucene\51ctoLucene35\bool\docs\con2.txt	size:441	content:null
2016-07-14 12:01:39,326 0     INFO  [mycodelearn.undergrowth.lucene.analyze.mw.QueryDemo] (main:) add document:Document<indexed,tokenized<content:java.io.FileReader@32e6e9c3> stored,indexed,tokenized<path:D:\lucene\51ctoLucene35\bool\docs\con1.txt> stored,indexed,tokenized<size:353> stored,indexed,tokenized<name:con1.txt>>
2016-07-14 12:01:39,778 452   INFO  [mycodelearn.undergrowth.lucene.analyze.mw.QueryDemo] (main:) add document:Document<indexed,tokenized<content:java.io.FileReader@42dafa95> stored,indexed,tokenized<path:D:\lucene\51ctoLucene35\bool\docs\con2.txt> stored,indexed,tokenized<size:441> stored,indexed,tokenized<name:con2.txt>>
2016-07-14 14:09:36,371 0     INFO  [mycodelearn.undergrowth.lucene.analyze.mw.QueryDemo] (main:) indexPath:D:\lucene\51ctoLucene35\bool\index	fieldName:name:con2.txt +content:房间	searchValue:null	num:10
2016-07-14 14:09:36,379 8     INFO  [mycodelearn.undergrowth.lucene.analyze.mw.QueryDemo] (main:) name:con2.txt	path:D:\lucene\51ctoLucene35\bool\docs\con2.txt	size:441	content:null
2016-07-14 14:13:51,912 0     INFO  [mycodelearn.undergrowth.lucene.analyze.mw.QueryDemo] (main:) add document:Document<indexed,tokenized<content:java.io.FileReader@32e6e9c3> stored,indexed,tokenized<path:D:\lucene\51ctoLucene35\bool\docs\con2.txt> stored,indexed,tokenized<size:441> stored,indexed,tokenized<name:con2.txt>>
2016-07-14 14:15:06,295 0     INFO  [mycodelearn.undergrowth.lucene.analyze.mw.QueryDemo] (main:) indexPath:D:\lucene\51ctoLucene35\bool\index	fieldName:content:总统	searchValue:null	num:10
2016-07-14 14:15:06,303 8     INFO  [mycodelearn.undergrowth.lucene.analyze.mw.QueryDemo] (main:) name:con2.txt	path:D:\lucene\51ctoLucene35\bool\docs\con2.txt	size:441	content:null
2016-07-14 14:15:22,484 0     INFO  [mycodelearn.undergrowth.lucene.analyze.mw.QueryDemo] (main:) indexPath:D:\lucene\51ctoLucene35\bool\index	fieldName:name:con2.txt +content:房间	searchValue:null	num:10
2016-07-14 14:15:22,492 8     INFO  [mycodelearn.undergrowth.lucene.analyze.mw.QueryDemo] (main:) name:con2.txt	path:D:\lucene\51ctoLucene35\bool\docs\con2.txt	size:441	content:null
2016-07-14 14:16:57,511 0     INFO  [mycodelearn.undergrowth.lucene.analyze.mw.QueryDemo] (main:) indexPath:D:\lucene\51ctoLucene35\bool\index	fieldName:name:con2. +content:房间	searchValue:null	num:10
2016-07-14 14:16:57,521 10    INFO  [mycodelearn.undergrowth.lucene.analyze.mw.QueryDemo] (main:) name:con2.txt	path:D:\lucene\51ctoLucene35\bool\docs\con2.txt	size:441	content:null
2016-07-14 14:17:11,698 0     INFO  [mycodelearn.undergrowth.lucene.analyze.mw.QueryDemo] (main:) indexPath:D:\lucene\51ctoLucene35\bool\index	fieldName:+name:con2. +content:房间	searchValue:null	num:10
2016-07-14 14:17:42,937 0     INFO  [mycodelearn.undergrowth.lucene.analyze.mw.QueryDemo] (main:) indexPath:D:\lucene\51ctoLucene35\bool\index	fieldName:+path:51ctoLucene35 +content:房间	searchValue:null	num:10
2016-07-14 14:19:11,862 0     INFO  [mycodelearn.undergrowth.lucene.analyze.mw.QueryDemo] (main:) indexPath:D:\lucene\51ctoLucene35\bool\index	fieldName:+path:lucene +content:房间	searchValue:null	num:10
2016-07-14 14:19:11,873 11    INFO  [mycodelearn.undergrowth.lucene.analyze.mw.QueryDemo] (main:) name:con2.txt	path:D:\lucene\51ctoLucene35\bool\docs\con2.txt	size:441	content:null
2016-07-14 14:19:30,895 0     INFO  [mycodelearn.undergrowth.lucene.analyze.mw.QueryDemo] (main:) indexPath:D:\lucene\51ctoLucene35\bool\index	fieldName:+path:51ctoLucene35 +content:房间	searchValue:null	num:10
2016-07-14 14:29:45,065 0     INFO  [mycodelearn.undergrowth.lucene.analyze.mw.QueryDemo] (main:) indexPath:D:\lucene\51ctoLucene35\bool\index	fieldName:size:[100 TO 500]	searchValue:null	num:10
2016-07-14 14:29:45,076 11    INFO  [mycodelearn.undergrowth.lucene.analyze.mw.QueryDemo] (main:) name:con2.txt	path:D:\lucene\51ctoLucene35\bool\docs\con2.txt	size:441	content:null
2016-07-14 14:35:33,988 0     INFO  [mycodelearn.undergrowth.lucene.analyze.mw.QueryDemo] (main:) indexPath:D:\lucene\51ctoLucene35\bool\index	fieldName:size:[100 TO 500]	searchValue:null	num:10
2016-07-14 14:40:43,175 0     INFO  [mycodelearn.undergrowth.lucene.analyze.mw.QueryDemo] (main:) add document:Document<indexed,tokenized<content:java.io.FileReader@5ae9a829> stored,indexed,tokenized<path:D:\lucene\51ctoLucene35\bool\docs\con2.txt> stored,indexed,tokenized<size:441> stored,indexed,tokenized<name:con2.txt> stored,indexed,tokenized,omitNorms,indexOptions=DOCS_ONLY<sizeInt:>>
2016-07-14 14:42:31,873 0     INFO  [mycodelearn.undergrowth.lucene.analyze.mw.QueryDemo] (main:) add document:Document<indexed,tokenized<content:java.io.FileReader@5ae9a829> stored,indexed,tokenized<path:D:\lucene\51ctoLucene35\bool\docs\con2.txt> stored,indexed,tokenized<size:441> stored,indexed,tokenized<name:con2.txt> stored,indexed,tokenized,omitNorms,indexOptions=DOCS_ONLY<sizeInt:>>
2016-07-14 14:43:02,874 0     INFO  [mycodelearn.undergrowth.lucene.analyze.mw.QueryDemo] (main:) add document:Document<indexed,tokenized<content:java.io.FileReader@7c0e2abd> stored,indexed,tokenized<path:D:\lucene\51ctoLucene35\bool\docs\con2.txt> stored,indexed,tokenized<size:441> stored,indexed,tokenized<name:con2.txt>>
2016-07-14 14:43:11,609 0     INFO  [mycodelearn.undergrowth.lucene.analyze.mw.QueryDemo] (main:) indexPath:D:\lucene\51ctoLucene35\bool\index	fieldName:sizeInt:[100 TO 500]	searchValue:null	num:10
2016-07-14 14:45:50,785 0     INFO  [mycodelearn.undergrowth.lucene.analyze.mw.QueryDemo] (main:) indexPath:D:\lucene\51ctoLucene35\bool\index	fieldName:content:"开 房间"	searchValue:null	num:10
2016-07-14 14:46:32,354 0     INFO  [mycodelearn.undergrowth.lucene.analyze.mw.QueryDemo] (main:) indexPath:D:\lucene\51ctoLucene35\bool\index	fieldName:content:"开 房间"~1	searchValue:null	num:10
2016-07-14 14:47:13,354 0     INFO  [mycodelearn.undergrowth.lucene.analyze.mw.QueryDemo] (main:) indexPath:D:\lucene\51ctoLucene35\bool\index	fieldName:content:"开个 房间"~1	searchValue:null	num:10
2016-07-14 14:47:13,365 11    INFO  [mycodelearn.undergrowth.lucene.analyze.mw.QueryDemo] (main:) name:con2.txt	path:D:\lucene\51ctoLucene35\bool\docs\con2.txt	size:441	content:null
2016-07-14 14:47:58,011 0     INFO  [mycodelearn.undergrowth.lucene.analyze.mw.QueryDemo] (main:) indexPath:D:\lucene\51ctoLucene35\bool\index	fieldName:content:"饭店 房间"~1	searchValue:null	num:10
2016-07-14 14:48:11,459 0     INFO  [mycodelearn.undergrowth.lucene.analyze.mw.QueryDemo] (main:) indexPath:D:\lucene\51ctoLucene35\bool\index	fieldName:content:"饭店 房间"~3	searchValue:null	num:10
2016-07-14 14:48:11,470 11    INFO  [mycodelearn.undergrowth.lucene.analyze.mw.QueryDemo] (main:) name:con2.txt	path:D:\lucene\51ctoLucene35\bool\docs\con2.txt	size:441	content:null
2016-07-14 14:49:56,010 1     INFO  [mycodelearn.undergrowth.lucene.analyze.mw.QueryDemo] (main:) indexPath:D:\lucene\51ctoLucene35\bool\index	fieldName:content:"饭店 房间"~3	searchValue:null	num:10
2016-07-14 14:49:56,024 15    INFO  [mycodelearn.undergrowth.lucene.analyze.mw.QueryDemo] (main:) name:con2.txt	path:D:\lucene\51ctoLucene35\bool\docs\con2.txt	size:441	content:null
2016-07-14 14:50:58,961 0     INFO  [mycodelearn.undergrowth.lucene.analyze.mw.QueryDemo] (main:) indexPath:D:\lucene\51ctoLucene35\bool\index	fieldName:content:"饭店 房间 饭店"~3	searchValue:null	num:10
2016-07-14 14:51:18,275 0     INFO  [mycodelearn.undergrowth.lucene.analyze.mw.QueryDemo] (main:) indexPath:D:\lucene\51ctoLucene35\bool\index	fieldName:content:"饭店 房间 侍者"~3	searchValue:null	num:10
2016-07-14 14:51:18,285 10    INFO  [mycodelearn.undergrowth.lucene.analyze.mw.QueryDemo] (main:) name:con2.txt	path:D:\lucene\51ctoLucene35\bool\docs\con2.txt	size:441	content:null
2016-07-14 15:08:30,465 0     INFO  [mycodelearn.undergrowth.lucene.analyze.mw.QueryDemo] (main:) indexPath:D:\lucene\51ctoLucene35\bool\index	fieldName:content:饭店~0.5	searchValue:null	num:10
2016-07-14 15:08:30,475 10    INFO  [mycodelearn.undergrowth.lucene.analyze.mw.QueryDemo] (main:) name:con2.txt	path:D:\lucene\51ctoLucene35\bool\docs\con2.txt	size:441	content:null
2016-07-14 15:10:07,003 0     INFO  [mycodelearn.undergrowth.lucene.analyze.mw.QueryDemo] (main:) indexPath:D:\lucene\51ctoLucene35\bool\index	fieldName:content:饭店的菜~0.0	searchValue:null	num:10
2016-07-14 15:10:26,252 0     INFO  [mycodelearn.undergrowth.lucene.analyze.mw.QueryDemo] (main:) indexPath:D:\lucene\51ctoLucene35\bool\index	fieldName:content:饭店的菜~0.0	searchValue:null	num:10
2016-07-14 15:11:35,076 0     INFO  [mycodelearn.undergrowth.lucene.analyze.mw.QueryDemo] (main:) indexPath:D:\lucene\51ctoLucene35\bool\index	fieldName:content:饭店的菜~0.3	searchValue:null	num:10
2016-07-14 15:11:53,589 0     INFO  [mycodelearn.undergrowth.lucene.analyze.mw.QueryDemo] (main:) indexPath:D:\lucene\51ctoLucene35\bool\index	fieldName:content:饭店~0.3	searchValue:null	num:10
2016-07-14 15:11:53,600 11    INFO  [mycodelearn.undergrowth.lucene.analyze.mw.QueryDemo] (main:) name:con2.txt	path:D:\lucene\51ctoLucene35\bool\docs\con2.txt	size:441	content:null
2016-07-14 15:14:41,502 0     INFO  [mycodelearn.undergrowth.lucene.analyze.mw.QueryDemo] (main:) indexPath:D:\lucene\51ctoLucene35\bool\index	fieldName:content:?饭店*	searchValue:null	num:10
2016-07-14 15:14:57,676 0     INFO  [mycodelearn.undergrowth.lucene.analyze.mw.QueryDemo] (main:) indexPath:D:\lucene\51ctoLucene35\bool\index	fieldName:content:?店*	searchValue:null	num:10
2016-07-14 15:14:57,689 13    INFO  [mycodelearn.undergrowth.lucene.analyze.mw.QueryDemo] (main:) name:con2.txt	path:D:\lucene\51ctoLucene35\bool\docs\con2.txt	size:441	content:null
2016-07-14 15:18:08,302 0     INFO  [mycodelearn.undergrowth.lucene.analyze.mw.QueryDemo] (main:) indexPath:D:\lucene\51ctoLucene35\bool\index	fieldName:content:?饭店*	searchValue:null	num:10
2016-07-14 15:18:20,883 0     INFO  [mycodelearn.undergrowth.lucene.analyze.mw.QueryDemo] (main:) indexPath:D:\lucene\51ctoLucene35\bool\index	fieldName:content:饭店*	searchValue:null	num:10
2016-07-14 15:18:20,892 9     INFO  [mycodelearn.undergrowth.lucene.analyze.mw.QueryDemo] (main:) name:con2.txt	path:D:\lucene\51ctoLucene35\bool\docs\con2.txt	size:441	content:null
2016-07-14 15:21:53,514 0     INFO  [mycodelearn.undergrowth.lucene.analyze.mw.QueryDemo] (main:) add document:Document<indexed,tokenized<content:java.io.FileReader@6d78f375> stored,indexed,tokenized<path:D:\lucene\51ctoLucene35\bool\docs\con1.txt> stored,indexed,tokenized<size:353> stored,indexed,tokenized<name:con1.txt>>
2016-07-14 15:21:53,877 363   INFO  [mycodelearn.undergrowth.lucene.analyze.mw.QueryDemo] (main:) add document:Document<indexed,tokenized<content:java.io.FileReader@6e1567f1> stored,indexed,tokenized<path:D:\lucene\51ctoLucene35\bool\docs\con2.txt> stored,indexed,tokenized<size:441> stored,indexed,tokenized<name:con2.txt>>
2016-07-14 17:17:28,294 0     INFO  [mycodelearn.undergrowth.lucene.analyze.mw.QueryDemo] (main:) indexPath:D:\lucene\51ctoLucene35\bool\index	fieldName:content:饭店**	searchValue:null	num:10
2016-07-14 17:17:48,307 1     INFO  [mycodelearn.undergrowth.lucene.analyze.mw.QueryDemo] (main:) indexPath:D:\lucene\51ctoLucene35\bool\index	fieldName:content:饭店*	searchValue:null	num:10
2016-07-14 17:17:48,318 12    INFO  [mycodelearn.undergrowth.lucene.analyze.mw.QueryDemo] (main:) name:con2.txt	path:D:\lucene\51ctoLucene35\bool\docs\con2.txt	size:441	content:null
