2016-07-18 08:55:12,260 0     INFO  [mycodelearn.undergrowth.lucene.analyze.test.sp.SamewordAnalyzerTest] (main:) query:content:who
2016-07-18 08:55:53,811 0     INFO  [mycodelearn.undergrowth.lucene.analyze.test.sp.SamewordAnalyzerTest] (main:) query:content:how
2016-07-18 08:55:53,827 16    INFO  [mycodelearn.undergrowth.lucene.analyze.test.sp.SamewordAnalyzerTest] (main:) scoreDocs.length:1
2016-07-18 08:55:53,829 18    INFO  [mycodelearn.undergrowth.lucene.analyze.test.sp.SamewordAnalyzerTest] (main:) content:Document<stored,indexed,tokenized<content:how are you thank you>>
2016-07-18 08:56:15,404 0     INFO  [mycodelearn.undergrowth.lucene.analyze.mw.sp.AnalyzerTool] (main:) text:how are you thank you	analyzer:mycodelearn.undergrowth.lucene.analyze.mw.sp.SamewordAnalyzer@71e7a66b
2016-07-18 08:56:15,424 20    INFO  [mycodelearn.undergrowth.lucene.analyze.mw.sp.AnalyzerTool] (main:) 1:how[0-3]:word
2016-07-18 08:56:15,425 21    INFO  [mycodelearn.undergrowth.lucene.analyze.mw.sp.AnalyzerTool] (main:) 1:whowhos[0-3]:word
2016-07-18 08:56:15,425 21    INFO  [mycodelearn.undergrowth.lucene.analyze.mw.sp.AnalyzerTool] (main:) 1:are[4-7]:word
2016-07-18 08:56:15,426 22    INFO  [mycodelearn.undergrowth.lucene.analyze.mw.sp.AnalyzerTool] (main:) 1:you[8-11]:word
2016-07-18 08:56:15,426 22    INFO  [mycodelearn.undergrowth.lucene.analyze.mw.sp.AnalyzerTool] (main:) 1:thank[12-17]:word
2016-07-18 08:56:15,427 23    INFO  [mycodelearn.undergrowth.lucene.analyze.mw.sp.AnalyzerTool] (main:) 1:you[18-21]:word
2016-07-18 08:56:38,497 1     INFO  [mycodelearn.undergrowth.lucene.analyze.test.sp.SamewordAnalyzerTest] (main:) query:content:whowhos
2016-07-18 08:56:38,518 22    INFO  [mycodelearn.undergrowth.lucene.analyze.test.sp.SamewordAnalyzerTest] (main:) scoreDocs.length:1
2016-07-18 08:56:38,521 25    INFO  [mycodelearn.undergrowth.lucene.analyze.test.sp.SamewordAnalyzerTest] (main:) content:Document<stored,indexed,tokenized<content:how are you thank you>>
2016-07-18 09:11:15,530 0     INFO  [mycodelearn.undergrowth.lucene.analyze.test.sp.SamewordAnalyzerTest] (main:) query:content:whowhos
2016-07-18 09:11:25,000 0     INFO  [mycodelearn.undergrowth.lucene.analyze.mw.sp.AnalyzerTool] (main:) text:how are you thank you	analyzer:mycodelearn.undergrowth.lucene.analyze.mw.sp.SamewordAnalyzer@282ba1e
2016-07-18 09:11:25,000 0     INFO  [mycodelearn.undergrowth.lucene.analyze.mw.sp.AnalyzerTool] (main:) 1:how[0-3]:word
2016-07-18 09:11:25,000 0     INFO  [mycodelearn.undergrowth.lucene.analyze.mw.sp.AnalyzerTool] (main:) 0:whos[0-3]:word
2016-07-18 09:11:25,000 0     INFO  [mycodelearn.undergrowth.lucene.analyze.mw.sp.AnalyzerTool] (main:) 0:who[0-3]:word
2016-07-18 09:11:25,000 0     INFO  [mycodelearn.undergrowth.lucene.analyze.mw.sp.AnalyzerTool] (main:) 1:are[4-7]:word
2016-07-18 09:11:25,000 0     INFO  [mycodelearn.undergrowth.lucene.analyze.mw.sp.AnalyzerTool] (main:) 1:you[8-11]:word
2016-07-18 09:11:25,015 15    INFO  [mycodelearn.undergrowth.lucene.analyze.mw.sp.AnalyzerTool] (main:) 1:thank[12-17]:word
2016-07-18 09:11:25,015 15    INFO  [mycodelearn.undergrowth.lucene.analyze.mw.sp.AnalyzerTool] (main:) 1:you[18-21]:word
2016-07-18 09:11:41,690 0     INFO  [mycodelearn.undergrowth.lucene.analyze.test.sp.SamewordAnalyzerTest] (main:) query:content:who
2016-07-18 09:11:41,694 4     INFO  [mycodelearn.undergrowth.lucene.analyze.test.sp.SamewordAnalyzerTest] (main:) scoreDocs.length:1
2016-07-18 09:11:41,694 4     INFO  [mycodelearn.undergrowth.lucene.analyze.test.sp.SamewordAnalyzerTest] (main:) content:Document<stored,indexed,tokenized<content:how are you thank you>>
2016-07-18 09:11:57,113 0     INFO  [mycodelearn.undergrowth.lucene.analyze.test.sp.SamewordAnalyzerTest] (main:) query:content:how
2016-07-18 09:11:57,113 0     INFO  [mycodelearn.undergrowth.lucene.analyze.test.sp.SamewordAnalyzerTest] (main:) scoreDocs.length:1
2016-07-18 09:11:57,113 0     INFO  [mycodelearn.undergrowth.lucene.analyze.test.sp.SamewordAnalyzerTest] (main:) content:Document<stored,indexed,tokenized<content:how are you thank you>>
2016-07-18 09:12:08,745 0     INFO  [mycodelearn.undergrowth.lucene.analyze.test.sp.SamewordAnalyzerTest] (main:) query:content:whos
2016-07-18 09:12:08,745 0     INFO  [mycodelearn.undergrowth.lucene.analyze.test.sp.SamewordAnalyzerTest] (main:) scoreDocs.length:1
2016-07-18 09:12:08,745 0     INFO  [mycodelearn.undergrowth.lucene.analyze.test.sp.SamewordAnalyzerTest] (main:) content:Document<stored,indexed,tokenized<content:how are you thank you>>
2016-07-18 09:16:15,673 0     INFO  [mycodelearn.undergrowth.lucene.analyze.test.sp.SamewordAnalyzerTest] (main:) query:content:whos
2016-07-18 09:16:15,673 0     INFO  [mycodelearn.undergrowth.lucene.analyze.test.sp.SamewordAnalyzerTest] (main:) scoreDocs.length:1
2016-07-18 09:16:15,673 0     INFO  [mycodelearn.undergrowth.lucene.analyze.test.sp.SamewordAnalyzerTest] (main:) content:Document<stored,indexed,tokenized<content:how are you thank you>>
2016-07-18 09:16:29,073 0     INFO  [mycodelearn.undergrowth.lucene.analyze.mw.sp.AnalyzerTool] (main:) text:how are you thank you	analyzer:mycodelearn.undergrowth.lucene.analyze.mw.sp.SamewordAnalyzer@1ae369b7
2016-07-18 09:16:29,089 16    INFO  [mycodelearn.undergrowth.lucene.analyze.mw.sp.AnalyzerTool] (main:) 1:how[0-3]:word
2016-07-18 09:16:29,089 16    INFO  [mycodelearn.undergrowth.lucene.analyze.mw.sp.AnalyzerTool] (main:) 0:whos[0-3]:word
2016-07-18 09:16:29,089 16    INFO  [mycodelearn.undergrowth.lucene.analyze.mw.sp.AnalyzerTool] (main:) 0:who[0-3]:word
2016-07-18 09:16:29,089 16    INFO  [mycodelearn.undergrowth.lucene.analyze.mw.sp.AnalyzerTool] (main:) 1:you[8-11]:word
2016-07-18 09:16:29,089 16    INFO  [mycodelearn.undergrowth.lucene.analyze.mw.sp.AnalyzerTool] (main:) 1:thank[12-17]:word
2016-07-18 09:16:29,089 16    INFO  [mycodelearn.undergrowth.lucene.analyze.mw.sp.AnalyzerTool] (main:) 1:you[18-21]:word
2016-07-18 09:18:01,418 0     INFO  [mycodelearn.undergrowth.lucene.analyze.mw.sp.AnalyzerTool] (main:) text:每一个词汇单元都是TokenStream 通过incrementToken获取下一个词汇单元每一个词汇单元都有 CharTermAttribute  OffsetAttribute PositionIncrementAttribute TypeAttribute过滤器处理每一个词汇单元TokenStream	analyzer:mycodelearn.undergrowth.lucene.analyze.mw.sp.SamewordAnalyzer@1ae369b7
2016-07-18 09:18:01,461 43    INFO  [mycodelearn.undergrowth.lucene.analyze.mw.sp.AnalyzerTool] (main:) 1:每一个[0-3]:word
2016-07-18 09:18:01,461 43    INFO  [mycodelearn.undergrowth.lucene.analyze.mw.sp.AnalyzerTool] (main:) 1:词汇[3-5]:word
2016-07-18 09:18:01,461 43    INFO  [mycodelearn.undergrowth.lucene.analyze.mw.sp.AnalyzerTool] (main:) 1:单元[5-7]:word
2016-07-18 09:18:01,461 43    INFO  [mycodelearn.undergrowth.lucene.analyze.mw.sp.AnalyzerTool] (main:) 1:都是[7-9]:word
2016-07-18 09:18:01,461 43    INFO  [mycodelearn.undergrowth.lucene.analyze.mw.sp.AnalyzerTool] (main:) 1:tokenstream[9-20]:word
2016-07-18 09:18:01,461 43    INFO  [mycodelearn.undergrowth.lucene.analyze.mw.sp.AnalyzerTool] (main:) 1:通过[21-23]:word
2016-07-18 09:18:01,461 43    INFO  [mycodelearn.undergrowth.lucene.analyze.mw.sp.AnalyzerTool] (main:) 1:incrementtoken[23-37]:word
2016-07-18 09:18:01,461 43    INFO  [mycodelearn.undergrowth.lucene.analyze.mw.sp.AnalyzerTool] (main:) 1:获取[37-39]:word
2016-07-18 09:18:01,461 43    INFO  [mycodelearn.undergrowth.lucene.analyze.mw.sp.AnalyzerTool] (main:) 1:下一个[39-42]:word
2016-07-18 09:18:01,461 43    INFO  [mycodelearn.undergrowth.lucene.analyze.mw.sp.AnalyzerTool] (main:) 1:词汇[42-44]:word
2016-07-18 09:18:01,461 43    INFO  [mycodelearn.undergrowth.lucene.analyze.mw.sp.AnalyzerTool] (main:) 1:单元[44-46]:word
2016-07-18 09:18:01,461 43    INFO  [mycodelearn.undergrowth.lucene.analyze.mw.sp.AnalyzerTool] (main:) 1:每一个[46-49]:word
2016-07-18 09:18:01,461 43    INFO  [mycodelearn.undergrowth.lucene.analyze.mw.sp.AnalyzerTool] (main:) 1:词汇[49-51]:word
2016-07-18 09:18:01,461 43    INFO  [mycodelearn.undergrowth.lucene.analyze.mw.sp.AnalyzerTool] (main:) 1:单元[51-53]:word
2016-07-18 09:18:01,461 43    INFO  [mycodelearn.undergrowth.lucene.analyze.mw.sp.AnalyzerTool] (main:) 1:都有[53-55]:word
2016-07-18 09:18:01,461 43    INFO  [mycodelearn.undergrowth.lucene.analyze.mw.sp.AnalyzerTool] (main:) 1:chartermattribute[56-73]:word
2016-07-18 09:18:01,461 43    INFO  [mycodelearn.undergrowth.lucene.analyze.mw.sp.AnalyzerTool] (main:) 1:offsetattribute[75-90]:word
2016-07-18 09:18:01,477 59    INFO  [mycodelearn.undergrowth.lucene.analyze.mw.sp.AnalyzerTool] (main:) 1:positionincrementattribute[91-117]:word
2016-07-18 09:18:01,477 59    INFO  [mycodelearn.undergrowth.lucene.analyze.mw.sp.AnalyzerTool] (main:) 1:typeattribute[118-131]:word
2016-07-18 09:18:01,477 59    INFO  [mycodelearn.undergrowth.lucene.analyze.mw.sp.AnalyzerTool] (main:) 1:过滤器[131-134]:word
2016-07-18 09:18:01,477 59    INFO  [mycodelearn.undergrowth.lucene.analyze.mw.sp.AnalyzerTool] (main:) 1:处理[134-136]:word
2016-07-18 09:18:01,477 59    INFO  [mycodelearn.undergrowth.lucene.analyze.mw.sp.AnalyzerTool] (main:) 1:每一个[136-139]:word
2016-07-18 09:18:01,477 59    INFO  [mycodelearn.undergrowth.lucene.analyze.mw.sp.AnalyzerTool] (main:) 1:词汇[139-141]:word
2016-07-18 09:18:01,477 59    INFO  [mycodelearn.undergrowth.lucene.analyze.mw.sp.AnalyzerTool] (main:) 1:单元[141-143]:word
2016-07-18 09:18:01,477 59    INFO  [mycodelearn.undergrowth.lucene.analyze.mw.sp.AnalyzerTool] (main:) 1:tokenstream[143-154]:word
2016-07-18 09:20:38,176 0     INFO  [mycodelearn.undergrowth.lucene.analyze.mw.sp.AnalyzerTool] (main:) text:我处在中华人名共和国	analyzer:mycodelearn.undergrowth.lucene.analyze.mw.sp.SamewordAnalyzer@1ae369b7
2016-07-18 09:20:38,182 6     INFO  [mycodelearn.undergrowth.lucene.analyze.mw.sp.AnalyzerTool] (main:) 1:我[0-1]:word
2016-07-18 09:20:38,182 6     INFO  [mycodelearn.undergrowth.lucene.analyze.mw.sp.AnalyzerTool] (main:) 1:处在[1-3]:word
2016-07-18 09:20:38,182 6     INFO  [mycodelearn.undergrowth.lucene.analyze.mw.sp.AnalyzerTool] (main:) 1:中华[3-5]:word
2016-07-18 09:20:38,182 6     INFO  [mycodelearn.undergrowth.lucene.analyze.mw.sp.AnalyzerTool] (main:) 1:人名[5-7]:word
2016-07-18 09:20:38,182 6     INFO  [mycodelearn.undergrowth.lucene.analyze.mw.sp.AnalyzerTool] (main:) 1:共和国[7-10]:word
2016-07-18 09:21:06,351 0     INFO  [mycodelearn.undergrowth.lucene.analyze.mw.sp.AnalyzerTool] (main:) text:我处在中华人民共和国	analyzer:mycodelearn.undergrowth.lucene.analyze.mw.sp.SamewordAnalyzer@1ae369b7
2016-07-18 09:21:06,363 12    INFO  [mycodelearn.undergrowth.lucene.analyze.mw.sp.AnalyzerTool] (main:) 1:我[0-1]:word
2016-07-18 09:21:06,363 12    INFO  [mycodelearn.undergrowth.lucene.analyze.mw.sp.AnalyzerTool] (main:) 1:处在[1-3]:word
2016-07-18 09:21:06,363 12    INFO  [mycodelearn.undergrowth.lucene.analyze.mw.sp.AnalyzerTool] (main:) 1:中华人民共和国[3-10]:word
2016-07-18 09:24:09,908 0     INFO  [mycodelearn.undergrowth.lucene.analyze.mw.sp.AnalyzerTool] (main:) text:我处在中华人民共和国	analyzer:mycodelearn.undergrowth.lucene.analyze.mw.sp.SamewordAnalyzer@34340fab
2016-07-18 09:24:09,909 1     INFO  [mycodelearn.undergrowth.lucene.analyze.mw.sp.AnalyzerTool] (main:) 1:我[0-1]:word
2016-07-18 09:24:09,909 1     INFO  [mycodelearn.undergrowth.lucene.analyze.mw.sp.AnalyzerTool] (main:) 1:处在[1-3]:word
2016-07-18 09:24:09,909 1     INFO  [mycodelearn.undergrowth.lucene.analyze.mw.sp.AnalyzerTool] (main:) 1:中华人民共和国[3-10]:word
2016-07-18 09:24:09,909 1     INFO  [mycodelearn.undergrowth.lucene.analyze.mw.sp.AnalyzerTool] (main:) text:我处在中华人民共和国	analyzer:org.wltea.analyzer.lucene.IKAnalyzer@1b40d5f0
2016-07-18 09:24:09,926 18    INFO  [mycodelearn.undergrowth.lucene.analyze.mw.sp.AnalyzerTool] (main:) 1:我[0-1]:word
2016-07-18 09:24:09,927 19    INFO  [mycodelearn.undergrowth.lucene.analyze.mw.sp.AnalyzerTool] (main:) 1:处在[1-3]:word
2016-07-18 09:24:09,927 19    INFO  [mycodelearn.undergrowth.lucene.analyze.mw.sp.AnalyzerTool] (main:) 1:中华人民共和国[3-10]:word
2016-07-18 09:27:34,098 0     INFO  [mycodelearn.undergrowth.lucene.analyze.mw.sp.AnalyzerTool] (main:) text:我处在中华人民共和国	analyzer:mycodelearn.undergrowth.lucene.analyze.mw.sp.SamewordAnalyzer@3ab39c39
2016-07-18 09:27:34,119 21    INFO  [mycodelearn.undergrowth.lucene.analyze.mw.sp.AnalyzerTool] (main:) 1:我[0-1]:word
2016-07-18 09:27:34,119 21    INFO  [mycodelearn.undergrowth.lucene.analyze.mw.sp.AnalyzerTool] (main:) 1:处在[1-3]:word
2016-07-18 09:27:34,120 22    INFO  [mycodelearn.undergrowth.lucene.analyze.mw.sp.AnalyzerTool] (main:) 1:中华人民共和国[3-10]:word
2016-07-18 09:27:34,125 27    INFO  [mycodelearn.undergrowth.lucene.analyze.mw.sp.AnalyzerTool] (main:) text:我处在中华人民共和国	analyzer:org.wltea.analyzer.lucene.IKAnalyzer@71c7db30
2016-07-18 09:27:34,126 28    INFO  [mycodelearn.undergrowth.lucene.analyze.mw.sp.AnalyzerTool] (main:) 1:我[0-1]:word
2016-07-18 09:27:34,126 28    INFO  [mycodelearn.undergrowth.lucene.analyze.mw.sp.AnalyzerTool] (main:) 1:处在[1-3]:word
2016-07-18 09:27:34,127 29    INFO  [mycodelearn.undergrowth.lucene.analyze.mw.sp.AnalyzerTool] (main:) 1:中华人民共和国[3-10]:word
2016-07-18 09:28:30,383 0     INFO  [mycodelearn.undergrowth.lucene.analyze.mw.sp.AnalyzerTool] (main:) text:我处在中华人民共和国	analyzer:mycodelearn.undergrowth.lucene.analyze.mw.sp.SamewordAnalyzer@2b80d80f
2016-07-18 09:28:30,407 24    INFO  [mycodelearn.undergrowth.lucene.analyze.mw.sp.AnalyzerTool] (main:) 1:我[0-1]:word
2016-07-18 09:28:30,408 25    INFO  [mycodelearn.undergrowth.lucene.analyze.mw.sp.AnalyzerTool] (main:) 1:处在[1-3]:word
2016-07-18 09:28:30,409 26    INFO  [mycodelearn.undergrowth.lucene.analyze.mw.sp.AnalyzerTool] (main:) 1:中华人民共和国[3-10]:word
2016-07-18 09:28:30,416 33    INFO  [mycodelearn.undergrowth.lucene.analyze.mw.sp.AnalyzerTool] (main:) text:我处在中华人民共和国	analyzer:org.wltea.analyzer.lucene.IKAnalyzer@3c5a99da
2016-07-18 09:28:30,418 35    INFO  [mycodelearn.undergrowth.lucene.analyze.mw.sp.AnalyzerTool] (main:) 1:我[0-1]:word
2016-07-18 09:28:30,420 37    INFO  [mycodelearn.undergrowth.lucene.analyze.mw.sp.AnalyzerTool] (main:) 1:处在[1-3]:word
2016-07-18 09:28:30,421 38    INFO  [mycodelearn.undergrowth.lucene.analyze.mw.sp.AnalyzerTool] (main:) 1:中华人民共和国[3-10]:word
2016-07-18 09:29:03,602 0     INFO  [mycodelearn.undergrowth.lucene.analyze.mw.sp.AnalyzerTool] (main:) text:我处在中华人民共和国	analyzer:mycodelearn.undergrowth.lucene.analyze.mw.sp.SamewordAnalyzer@2aafb23c
2016-07-18 09:29:03,622 20    INFO  [mycodelearn.undergrowth.lucene.analyze.mw.sp.AnalyzerTool] (main:) 1:我[0-1]:word
2016-07-18 09:29:03,622 20    INFO  [mycodelearn.undergrowth.lucene.analyze.mw.sp.AnalyzerTool] (main:) 1:处在[1-3]:word
2016-07-18 09:29:03,622 20    INFO  [mycodelearn.undergrowth.lucene.analyze.mw.sp.AnalyzerTool] (main:) 1:中华人民共和国[3-10]:word
2016-07-18 09:29:03,622 20    INFO  [mycodelearn.undergrowth.lucene.analyze.mw.sp.AnalyzerTool] (main:) text:我处在中华人民共和国	analyzer:org.wltea.analyzer.lucene.IKAnalyzer@ea4a92b
2016-07-18 09:29:03,622 20    INFO  [mycodelearn.undergrowth.lucene.analyze.mw.sp.AnalyzerTool] (main:) 1:我[0-1]:word
2016-07-18 09:29:03,622 20    INFO  [mycodelearn.undergrowth.lucene.analyze.mw.sp.AnalyzerTool] (main:) 1:处在[1-3]:word
2016-07-18 09:29:03,622 20    INFO  [mycodelearn.undergrowth.lucene.analyze.mw.sp.AnalyzerTool] (main:) 1:中华人民共和国[3-10]:word
2016-07-18 09:31:27,513 0     INFO  [mycodelearn.undergrowth.lucene.analyze.mw.sp.AnalyzerTool] (main:) text:how are you thank you	analyzer:mycodelearn.undergrowth.lucene.analyze.mw.sp.SamewordAnalyzer@2aafb23c
2016-07-18 09:31:27,526 13    INFO  [mycodelearn.undergrowth.lucene.analyze.mw.sp.AnalyzerTool] (main:) 1:how[0-3]:word
2016-07-18 09:31:27,527 14    INFO  [mycodelearn.undergrowth.lucene.analyze.mw.sp.AnalyzerTool] (main:) 1:you[8-11]:word
2016-07-18 09:31:27,527 14    INFO  [mycodelearn.undergrowth.lucene.analyze.mw.sp.AnalyzerTool] (main:) 1:thank[12-17]:word
2016-07-18 09:31:27,528 15    INFO  [mycodelearn.undergrowth.lucene.analyze.mw.sp.AnalyzerTool] (main:) 1:you[18-21]:word
2016-07-18 09:31:39,588 0     INFO  [mycodelearn.undergrowth.lucene.analyze.mw.sp.AnalyzerTool] (main:) text:我处在中华人民共和国	analyzer:mycodelearn.undergrowth.lucene.analyze.mw.sp.SamewordAnalyzer@2aafb23c
2016-07-18 09:31:39,603 15    INFO  [mycodelearn.undergrowth.lucene.analyze.mw.sp.AnalyzerTool] (main:) 1:我[0-1]:word
2016-07-18 09:31:39,603 15    INFO  [mycodelearn.undergrowth.lucene.analyze.mw.sp.AnalyzerTool] (main:) 0:me[0-1]:word
2016-07-18 09:31:39,603 15    INFO  [mycodelearn.undergrowth.lucene.analyze.mw.sp.AnalyzerTool] (main:) 0:咱[0-1]:word
2016-07-18 09:31:39,603 15    INFO  [mycodelearn.undergrowth.lucene.analyze.mw.sp.AnalyzerTool] (main:) 1:处在[1-3]:word
2016-07-18 09:31:39,603 15    INFO  [mycodelearn.undergrowth.lucene.analyze.mw.sp.AnalyzerTool] (main:) 1:中华人民共和国[3-10]:word
2016-07-18 09:31:39,603 15    INFO  [mycodelearn.undergrowth.lucene.analyze.mw.sp.AnalyzerTool] (main:) text:我处在中华人民共和国	analyzer:org.wltea.analyzer.lucene.IKAnalyzer@47f37ef1
2016-07-18 09:31:39,603 15    INFO  [mycodelearn.undergrowth.lucene.analyze.mw.sp.AnalyzerTool] (main:) 1:我[0-1]:word
2016-07-18 09:31:39,603 15    INFO  [mycodelearn.undergrowth.lucene.analyze.mw.sp.AnalyzerTool] (main:) 1:处在[1-3]:word
2016-07-18 09:31:39,603 15    INFO  [mycodelearn.undergrowth.lucene.analyze.mw.sp.AnalyzerTool] (main:) 1:中华人民共和国[3-10]:word
2016-07-18 09:32:07,495 0     INFO  [mycodelearn.undergrowth.lucene.analyze.test.sp.SamewordAnalyzerTest] (main:) query:content:我
2016-07-18 09:32:07,506 11    INFO  [mycodelearn.undergrowth.lucene.analyze.test.sp.SamewordAnalyzerTest] (main:) scoreDocs.length:1
2016-07-18 09:32:07,508 13    INFO  [mycodelearn.undergrowth.lucene.analyze.test.sp.SamewordAnalyzerTest] (main:) content:Document<stored,indexed,tokenized<content:我处在中华人民共和国>>
2016-07-18 09:32:19,251 0     INFO  [mycodelearn.undergrowth.lucene.analyze.test.sp.SamewordAnalyzerTest] (main:) query:content:me
2016-07-18 09:32:19,270 19    INFO  [mycodelearn.undergrowth.lucene.analyze.test.sp.SamewordAnalyzerTest] (main:) scoreDocs.length:1
2016-07-18 09:32:19,273 22    INFO  [mycodelearn.undergrowth.lucene.analyze.test.sp.SamewordAnalyzerTest] (main:) content:Document<stored,indexed,tokenized<content:我处在中华人民共和国>>
2016-07-18 09:32:31,737 0     INFO  [mycodelearn.undergrowth.lucene.analyze.test.sp.SamewordAnalyzerTest] (main:) query:content:咱
2016-07-18 09:32:31,752 15    INFO  [mycodelearn.undergrowth.lucene.analyze.test.sp.SamewordAnalyzerTest] (main:) scoreDocs.length:1
2016-07-18 09:32:31,753 16    INFO  [mycodelearn.undergrowth.lucene.analyze.test.sp.SamewordAnalyzerTest] (main:) content:Document<stored,indexed,tokenized<content:我处在中华人民共和国>>
2016-07-18 09:32:51,750 0     INFO  [mycodelearn.undergrowth.lucene.analyze.mw.sp.AnalyzerTool] (main:) text:我处在中华人民共和国	analyzer:mycodelearn.undergrowth.lucene.analyze.mw.sp.SamewordAnalyzer@2aafb23c
2016-07-18 09:32:51,765 15    INFO  [mycodelearn.undergrowth.lucene.analyze.mw.sp.AnalyzerTool] (main:) 1:我[0-1]:word
2016-07-18 09:32:51,765 15    INFO  [mycodelearn.undergrowth.lucene.analyze.mw.sp.AnalyzerTool] (main:) 0:me[0-1]:word
2016-07-18 09:32:51,765 15    INFO  [mycodelearn.undergrowth.lucene.analyze.mw.sp.AnalyzerTool] (main:) 0:咱[0-1]:word
2016-07-18 09:32:51,765 15    INFO  [mycodelearn.undergrowth.lucene.analyze.mw.sp.AnalyzerTool] (main:) 1:处在[1-3]:word
2016-07-18 09:32:51,765 15    INFO  [mycodelearn.undergrowth.lucene.analyze.mw.sp.AnalyzerTool] (main:) 1:中华人民共和国[3-10]:word
2016-07-18 09:32:51,765 15    INFO  [mycodelearn.undergrowth.lucene.analyze.mw.sp.AnalyzerTool] (main:) text:我处在中华人民共和国	analyzer:org.wltea.analyzer.lucene.IKAnalyzer@47f37ef1
2016-07-18 09:32:51,765 15    INFO  [mycodelearn.undergrowth.lucene.analyze.mw.sp.AnalyzerTool] (main:) 1:我[0-1]:word
2016-07-18 09:32:51,765 15    INFO  [mycodelearn.undergrowth.lucene.analyze.mw.sp.AnalyzerTool] (main:) 1:处在[1-3]:word
2016-07-18 09:32:51,765 15    INFO  [mycodelearn.undergrowth.lucene.analyze.mw.sp.AnalyzerTool] (main:) 1:中华人民共和国[3-10]:word
